16360 17:28:02 read(3, "S", 1)          = 1
16360 17:28:02 read(3, "S", 1)          = 1
16360 17:28:02 read(3, "H", 1)          = 1
16360 17:28:02 read(3, "-", 1)          = 1
16360 17:28:02 read(3, "2", 1)          = 1
16360 17:28:02 read(3, ".", 1)          = 1
16360 17:28:02 read(3, "0", 1)          = 1
16360 17:28:02 read(3, "-", 1)          = 1
16360 17:28:02 read(3, "O", 1)          = 1
16360 17:28:02 read(3, "p", 1)          = 1
16360 17:28:02 read(3, "e", 1)          = 1
16360 17:28:02 read(3, "n", 1)          = 1
16360 17:28:02 read(3, "S", 1)          = 1
16360 17:28:02 read(3, "S", 1)          = 1
16360 17:28:02 read(3, "H", 1)          = 1
16360 17:28:02 read(3, "_", 1)          = 1
16360 17:28:02 read(3, "6", 1)          = 1
16360 17:28:02 read(3, ".", 1)          = 1
16360 17:28:02 read(3, "6", 1)          = 1
16360 17:28:02 read(3, ".", 1)          = 1
16360 17:28:02 read(3, "1", 1)          = 1
16360 17:28:02 read(3, "\r", 1)         = 1
16360 17:28:02 read(3, "\n", 1)         = 1
16360 17:28:02 fcntl(3, F_GETFL)        = 0x2 (flags O_RDWR)
16360 17:28:02 fcntl(3, F_SETFL, O_RDWR|O_NONBLOCK) = 0
16360 17:28:02 open("/root/.ssh/known_hosts", O_RDONLY) = 4
16360 17:28:02 fstat(4, {st_mode=S_IFREG|0644, st_size=978, ...}) = 0
16360 17:28:02 mmap(NULL, 4096, PROT_READ|PROT_WRITE, MAP_PRIVATE|MAP_ANONYMOUS, -1, 0) = 0x7fb650c47000
16360 17:28:02 read(4, "github.com,192.30.255.113 ssh-rs"..., 4096) = 978
16360 17:28:02 brk(0)                   = 0x7fb6520f3000
16360 17:28:02 brk(0x7fb652114000)      = 0x7fb652114000
16360 17:28:02 read(4, "", 4096)        = 0
16360 17:28:02 close(4)                 = 0
16360 17:28:02 munmap(0x7fb650c47000, 4096) = 0
16360 17:28:02 open("/root/.ssh/known_hosts2", O_RDONLY) = -1 ENOENT (No such file or directory)
16360 17:28:02 open("/usr/local/openssh/etc/ssh_known_hosts", O_RDONLY) = -1 ENOENT (No such file or directory)
16360 17:28:02 open("/usr/local/openssh/etc/ssh_known_hosts2", O_RDONLY) = -1 ENOENT (No such file or directory)
16360 17:28:02 write(3, "\0\0\5L\5\24O\251\n\357\331)\247|Z@G\342xVN\266\0\0\0010curve2"..., 1360) = 1360
16360 17:28:02 select(4, [3], NULL, NULL, NULL) = 1 (in [3])
16360 17:28:02 read(3, "\0\0\6d\n\24\263\27(*\220\212[{\334Z?\2\16G\266\324\0\0\0\324curve2"..., 8192) = 1640
16360 17:28:02 write(3, "\0\0\0,\6\36\0\0\0 \262X5p~\271\337\343\330s\r\322\242-\\\247C!\362\25 \202"..., 48) = 48
16360 17:28:02 select(4, [3], NULL, NULL, NULL) = 1 (in [3])
16360 17:28:02 read(3, "\0\0\1\4\v\37\0\0\0h\0\0\0\23ecdsa-sha2-nistp25"..., 8192) = 280
16360 17:28:02 open("/root/.ssh/known_hosts", O_RDONLY) = 4
16360 17:28:02 fstat(4, {st_mode=S_IFREG|0644, st_size=978, ...}) = 0
16360 17:28:02 mmap(NULL, 4096, PROT_READ|PROT_WRITE, MAP_PRIVATE|MAP_ANONYMOUS, -1, 0) = 0x7fb650c47000
16360 17:28:02 read(4, "github.com,192.30.255.113 ssh-rs"..., 4096) = 978
16360 17:28:02 read(4, "", 4096)        = 0
16360 17:28:02 close(4)                 = 0
16360 17:28:02 munmap(0x7fb650c47000, 4096) = 0
16360 17:28:02 open("/root/.ssh/known_hosts2", O_RDONLY) = -1 ENOENT (No such file or directory)
16360 17:28:02 open("/usr/local/openssh/etc/ssh_known_hosts", O_RDONLY) = -1 ENOENT (No such file or directory)
16360 17:28:02 open("/usr/local/openssh/etc/ssh_known_hosts2", O_RDONLY) = -1 ENOENT (No such file or directory)
16360 17:28:02 clock_gettime(0x7 /* CLOCK_??? */, {3809835, 828999859}) = 0
16360 17:28:02 write(3, "\0\0\0\f\n\25\0\0\0\0\0\0\0\0\0\0", 16) = 16
16360 17:28:02 write(3, "\215U\203\333@/\225C\333\327L\352\360\234<\27Y\333\0\350\343\263\317\5\304\3173wI\222\225\373"..., 44) = 44
16360 17:28:02 select(4, [3], NULL, NULL, NULL) = 1 (in [3])
16360 17:28:02 read(3, "y\217\"\321\303\224c$\210\255\311\270_}\2615\331)=\271R;\374\22\312*Y\206\317\331\320d"..., 8192) = 44
16360 17:28:02 write(3, "\\\1\f\364L\250\321\264Z\201\207\325\316M:/WU\316~s\231\306\212N\34\t\32\224lZ\257"..., 60) = 60
16360 17:28:02 select(4, [3], NULL, NULL, NULL) = 1 (in [3])
16360 17:28:02 read(3, "s\234\372\306\375\373\333\t^\342\332#\365\317\364\301\251y\0\335%\251f\234\375\204\253\325\323M(\374"..., 8192) = 84
16360 17:28:02 write(3, "\316\307j@\21F\307\213\23284\272\376\317\340\202\371\335iP\27\257'3W\220\\!n\335)0"..., 364) = 364
16360 17:28:02 select(4, [3], NULL, NULL, NULL) = 1 (in [3])
16360 17:28:02 read(3, "L\2207=\352\361@\266Fg\27\2360\27\243\3147%[MUe\213\"f\360\277\r\364\265\303m"..., 8192) = 84
16360 17:28:02 stat("/root/.ssh/id_dsa", 0x7fff4e1829e0) = -1 ENOENT (No such file or directory)
16360 17:28:02 stat("/root/.ssh/id_ecdsa", 0x7fff4e1829e0) = -1 ENOENT (No such file or directory)
16360 17:28:02 stat("/root/.ssh/id_ed25519", 0x7fff4e1829e0) = -1 ENOENT (No such file or directory)
16360 17:28:02 open("/dev/tty", O_RDWR) = 4
16360 17:28:02 close(4)                 = 0
16360 17:28:02 open("/dev/tty", O_RDWR) = 4
16360 17:28:02 ioctl(4, SNDCTL_TMR_TIMEBASE or SNDRV_TIMER_IOCTL_NEXT_DEVICE or TCGETS, {B38400 opost isig icanon echo ...}) = 0
16360 17:28:02 ioctl(4, SNDCTL_TMR_CONTINUE or SNDRV_TIMER_IOCTL_GPARAMS or TCSETSF, {B38400 opost isig icanon -echo ...}) = 0
16360 17:28:02 rt_sigaction(SIGALRM, {0x7fb650cb6370, [], SA_RESTORER, 0x7fb64f7d0250}, {SIG_DFL, [], 0}, 8) = 0
16360 17:28:02 rt_sigaction(SIGHUP, {0x7fb650cb6370, [], SA_RESTORER, 0x7fb64f7d0250}, {SIG_DFL, [], 0}, 8) = 0
16360 17:28:02 rt_sigaction(SIGINT, {0x7fb650cb6370, [], SA_RESTORER, 0x7fb64f7d0250}, {SIG_DFL, [], 0}, 8) = 0
16360 17:28:02 rt_sigaction(SIGPIPE, {0x7fb650cb6370, [], SA_RESTORER, 0x7fb64f7d0250}, {SIG_IGN, [], SA_RESTORER, 0x7fb64f7d0250}, 8) = 0
16360 17:28:02 rt_sigaction(SIGQUIT, {0x7fb650cb6370, [], SA_RESTORER, 0x7fb64f7d0250}, {SIG_DFL, [], 0}, 8) = 0
16360 17:28:02 rt_sigaction(SIGTERM, {0x7fb650cb6370, [], SA_RESTORER, 0x7fb64f7d0250}, {SIG_DFL, [], 0}, 8) = 0
16360 17:28:02 rt_sigaction(SIGTSTP, {0x7fb650cb6370, [], SA_RESTORER, 0x7fb64f7d0250}, {SIG_DFL, [], 0}, 8) = 0
16360 17:28:02 rt_sigaction(SIGTTIN, {0x7fb650cb6370, [], SA_RESTORER, 0x7fb64f7d0250}, {SIG_DFL, [], 0}, 8) = 0
16360 17:28:02 rt_sigaction(SIGTTOU, {0x7fb650cb6370, [], SA_RESTORER, 0x7fb64f7d0250}, {SIG_DFL, [], 0}, 8) = 0
16360 17:28:02 write(4, "root@119.29.40.162's password: ", 31) = 31
16360 17:28:02 read(4, "S", 1)          = 1
16360 17:28:02 read(4, "w", 1)          = 1
16360 17:28:02 read(4, "o", 1)          = 1
16360 17:28:02 read(4, "l", 1)          = 1
16360 17:28:02 read(4, "f", 1)          = 1
16360 17:28:02 read(4, "9", 1)          = 1
16360 17:28:02 read(4, "2", 1)          = 1
16360 17:28:02 read(4, "7", 1)          = 1
16360 17:28:02 read(4, "\n", 1)         = 1
16360 17:28:02 write(4, "\n", 1)        = 1
16360 17:28:02 ioctl(4, SNDCTL_TMR_CONTINUE or SNDRV_TIMER_IOCTL_GPARAMS or TCSETSF, {B38400 opost isig icanon echo ...}) = 0
16360 17:28:02 rt_sigaction(SIGALRM, {SIG_DFL, [], SA_RESTORER, 0x7fb64f7d0250}, NULL, 8) = 0
16360 17:28:02 rt_sigaction(SIGHUP, {SIG_DFL, [], SA_RESTORER, 0x7fb64f7d0250}, NULL, 8) = 0
16360 17:28:02 rt_sigaction(SIGINT, {SIG_DFL, [], SA_RESTORER, 0x7fb64f7d0250}, NULL, 8) = 0
16360 17:28:02 rt_sigaction(SIGQUIT, {SIG_DFL, [], SA_RESTORER, 0x7fb64f7d0250}, NULL, 8) = 0
16360 17:28:02 rt_sigaction(SIGPIPE, {SIG_IGN, [], SA_RESTORER, 0x7fb64f7d0250}, NULL, 8) = 0
16360 17:28:02 rt_sigaction(SIGTERM, {SIG_DFL, [], SA_RESTORER, 0x7fb64f7d0250}, NULL, 8) = 0
16360 17:28:02 rt_sigaction(SIGTSTP, {SIG_DFL, [], SA_RESTORER, 0x7fb64f7d0250}, NULL, 8) = 0
16360 17:28:02 rt_sigaction(SIGTTIN, {SIG_DFL, [], SA_RESTORER, 0x7fb64f7d0250}, NULL, 8) = 0
16360 17:28:02 rt_sigaction(SIGTTOU, {SIG_DFL, [], SA_RESTORER, 0x7fb64f7d0250}, NULL, 8) = 0
16360 17:28:02 close(4)                 = 0
16360 17:28:02 write(3, "\356\237\361y\320@74_\7\337\330i0\237T3\355\2L\373\327\331\361uKh:l\6\205\367"..., 148) = 148
16360 17:28:02 select(4, [3], NULL, NULL, NULL) = 1 (in [3])
16360 17:28:02 read(3, "\262\323\306\230~\24\21\223f\6&Q?\5[\352\224\201\327\302\220\20\273\346B\1\22\3", 8192) = 28
16360 17:28:02 dup(0)                   = 4
16360 17:28:02 dup(1)                   = 5
16360 17:28:02 dup(2)                   = 6
16360 17:28:02 ioctl(4, SNDCTL_TMR_TIMEBASE or SNDRV_TIMER_IOCTL_NEXT_DEVICE or TCGETS, {B38400 opost isig icanon echo ...}) = 0
16360 17:28:02 ioctl(5, SNDCTL_TMR_TIMEBASE or SNDRV_TIMER_IOCTL_NEXT_DEVICE or TCGETS, {B38400 opost isig icanon echo ...}) = 0
16360 17:28:02 ioctl(6, SNDCTL_TMR_TIMEBASE or SNDRV_TIMER_IOCTL_NEXT_DEVICE or TCGETS, {B38400 opost isig icanon echo ...}) = 0
16360 17:28:02 fcntl(4, F_SETFD, FD_CLOEXEC) = 0
16360 17:28:02 fcntl(5, F_SETFD, FD_CLOEXEC) = 0
16360 17:28:02 fcntl(6, F_SETFD, FD_CLOEXEC) = 0
16360 17:28:02 gettimeofday({1507397282, 264498}, NULL) = 0
16360 17:28:02 rt_sigaction(SIGHUP, NULL, {SIG_DFL, [], SA_RESTORER, 0x7fb64f7d0250}, 8) = 0
16360 17:28:02 rt_sigaction(SIGHUP, {SIG_IGN, [], SA_RESTORER, 0x7fb64f7d0250}, NULL, 8) = 0
16360 17:28:02 rt_sigaction(SIGHUP, NULL, {SIG_IGN, [], SA_RESTORER, 0x7fb64f7d0250}, 8) = 0
16360 17:28:02 rt_sigaction(SIGHUP, {0x7fb650c60410, [], SA_RESTORER, 0x7fb64f7d0250}, NULL, 8) = 0
16360 17:28:02 rt_sigaction(SIGINT, NULL, {SIG_DFL, [], SA_RESTORER, 0x7fb64f7d0250}, 8) = 0
16360 17:28:02 rt_sigaction(SIGINT, {SIG_IGN, [], SA_RESTORER, 0x7fb64f7d0250}, NULL, 8) = 0
16360 17:28:02 rt_sigaction(SIGINT, NULL, {SIG_IGN, [], SA_RESTORER, 0x7fb64f7d0250}, 8) = 0
16360 17:28:02 rt_sigaction(SIGINT, {0x7fb650c60410, [], SA_RESTORER, 0x7fb64f7d0250}, NULL, 8) = 0
16360 17:28:02 rt_sigaction(SIGQUIT, NULL, {SIG_DFL, [], SA_RESTORER, 0x7fb64f7d0250}, 8) = 0
16360 17:28:02 rt_sigaction(SIGQUIT, {SIG_IGN, [], SA_RESTORER, 0x7fb64f7d0250}, NULL, 8) = 0
16360 17:28:02 rt_sigaction(SIGQUIT, NULL, {SIG_IGN, [], SA_RESTORER, 0x7fb64f7d0250}, 8) = 0
16360 17:28:02 rt_sigaction(SIGQUIT, {0x7fb650c60410, [], SA_RESTORER, 0x7fb64f7d0250}, NULL, 8) = 0
16360 17:28:02 rt_sigaction(SIGTERM, NULL, {SIG_DFL, [], SA_RESTORER, 0x7fb64f7d0250}, 8) = 0
16360 17:28:02 rt_sigaction(SIGTERM, {SIG_IGN, [], SA_RESTORER, 0x7fb64f7d0250}, NULL, 8) = 0
16360 17:28:02 rt_sigaction(SIGTERM, NULL, {SIG_IGN, [], SA_RESTORER, 0x7fb64f7d0250}, 8) = 0
16360 17:28:02 rt_sigaction(SIGTERM, {0x7fb650c60410, [], SA_RESTORER, 0x7fb64f7d0250}, NULL, 8) = 0
16360 17:28:02 rt_sigaction(SIGWINCH, NULL, {SIG_DFL, [], 0}, 8) = 0
16360 17:28:02 rt_sigaction(SIGWINCH, {0x7fb650c606a0, [], SA_RESTORER, 0x7fb64f7d0250}, NULL, 8) = 0
16360 17:28:02 ioctl(0, SNDCTL_TMR_TIMEBASE or SNDRV_TIMER_IOCTL_NEXT_DEVICE or TCGETS, {B38400 opost isig icanon echo ...}) = 0
16360 17:28:02 ioctl(0, SNDCTL_TMR_STOP or SNDRV_TIMER_IOCTL_GINFO or TCSETSW, {B38400 -opost -isig -icanon -echo ...}) = 0
16360 17:28:02 clock_gettime(0x7 /* CLOCK_??? */, {3809835, 877081419}) = 0
16360 17:28:02 clock_gettime(0x7 /* CLOCK_??? */, {3809835, 877098519}) = 0
16360 17:28:02 select(7, [3], [3], NULL, NULL) = 1 (out [3])
16360 17:28:02 clock_gettime(0x7 /* CLOCK_??? */, {3809835, 877133254}) = 0
16360 17:28:02 write(3, "\v\312\332\334ns\244\317\376j\23 \226f\326P~\376s\326\364\205\362 q(\337\2\203\202V*"..., 112) = 112
16360 17:28:02 clock_gettime(0x7 /* CLOCK_??? */, {3809835, 877202417}) = 0
16360 17:28:02 clock_gettime(0x7 /* CLOCK_??? */, {3809835, 877216535}) = 0
16360 17:28:02 select(7, [3], [], NULL, NULL) = 1 (in [3])
16360 17:28:02 clock_gettime(0x7 /* CLOCK_??? */, {3809835, 886073295}) = 0
16360 17:28:02 read(3, "\312\247\352\26\204\352\3\221\204\255R\361\3\211\324\211\255\302\216\5\263Hb\t\257Z\315\361\217\251\5\31"..., 8192) = 44
16360 17:28:02 getsockopt(3, SOL_TCP, TCP_NODELAY, [0], [4]) = 0
16360 17:28:02 setsockopt(3, SOL_TCP, TCP_NODELAY, [1], 4) = 0
16360 17:28:02 getsockname(3, {sa_family=AF_INET, sin_port=htons(51608), sin_addr=inet_addr("10.135.115.186")}, [16]) = 0
16360 17:28:02 setsockopt(3, SOL_IP, IP_TOS, [16], 4) = 0
16360 17:28:02 ioctl(0, TIOCGWINSZ, {ws_row=25, ws_col=288, ws_xpixel=0, ws_ypixel=0}) = 0
16360 17:28:02 clock_gettime(0x7 /* CLOCK_??? */, {3809835, 886274917}) = 0
16360 17:28:02 clock_gettime(0x7 /* CLOCK_??? */, {3809835, 886289825}) = 0
16360 17:28:02 select(7, [3], [3], NULL, NULL) = 1 (out [3])
16360 17:28:02 clock_gettime(0x7 /* CLOCK_??? */, {3809835, 886357397}) = 0
16360 17:28:02 write(3, "yJ>m\235\7s{\357[o\2317\330\270,G\220\214\202\366\202\22\372x43\347\242\7\2\307"..., 376) = 376
16360 17:28:02 clock_gettime(0x7 /* CLOCK_??? */, {3809835, 886459255}) = 0
16360 17:28:02 clock_gettime(0x7 /* CLOCK_??? */, {3809835, 886480543}) = 0
16360 17:28:02 select(7, [3], [], NULL, NULL) = 1 (in [3])
16360 17:28:02 clock_gettime(0x7 /* CLOCK_??? */, {3809835, 887625986}) = 0
16360 17:28:02 read(3, "\21\326\262C\307\311\215\310`\377S\17\215\5\360\204\r<<\30\336B~\223\255\212\355m\225\320 \264"..., 8192) = 108
16360 17:28:02 clock_gettime(0x7 /* CLOCK_??? */, {3809835, 887671521}) = 0
16360 17:28:02 clock_gettime(0x7 /* CLOCK_??? */, {3809835, 887685289}) = 0
16360 17:28:02 select(7, [3 4], [], NULL, NULL) = 1 (in [3])
16360 17:28:02 clock_gettime(0x7 /* CLOCK_??? */, {3809835, 890797320}) = 0
16360 17:28:02 read(3, "\34@\221\26\thR]\234\246N\265\22\362\366\260Nu7B8'\353C\235\334\335\245^\24F:"..., 8192) = 92
16360 17:28:02 clock_gettime(0x7 /* CLOCK_??? */, {3809835, 890866911}) = 0
16360 17:28:02 clock_gettime(0x7 /* CLOCK_??? */, {3809835, 890881366}) = 0
16360 17:28:02 select(7, [3 4], [5], NULL, NULL) = 1 (out [5])
16360 17:28:02 clock_gettime(0x7 /* CLOCK_??? */, {3809835, 890915563}) = 0
16360 17:28:02 write(5, "Last login: Sun Oct  8 01:23:13 "..., 58) = 58
16360 17:28:02 clock_gettime(0x7 /* CLOCK_??? */, {3809835, 891069446}) = 0
16360 17:28:02 clock_gettime(0x7 /* CLOCK_??? */, {3809835, 891084770}) = 0
16360 17:28:02 select(7, [3 4], [], NULL, NULL) = 1 (in [3])
16360 17:28:02 clock_gettime(0x7 /* CLOCK_??? */, {3809835, 938559605}) = 0
16360 17:28:02 read(3, "\23W\217\00307\307\f\0321d\17)\220\333\23\372X\207W\371\332\237\351\0v\23)fb\342\253"..., 8192) = 76
16360 17:28:02 clock_gettime(0x7 /* CLOCK_??? */, {3809835, 938633888}) = 0
16360 17:28:02 clock_gettime(0x7 /* CLOCK_??? */, {3809835, 938655068}) = 0
16360 17:28:02 select(7, [3 4], [5], NULL, NULL) = 1 (out [5])
16360 17:28:02 clock_gettime(0x7 /* CLOCK_??? */, {3809835, 938708016}) = 0
16360 17:28:02 write(5, "\33[?1034h[root@VM_140_32_centos ~"..., 35) = 35
16360 17:28:02 clock_gettime(0x7 /* CLOCK_??? */, {3809835, 938825611}) = 0
16360 17:28:02 clock_gettime(0x7 /* CLOCK_??? */, {3809835, 938840233}) = 0
16360 17:28:02 select(7, [3 4], [], NULL, NULL) = 1 (in [4])
16360 17:28:30 clock_gettime(0x7 /* CLOCK_??? */, {3809864, 501243515}) = 0
16360 17:28:30 read(4, "i", 16384)      = 1
16360 17:28:30 clock_gettime(0x7 /* CLOCK_??? */, {3809864, 501334278}) = 0
16360 17:28:30 clock_gettime(0x7 /* CLOCK_??? */, {3809864, 501361433}) = 0
16360 17:28:30 select(7, [3 4], [3], NULL, NULL) = 1 (out [3])
16360 17:28:30 clock_gettime(0x7 /* CLOCK_??? */, {3809864, 501420883}) = 0
16360 17:28:30 write(3, "(f\343\353\tYO\322.d\"\317\20\3143\205t2]Q\340\301G\3\333\246c\205\310if\375"..., 36) = 36
16360 17:28:30 clock_gettime(0x7 /* CLOCK_??? */, {3809864, 501505812}) = 0
16360 17:28:30 clock_gettime(0x7 /* CLOCK_??? */, {3809864, 501530818}) = 0
16360 17:28:30 select(7, [3 4], [], NULL, NULL) = 1 (in [3])
16360 17:28:30 clock_gettime(0x7 /* CLOCK_??? */, {3809864, 502146674}) = 0
16360 17:28:30 read(3, "P\205\266\37:\211{\272e\275\36\16e\353\230c\363\301\372M\352\177'\3m\246cT?\337\332A"..., 8192) = 36
16360 17:28:30 clock_gettime(0x7 /* CLOCK_??? */, {3809864, 502213086}) = 0
16360 17:28:30 clock_gettime(0x7 /* CLOCK_??? */, {3809864, 502239286}) = 0
16360 17:28:30 select(7, [3 4], [5], NULL, NULL) = 1 (out [5])
16360 17:28:30 clock_gettime(0x7 /* CLOCK_??? */, {3809864, 502297284}) = 0
16360 17:28:30 write(5, "i", 1)         = 1
16360 17:28:30 clock_gettime(0x7 /* CLOCK_??? */, {3809864, 502400418}) = 0
16360 17:28:30 clock_gettime(0x7 /* CLOCK_??? */, {3809864, 502425804}) = 0
16360 17:28:30 select(7, [3 4], [], NULL, NULL) = 1 (in [4])
16360 17:28:30 clock_gettime(0x7 /* CLOCK_??? */, {3809864, 602174854}) = 0
16360 17:28:30 read(4, "f", 16384)      = 1
16360 17:28:30 clock_gettime(0x7 /* CLOCK_??? */, {3809864, 602226429}) = 0
16360 17:28:30 clock_gettime(0x7 /* CLOCK_??? */, {3809864, 602240224}) = 0
16360 17:28:30 select(7, [3 4], [3], NULL, NULL) = 1 (out [3])
16360 17:28:30 clock_gettime(0x7 /* CLOCK_??? */, {3809864, 602273630}) = 0
16360 17:28:30 write(3, "\235\244#\320\302\352E\177j\37X\270\20\344\252\301y\0376Lg:{\214\341\3644\344V\32\260!"..., 36) = 36
16360 17:28:30 clock_gettime(0x7 /* CLOCK_??? */, {3809864, 602348187}) = 0
16360 17:28:30 clock_gettime(0x7 /* CLOCK_??? */, {3809864, 602362162}) = 0
16360 17:28:30 select(7, [3 4], [], NULL, NULL) = 1 (in [3])
16360 17:28:30 clock_gettime(0x7 /* CLOCK_??? */, {3809864, 602919907}) = 0
16360 17:28:30 read(3, "\334\177\354Y\246\250APG\3621\252\262\6\16MACQ\236\25\0177\3004<\361\302Y\322\10{"..., 8192) = 36
16360 17:28:30 clock_gettime(0x7 /* CLOCK_??? */, {3809864, 603029450}) = 0
16360 17:28:30 clock_gettime(0x7 /* CLOCK_??? */, {3809864, 603046873}) = 0
16360 17:28:30 select(7, [3 4], [5], NULL, NULL) = 1 (out [5])
16360 17:28:30 clock_gettime(0x7 /* CLOCK_??? */, {3809864, 603079571}) = 0
16360 17:28:30 write(5, "f", 1)         = 1
16360 17:28:30 clock_gettime(0x7 /* CLOCK_??? */, {3809864, 603148311}) = 0
16360 17:28:30 clock_gettime(0x7 /* CLOCK_??? */, {3809864, 603162313}) = 0
16360 17:28:30 select(7, [3 4], [], NULL, NULL) = 1 (in [4])
16360 17:28:31 clock_gettime(0x7 /* CLOCK_??? */, {3809864, 945778670}) = 0
16360 17:28:31 read(4, "c", 16384)      = 1
16360 17:28:31 clock_gettime(0x7 /* CLOCK_??? */, {3809864, 945854990}) = 0
16360 17:28:31 clock_gettime(0x7 /* CLOCK_??? */, {3809864, 945876427}) = 0
16360 17:28:31 select(7, [3 4], [3], NULL, NULL) = 1 (out [3])
16360 17:28:31 clock_gettime(0x7 /* CLOCK_??? */, {3809864, 945928486}) = 0
16360 17:28:31 write(3, "\332`r\371v\337\325\270?I\233<\250/\335\302^\36;0X\372\307\336ql%Hl\226\366\207"..., 36) = 36
16360 17:28:31 clock_gettime(0x7 /* CLOCK_??? */, {3809864, 945993282}) = 0
16360 17:28:31 clock_gettime(0x7 /* CLOCK_??? */, {3809864, 946027492}) = 0
16360 17:28:31 select(7, [3 4], [], NULL, NULL) = 1 (in [3])
16360 17:28:31 clock_gettime(0x7 /* CLOCK_??? */, {3809864, 946572100}) = 0
16360 17:28:31 read(3, "\224e\314\303/\343\1\20\334Xm\331\322\271(CVR^UT$M\r@~>3\251\23*\321"..., 8192) = 36
16360 17:28:31 clock_gettime(0x7 /* CLOCK_??? */, {3809864, 946614141}) = 0
16360 17:28:31 clock_gettime(0x7 /* CLOCK_??? */, {3809864, 946632006}) = 0
16360 17:28:31 select(7, [3 4], [5], NULL, NULL) = 1 (out [5])
16360 17:28:31 clock_gettime(0x7 /* CLOCK_??? */, {3809864, 946673931}) = 0
16360 17:28:31 write(5, "c", 1)         = 1
16360 17:28:31 clock_gettime(0x7 /* CLOCK_??? */, {3809864, 946737787}) = 0
16360 17:28:31 clock_gettime(0x7 /* CLOCK_??? */, {3809864, 946751983}) = 0
16360 17:28:31 select(7, [3 4], [], NULL, NULL) = 1 (in [4])
16360 17:28:31 clock_gettime(0x7 /* CLOCK_??? */, {3809864, 994782351}) = 0
16360 17:28:31 read(4, "o", 16384)      = 1
16360 17:28:31 clock_gettime(0x7 /* CLOCK_??? */, {3809864, 994832093}) = 0
16360 17:28:31 clock_gettime(0x7 /* CLOCK_??? */, {3809864, 994846024}) = 0
16360 17:28:31 select(7, [3 4], [3], NULL, NULL) = 1 (out [3])
16360 17:28:31 clock_gettime(0x7 /* CLOCK_??? */, {3809864, 994891389}) = 0
16360 17:28:31 write(3, "=\345d\204\266np\245\16\206\f]\277F\376\"\335\245)9\272|\220\252\274=\2618\16*\222\253"..., 36) = 36
16360 17:28:31 clock_gettime(0x7 /* CLOCK_??? */, {3809864, 994951168}) = 0
16360 17:28:31 clock_gettime(0x7 /* CLOCK_??? */, {3809864, 994965301}) = 0
16360 17:28:31 select(7, [3 4], [], NULL, NULL) = 1 (in [3])
16360 17:28:31 clock_gettime(0x7 /* CLOCK_??? */, {3809864, 995641257}) = 0
16360 17:28:31 read(3, "\366|\254QE*\264\226\f8\330\337\1=\\x\234\2054\303F\361(\f\3064\266\342\323\266\375@"..., 8192) = 36
16360 17:28:31 clock_gettime(0x7 /* CLOCK_??? */, {3809864, 995708167}) = 0
16360 17:28:31 clock_gettime(0x7 /* CLOCK_??? */, {3809864, 995727224}) = 0
16360 17:28:31 select(7, [3 4], [5], NULL, NULL) = 1 (out [5])
16360 17:28:31 clock_gettime(0x7 /* CLOCK_??? */, {3809864, 995789535}) = 0
16360 17:28:31 write(5, "o", 1)         = 1
16360 17:28:31 clock_gettime(0x7 /* CLOCK_??? */, {3809864, 995859494}) = 0
16360 17:28:31 clock_gettime(0x7 /* CLOCK_??? */, {3809864, 995882469}) = 0
16360 17:28:31 select(7, [3 4], [], NULL, NULL) = 1 (in [4])
16360 17:28:31 clock_gettime(0x7 /* CLOCK_??? */, {3809865, 168255783}) = 0
16360 17:28:31 read(4, "n", 16384)      = 1
16360 17:28:31 clock_gettime(0x7 /* CLOCK_??? */, {3809865, 168338925}) = 0
16360 17:28:31 clock_gettime(0x7 /* CLOCK_??? */, {3809865, 168363848}) = 0
16360 17:28:31 select(7, [3 4], [3], NULL, NULL) = 1 (out [3])
16360 17:28:31 clock_gettime(0x7 /* CLOCK_??? */, {3809865, 168419245}) = 0
16360 17:28:31 write(3, "hM\320\r{\265\353\212R4a\252\6\316\276>\327\23\7\233H\210\331\301\376.\227\34\3169\212:"..., 36) = 36
16360 17:28:31 clock_gettime(0x7 /* CLOCK_??? */, {3809865, 168489025}) = 0
16360 17:28:31 clock_gettime(0x7 /* CLOCK_??? */, {3809865, 168508386}) = 0
16360 17:28:31 select(7, [3 4], [], NULL, NULL) = 1 (in [3])
16360 17:28:31 clock_gettime(0x7 /* CLOCK_??? */, {3809865, 169127921}) = 0
16360 17:28:31 read(3, "3\312\230\311\25\326\310~:\\C\214\1\325\257\343n\236\305\t\3177\251\363\207o\5\255ThI\356"..., 8192) = 36
16360 17:28:31 clock_gettime(0x7 /* CLOCK_??? */, {3809865, 169165406}) = 0
16360 17:28:31 clock_gettime(0x7 /* CLOCK_??? */, {3809865, 169178704}) = 0
16360 17:28:31 select(7, [3 4], [5], NULL, NULL) = 1 (out [5])
16360 17:28:31 clock_gettime(0x7 /* CLOCK_??? */, {3809865, 169210544}) = 0
16360 17:28:31 write(5, "n", 1)         = 1
16360 17:28:31 clock_gettime(0x7 /* CLOCK_??? */, {3809865, 169277987}) = 0
16360 17:28:31 clock_gettime(0x7 /* CLOCK_??? */, {3809865, 169291882}) = 0
16360 17:28:31 select(7, [3 4], [], NULL, NULL) = 1 (in [4])
16360 17:28:31 clock_gettime(0x7 /* CLOCK_??? */, {3809865, 311734834}) = 0
16360 17:28:31 read(4, "f", 16384)      = 1
16360 17:28:31 clock_gettime(0x7 /* CLOCK_??? */, {3809865, 311791859}) = 0
16360 17:28:31 clock_gettime(0x7 /* CLOCK_??? */, {3809865, 311806892}) = 0
16360 17:28:31 select(7, [3 4], [3], NULL, NULL) = 1 (out [3])
16360 17:28:31 clock_gettime(0x7 /* CLOCK_??? */, {3809865, 311840869}) = 0
16360 17:28:31 write(3, "\363\254\275\324\36\2042\316C^\301\257\333\315\360\273\32\347f\203\237\231\253\371\261\302\270\266)\316MV"..., 36) = 36
16360 17:28:31 clock_gettime(0x7 /* CLOCK_??? */, {3809865, 311892420}) = 0
16360 17:28:31 clock_gettime(0x7 /* CLOCK_??? */, {3809865, 311906010}) = 0
16360 17:28:31 select(7, [3 4], [], NULL, NULL) = 1 (in [3])
16360 17:28:31 clock_gettime(0x7 /* CLOCK_??? */, {3809865, 312571395}) = 0
16360 17:28:31 read(3, "\306\10\327\203\235\364\265k&\377)\202\354\241\336o\340g\332D\225\207\220a\221\244\236\302\236\333e\35"..., 8192) = 36
16360 17:28:31 clock_gettime(0x7 /* CLOCK_??? */, {3809865, 312615547}) = 0
16360 17:28:31 clock_gettime(0x7 /* CLOCK_??? */, {3809865, 312634163}) = 0
16360 17:28:31 select(7, [3 4], [5], NULL, NULL) = 1 (out [5])
16360 17:28:31 clock_gettime(0x7 /* CLOCK_??? */, {3809865, 312671810}) = 0
16360 17:28:31 write(5, "f", 1)         = 1
16360 17:28:31 clock_gettime(0x7 /* CLOCK_??? */, {3809865, 312742695}) = 0
16360 17:28:31 clock_gettime(0x7 /* CLOCK_??? */, {3809865, 312756718}) = 0
16360 17:28:31 select(7, [3 4], [], NULL, NULL) = 1 (in [4])
16360 17:28:31 clock_gettime(0x7 /* CLOCK_??? */, {3809865, 401370301}) = 0
16360 17:28:31 read(4, "i", 16384)      = 1
16360 17:28:31 clock_gettime(0x7 /* CLOCK_??? */, {3809865, 401447828}) = 0
16360 17:28:31 clock_gettime(0x7 /* CLOCK_??? */, {3809865, 401461811}) = 0
16360 17:28:31 select(7, [3 4], [3], NULL, NULL) = 1 (out [3])
16360 17:28:31 clock_gettime(0x7 /* CLOCK_??? */, {3809865, 401495863}) = 0
16360 17:28:31 write(3, "$7\221E*<\222\201\323\177#\251\322\360\334\352i{Ju\240b\355\256\r/\334\216\370\375\344\216"..., 36) = 36
16360 17:28:31 clock_gettime(0x7 /* CLOCK_??? */, {3809865, 401547943}) = 0
16360 17:28:31 clock_gettime(0x7 /* CLOCK_??? */, {3809865, 401567006}) = 0
16360 17:28:31 select(7, [3 4], [], NULL, NULL) = 1 (in [3])
16360 17:28:31 clock_gettime(0x7 /* CLOCK_??? */, {3809865, 402102806}) = 0
16360 17:28:31 read(3, "\2124y\306\1\3175AL\213\307\307\372\270\26\6\317\302\227U\177\3%w<j\3109\247d50"..., 8192) = 36
16360 17:28:31 clock_gettime(0x7 /* CLOCK_??? */, {3809865, 402152614}) = 0
16360 17:28:31 clock_gettime(0x7 /* CLOCK_??? */, {3809865, 402180178}) = 0
16360 17:28:31 select(7, [3 4], [5], NULL, NULL) = 1 (out [5])
16360 17:28:31 clock_gettime(0x7 /* CLOCK_??? */, {3809865, 402257311}) = 0
16360 17:28:31 write(5, "i", 1)         = 1
16360 17:28:31 clock_gettime(0x7 /* CLOCK_??? */, {3809865, 402337441}) = 0
16360 17:28:31 clock_gettime(0x7 /* CLOCK_??? */, {3809865, 402351719}) = 0
16360 17:28:31 select(7, [3 4], [], NULL, NULL) = 1 (in [4])
16360 17:28:31 clock_gettime(0x7 /* CLOCK_??? */, {3809865, 525227069}) = 0
16360 17:28:31 read(4, "g", 16384)      = 1
16360 17:28:31 clock_gettime(0x7 /* CLOCK_??? */, {3809865, 525288034}) = 0
16360 17:28:31 clock_gettime(0x7 /* CLOCK_??? */, {3809865, 525302648}) = 0
16360 17:28:31 select(7, [3 4], [3], NULL, NULL) = 1 (out [3])
16360 17:28:31 clock_gettime(0x7 /* CLOCK_??? */, {3809865, 525336322}) = 0
16360 17:28:31 write(3, "}T\317\1\277&\320\350\0253\3557\231\207h\236Q\22\355~=eS\377\226\32~\6\303\304\266\306"..., 36) = 36
16360 17:28:31 clock_gettime(0x7 /* CLOCK_??? */, {3809865, 525387179}) = 0
16360 17:28:31 clock_gettime(0x7 /* CLOCK_??? */, {3809865, 525400777}) = 0
16360 17:28:31 select(7, [3 4], [], NULL, NULL) = 1 (in [3])
16360 17:28:31 clock_gettime(0x7 /* CLOCK_??? */, {3809865, 526114102}) = 0
16360 17:28:31 read(3, "T\367\6dY\277\341\370A\371\30\246\331\3g\307M-\33P\34dx\235(\314c\351\224d\277D"..., 8192) = 36
16360 17:28:31 clock_gettime(0x7 /* CLOCK_??? */, {3809865, 526174387}) = 0
16360 17:28:31 clock_gettime(0x7 /* CLOCK_??? */, {3809865, 526189131}) = 0
16360 17:28:31 select(7, [3 4], [5], NULL, NULL) = 1 (out [5])
16360 17:28:31 clock_gettime(0x7 /* CLOCK_??? */, {3809865, 526223940}) = 0
16360 17:28:31 write(5, "g", 1)         = 1
16360 17:28:31 clock_gettime(0x7 /* CLOCK_??? */, {3809865, 526328749}) = 0
16360 17:28:31 clock_gettime(0x7 /* CLOCK_??? */, {3809865, 526344672}) = 0
16360 17:28:31 select(7, [3 4], [], NULL, NULL) = 1 (in [4])
16360 17:28:32 clock_gettime(0x7 /* CLOCK_??? */, {3809865, 708758970}) = 0
16360 17:28:32 read(4, "\r", 16384)     = 1
16360 17:28:32 clock_gettime(0x7 /* CLOCK_??? */, {3809865, 708808273}) = 0
16360 17:28:32 clock_gettime(0x7 /* CLOCK_??? */, {3809865, 708822583}) = 0
16360 17:28:32 select(7, [3 4], [3], NULL, NULL) = 1 (out [3])
16360 17:28:32 clock_gettime(0x7 /* CLOCK_??? */, {3809865, 708856235}) = 0
16360 17:28:32 write(3, "\3P\373\324\373\363\ni\265\351\r\221tm\2\277\210e\214A\n\264\324\217\270 \260\20!\266@\364"..., 36) = 36
16360 17:28:32 clock_gettime(0x7 /* CLOCK_??? */, {3809865, 708922661}) = 0
16360 17:28:32 clock_gettime(0x7 /* CLOCK_??? */, {3809865, 708937130}) = 0
16360 17:28:32 select(7, [3 4], [], NULL, NULL) = 1 (in [3])
16360 17:28:32 clock_gettime(0x7 /* CLOCK_??? */, {3809865, 709946309}) = 0
16360 17:28:32 read(3, "\263\307\372\27\215\177\217\22\331\0\222\t\365\263(xf{\372\241\272\370\372v\256Q\322\245\37\26%_"..., 8192) = 36
16360 17:28:32 clock_gettime(0x7 /* CLOCK_??? */, {3809865, 709996318}) = 0
16360 17:28:32 clock_gettime(0x7 /* CLOCK_??? */, {3809865, 710040140}) = 0
16360 17:28:32 select(7, [3 4], [5], NULL, NULL) = 1 (out [5])
16360 17:28:32 clock_gettime(0x7 /* CLOCK_??? */, {3809865, 710075975}) = 0
16360 17:28:32 write(5, "\r\n", 2)      = 2
16360 17:28:32 clock_gettime(0x7 /* CLOCK_??? */, {3809865, 710146888}) = 0
16360 17:28:32 clock_gettime(0x7 /* CLOCK_??? */, {3809865, 710160987}) = 0
16360 17:28:32 select(7, [3 4], [], NULL, NULL) = 1 (in [3])
16360 17:28:32 clock_gettime(0x7 /* CLOCK_??? */, {3809865, 711563530}) = 0
16360 17:28:32 read(3, "2\230%Z\2\32\350\240\5\367\346\324W\20\272\0057\341\250\272\23\270\247\221\10]O\336\345\320\215e"..., 8192) = 836
16360 17:28:32 clock_gettime(0x7 /* CLOCK_??? */, {3809865, 711643717}) = 0
16360 17:28:32 clock_gettime(0x7 /* CLOCK_??? */, {3809865, 711673120}) = 0
16360 17:28:32 select(7, [3 4], [5], NULL, NULL) = 1 (out [5])
16360 17:28:32 clock_gettime(0x7 /* CLOCK_??? */, {3809865, 711726392}) = 0
16360 17:28:32 write(5, "eth0: flags=4163<UP,BROADCAST,RU"..., 799) = 799
16360 17:28:32 clock_gettime(0x7 /* CLOCK_??? */, {3809865, 711963723}) = 0
16360 17:28:32 clock_gettime(0x7 /* CLOCK_??? */, {3809865, 711997761}) = 0
16360 17:28:32 select(7, [3 4], [], NULL, NULL) = 1 (in [4])
16360 17:28:33 clock_gettime(0x7 /* CLOCK_??? */, {3809867, 7238639}) = 0
16360 17:28:33 read(4, "c", 16384)      = 1
16360 17:28:33 clock_gettime(0x7 /* CLOCK_??? */, {3809867, 7285434}) = 0
16360 17:28:33 clock_gettime(0x7 /* CLOCK_??? */, {3809867, 7299227}) = 0
16360 17:28:33 select(7, [3 4], [3], NULL, NULL) = 1 (out [3])
16360 17:28:33 clock_gettime(0x7 /* CLOCK_??? */, {3809867, 7340852}) = 0
16360 17:28:33 write(3, "K\372\3531\10\340\307ao@L]\354\253}H1\2305\267\3052Y\337\233\261b=\224wl\364"..., 36) = 36
16360 17:28:33 clock_gettime(0x7 /* CLOCK_??? */, {3809867, 7398303}) = 0
16360 17:28:33 clock_gettime(0x7 /* CLOCK_??? */, {3809867, 7411930}) = 0
16360 17:28:33 select(7, [3 4], [], NULL, NULL) = 1 (in [3])
16360 17:28:33 clock_gettime(0x7 /* CLOCK_??? */, {3809867, 8067585}) = 0
16360 17:28:33 read(3, "jA\332\332\264\263\233\2649\247)2\357\325\247\313\365I\322%\213<\233\v\243\17\252\3326\34;\345"..., 8192) = 36
16360 17:28:33 clock_gettime(0x7 /* CLOCK_??? */, {3809867, 8106518}) = 0
16360 17:28:33 clock_gettime(0x7 /* CLOCK_??? */, {3809867, 8120873}) = 0
16360 17:28:33 select(7, [3 4], [5], NULL, NULL) = 1 (out [5])
16360 17:28:33 clock_gettime(0x7 /* CLOCK_??? */, {3809867, 8164546}) = 0
16360 17:28:33 write(5, "c", 1)         = 1
16360 17:28:33 clock_gettime(0x7 /* CLOCK_??? */, {3809867, 8239823}) = 0
16360 17:28:33 clock_gettime(0x7 /* CLOCK_??? */, {3809867, 8254309}) = 0
16360 17:28:33 select(7, [3 4], [], NULL, NULL) = 1 (in [4])
16360 17:28:33 clock_gettime(0x7 /* CLOCK_??? */, {3809867, 117708302}) = 0
16360 17:28:33 read(4, "l", 16384)      = 1
16360 17:28:33 clock_gettime(0x7 /* CLOCK_??? */, {3809867, 117755133}) = 0
16360 17:28:33 clock_gettime(0x7 /* CLOCK_??? */, {3809867, 117768963}) = 0
16360 17:28:33 select(7, [3 4], [3], NULL, NULL) = 1 (out [3])
16360 17:28:33 clock_gettime(0x7 /* CLOCK_??? */, {3809867, 117802301}) = 0
16360 17:28:33 write(3, "0\207\235y\353aU!D\372\312x\3722\17\234\nQ\1\323sQB\16\302\216@\204P\376\353\244"..., 36) = 36
16360 17:28:33 clock_gettime(0x7 /* CLOCK_??? */, {3809867, 117855746}) = 0
16360 17:28:33 clock_gettime(0x7 /* CLOCK_??? */, {3809867, 117869511}) = 0
16360 17:28:33 select(7, [3 4], [], NULL, NULL) = 1 (in [3])
16360 17:28:33 clock_gettime(0x7 /* CLOCK_??? */, {3809867, 118618434}) = 0
16360 17:28:33 read(3, "u\267\275\235G\17*\252\274\314\10\364\251\371\267\255\2\267\3672:\r\302\332ps\224xU\243!\210"..., 8192) = 36
16360 17:28:33 clock_gettime(0x7 /* CLOCK_??? */, {3809867, 118655302}) = 0
16360 17:28:33 clock_gettime(0x7 /* CLOCK_??? */, {3809867, 118668687}) = 0
16360 17:28:33 select(7, [3 4], [5], NULL, NULL) = 1 (out [5])
16360 17:28:33 clock_gettime(0x7 /* CLOCK_??? */, {3809867, 118700974}) = 0
16360 17:28:33 write(5, "l", 1)         = 1
16360 17:28:33 clock_gettime(0x7 /* CLOCK_??? */, {3809867, 118765916}) = 0
16360 17:28:33 clock_gettime(0x7 /* CLOCK_??? */, {3809867, 118780067}) = 0
16360 17:28:33 select(7, [3 4], [], NULL, NULL) = 1 (in [4])
16360 17:28:33 clock_gettime(0x7 /* CLOCK_??? */, {3809867, 271756327}) = 0
16360 17:28:33 read(4, "e", 16384)      = 1
16360 17:28:33 clock_gettime(0x7 /* CLOCK_??? */, {3809867, 271838856}) = 0
16360 17:28:33 clock_gettime(0x7 /* CLOCK_??? */, {3809867, 271859193}) = 0
16360 17:28:33 select(7, [3 4], [3], NULL, NULL) = 1 (out [3])
16360 17:28:33 clock_gettime(0x7 /* CLOCK_??? */, {3809867, 271894123}) = 0
16360 17:28:33 write(3, "\332\360\370L\365p\16#Z\31\375]b\20Y\212\32\355\363'\200x\265 ?o\217^^\222\361P"..., 36) = 36
16360 17:28:33 clock_gettime(0x7 /* CLOCK_??? */, {3809867, 271946659}) = 0
16360 17:28:33 clock_gettime(0x7 /* CLOCK_??? */, {3809867, 271960515}) = 0
16360 17:28:33 select(7, [3 4], [], NULL, NULL) = 1 (in [3])
16360 17:28:33 clock_gettime(0x7 /* CLOCK_??? */, {3809867, 272622014}) = 0
16360 17:28:33 read(3, ")b@\216\327\ts\266{N\367B\3Y\2756\\\362v\177\263\26\240\215\275\343\2201H\277\275S"..., 8192) = 36
16360 17:28:33 clock_gettime(0x7 /* CLOCK_??? */, {3809867, 272661641}) = 0
16360 17:28:33 clock_gettime(0x7 /* CLOCK_??? */, {3809867, 272693056}) = 0
16360 17:28:33 select(7, [3 4], [5], NULL, NULL) = 1 (out [5])
16360 17:28:33 clock_gettime(0x7 /* CLOCK_??? */, {3809867, 272744769}) = 0
16360 17:28:33 write(5, "e", 1)         = 1
16360 17:28:33 clock_gettime(0x7 /* CLOCK_??? */, {3809867, 272814949}) = 0
16360 17:28:33 clock_gettime(0x7 /* CLOCK_??? */, {3809867, 272829257}) = 0
16360 17:28:33 select(7, [3 4], [], NULL, NULL) = 1 (in [4])
16360 17:28:33 clock_gettime(0x7 /* CLOCK_??? */, {3809867, 482242048}) = 0
16360 17:28:33 read(4, "a", 16384)      = 1
16360 17:28:33 clock_gettime(0x7 /* CLOCK_??? */, {3809867, 482326669}) = 0
16360 17:28:33 clock_gettime(0x7 /* CLOCK_??? */, {3809867, 482355334}) = 0
16360 17:28:33 select(7, [3 4], [3], NULL, NULL) = 1 (out [3])
16360 17:28:33 clock_gettime(0x7 /* CLOCK_??? */, {3809867, 482391556}) = 0
16360 17:28:33 write(3, "\216\363\230\333:L\206\207t\2026\272\216\206\340\320h\245_:\263\22\311T\310Hs\240\225\n\24\31"..., 36) = 36
16360 17:28:33 clock_gettime(0x7 /* CLOCK_??? */, {3809867, 482461763}) = 0
16360 17:28:33 clock_gettime(0x7 /* CLOCK_??? */, {3809867, 482484096}) = 0
16360 17:28:33 select(7, [3 4], [], NULL, NULL) = 1 (in [3])
16360 17:28:33 clock_gettime(0x7 /* CLOCK_??? */, {3809867, 483069415}) = 0
16360 17:28:33 read(3, "B\34\315\6d\232\206O\242\266\245\373\\B\201{l!\f\250e\321\223d\32\35#bU\352\3539"..., 8192) = 36
16360 17:28:33 clock_gettime(0x7 /* CLOCK_??? */, {3809867, 483110645}) = 0
16360 17:28:33 clock_gettime(0x7 /* CLOCK_??? */, {3809867, 483124631}) = 0
16360 17:28:33 select(7, [3 4], [5], NULL, NULL) = 1 (out [5])
16360 17:28:33 clock_gettime(0x7 /* CLOCK_??? */, {3809867, 483158566}) = 0
16360 17:28:33 write(5, "a", 1)         = 1
16360 17:28:33 clock_gettime(0x7 /* CLOCK_??? */, {3809867, 483229028}) = 0
16360 17:28:33 clock_gettime(0x7 /* CLOCK_??? */, {3809867, 483243123}) = 0
16360 17:28:33 select(7, [3 4], [], NULL, NULL) = 1 (in [4])
16360 17:28:34 clock_gettime(0x7 /* CLOCK_??? */, {3809867, 637268019}) = 0
16360 17:28:34 read(4, "r", 16384)      = 1
16360 17:28:34 clock_gettime(0x7 /* CLOCK_??? */, {3809867, 637339388}) = 0
16360 17:28:34 clock_gettime(0x7 /* CLOCK_??? */, {3809867, 637368278}) = 0
16360 17:28:34 select(7, [3 4], [3], NULL, NULL) = 1 (out [3])
16360 17:28:34 clock_gettime(0x7 /* CLOCK_??? */, {3809867, 637423559}) = 0
16360 17:28:34 write(3, "h,\32l'\361dq\341u\323K<{\256\326E\31y\265`\321\206` 0<I_:^\260"..., 36) = 36
16360 17:28:34 clock_gettime(0x7 /* CLOCK_??? */, {3809867, 637507196}) = 0
16360 17:28:34 clock_gettime(0x7 /* CLOCK_??? */, {3809867, 637532822}) = 0
16360 17:28:34 select(7, [3 4], [], NULL, NULL) = 1 (in [3])
16360 17:28:34 clock_gettime(0x7 /* CLOCK_??? */, {3809867, 638123942}) = 0
16360 17:28:34 read(3, "\376\253Tn\322\320\377\n\307[CE\215LK\230(\273\356\231\204\301\207\254:\313\333D-\203y\341"..., 8192) = 36
16360 17:28:34 clock_gettime(0x7 /* CLOCK_??? */, {3809867, 638163964}) = 0
16360 17:28:34 clock_gettime(0x7 /* CLOCK_??? */, {3809867, 638177353}) = 0
16360 17:28:34 select(7, [3 4], [5], NULL, NULL) = 1 (out [5])
16360 17:28:34 clock_gettime(0x7 /* CLOCK_??? */, {3809867, 638210182}) = 0
16360 17:28:34 write(5, "r", 1)         = 1
16360 17:28:34 clock_gettime(0x7 /* CLOCK_??? */, {3809867, 638291055}) = 0
16360 17:28:34 clock_gettime(0x7 /* CLOCK_??? */, {3809867, 638314975}) = 0
16360 17:28:34 select(7, [3 4], [], NULL, NULL) = 1 (in [4])
16360 17:28:34 clock_gettime(0x7 /* CLOCK_??? */, {3809868, 112587830}) = 0
16360 17:28:34 read(4, "\r", 16384)     = 1
16360 17:28:34 clock_gettime(0x7 /* CLOCK_??? */, {3809868, 112715960}) = 0
16360 17:28:34 clock_gettime(0x7 /* CLOCK_??? */, {3809868, 112741325}) = 0
16360 17:28:34 select(7, [3 4], [3], NULL, NULL) = 1 (out [3])
16360 17:28:34 clock_gettime(0x7 /* CLOCK_??? */, {3809868, 112808116}) = 0
16360 17:28:34 write(3, "\2045\346\240gP\337\274\335\313I\315\307\22\253-9s\337\333\311\270\247s\36\22M\f\221\305:\347"..., 36) = 36
16360 17:28:34 clock_gettime(0x7 /* CLOCK_??? */, {3809868, 112881951}) = 0
16360 17:28:34 clock_gettime(0x7 /* CLOCK_??? */, {3809868, 112910366}) = 0
16360 17:28:34 select(7, [3 4], [], NULL, NULL) = 1 (in [3])
16360 17:28:34 clock_gettime(0x7 /* CLOCK_??? */, {3809868, 113874068}) = 0
16360 17:28:34 read(3, "\230\254b9W\f\277+b\210\253x\225s*\16\365\221\343r>s\370\267\272;2\215\372\262c\355"..., 8192) = 36
16360 17:28:34 clock_gettime(0x7 /* CLOCK_??? */, {3809868, 113917963}) = 0
16360 17:28:34 clock_gettime(0x7 /* CLOCK_??? */, {3809868, 113933893}) = 0
16360 17:28:34 select(7, [3 4], [5], NULL, NULL) = 1 (out [5])
16360 17:28:34 clock_gettime(0x7 /* CLOCK_??? */, {3809868, 114018563}) = 0
16360 17:28:34 write(5, "\r\n", 2)      = 2
16360 17:28:34 clock_gettime(0x7 /* CLOCK_??? */, {3809868, 114121194}) = 0
16360 17:28:34 clock_gettime(0x7 /* CLOCK_??? */, {3809868, 114135866}) = 0
16360 17:28:34 select(7, [3 4], [], NULL, NULL) = 1 (in [3])
16360 17:28:34 clock_gettime(0x7 /* CLOCK_??? */, {3809868, 168613583}) = 0
16360 17:28:34 read(3, "d\347#.V\226R\177\\Qp?h\222\367\237\247_\370mo*\376\252\216\374\207lz\222\252Z"..., 8192) = 76
16360 17:28:34 clock_gettime(0x7 /* CLOCK_??? */, {3809868, 168667006}) = 0
16360 17:28:34 clock_gettime(0x7 /* CLOCK_??? */, {3809868, 168680956}) = 0
16360 17:28:34 select(7, [3 4], [5], NULL, NULL) = 1 (out [5])
16360 17:28:34 clock_gettime(0x7 /* CLOCK_??? */, {3809868, 168716279}) = 0
16360 17:28:34 write(5, "\33[3;J\33[H\33[2J[root@VM_140_32_cent"..., 39) = 39
16360 17:28:34 clock_gettime(0x7 /* CLOCK_??? */, {3809868, 168825202}) = 0
16360 17:28:34 clock_gettime(0x7 /* CLOCK_??? */, {3809868, 168841224}) = 0
16360 17:28:34 select(7, [3 4], [], NULL, NULL) = 1 (in [4])
16360 17:28:35 clock_gettime(0x7 /* CLOCK_??? */, {3809868, 933744166}) = 0
16360 17:28:35 read(4, "e", 16384)      = 1
16360 17:28:35 clock_gettime(0x7 /* CLOCK_??? */, {3809868, 933798906}) = 0
16360 17:28:35 clock_gettime(0x7 /* CLOCK_??? */, {3809868, 933813077}) = 0
16360 17:28:35 select(7, [3 4], [3], NULL, NULL) = 1 (out [3])
16360 17:28:35 clock_gettime(0x7 /* CLOCK_??? */, {3809868, 933846582}) = 0
16360 17:28:35 write(3, "\377\331{\357\0164\256\21AmR\347\322\200\242\201e\373\253\315:Q7}\326+\233\227n\266}\363"..., 36) = 36
16360 17:28:35 clock_gettime(0x7 /* CLOCK_??? */, {3809868, 933903109}) = 0
16360 17:28:35 clock_gettime(0x7 /* CLOCK_??? */, {3809868, 933916958}) = 0
16360 17:28:35 select(7, [3 4], [], NULL, NULL) = 1 (in [3])
16360 17:28:35 clock_gettime(0x7 /* CLOCK_??? */, {3809868, 934535998}) = 0
16360 17:28:35 read(3, "j\236S\355\361\n\242i\\\35\3405\220_QJ\202\23k\v\311*\317\5w+\362]\0205\264\341"..., 8192) = 36
16360 17:28:35 clock_gettime(0x7 /* CLOCK_??? */, {3809868, 934572078}) = 0
16360 17:28:35 clock_gettime(0x7 /* CLOCK_??? */, {3809868, 934585504}) = 0
16360 17:28:35 select(7, [3 4], [5], NULL, NULL) = 1 (out [5])
16360 17:28:35 clock_gettime(0x7 /* CLOCK_??? */, {3809868, 934620182}) = 0
16360 17:28:35 write(5, "e", 1)         = 1
16360 17:28:35 clock_gettime(0x7 /* CLOCK_??? */, {3809868, 934691932}) = 0
16360 17:28:35 clock_gettime(0x7 /* CLOCK_??? */, {3809868, 934711383}) = 0
16360 17:28:35 select(7, [3 4], [], NULL, NULL) = 1 (in [4])
16360 17:28:35 clock_gettime(0x7 /* CLOCK_??? */, {3809869, 156245753}) = 0
16360 17:28:35 read(4, "x", 16384)      = 1
16360 17:28:35 clock_gettime(0x7 /* CLOCK_??? */, {3809869, 156292503}) = 0
16360 17:28:35 clock_gettime(0x7 /* CLOCK_??? */, {3809869, 156306329}) = 0
16360 17:28:35 select(7, [3 4], [3], NULL, NULL) = 1 (out [3])
16360 17:28:35 clock_gettime(0x7 /* CLOCK_??? */, {3809869, 156350940}) = 0
16360 17:28:35 write(3, "\307\267tf\27n\201d\205D\236\7\217\273\5b\257\0369\301l\21\320\34\356\277\246\311\264\344\344\351"..., 36) = 36
16360 17:28:35 clock_gettime(0x7 /* CLOCK_??? */, {3809869, 156416673}) = 0
16360 17:28:35 clock_gettime(0x7 /* CLOCK_??? */, {3809869, 156439647}) = 0
16360 17:28:35 select(7, [3 4], [], NULL, NULL) = 1 (in [3])
16360 17:28:35 clock_gettime(0x7 /* CLOCK_??? */, {3809869, 157051478}) = 0
16360 17:28:35 read(3, "\344\25\307S\261U\262\31Q\242\265\212\236ge\304\362\244\210`.[n\221I\247x\275\322e&\201"..., 8192) = 36
16360 17:28:35 clock_gettime(0x7 /* CLOCK_??? */, {3809869, 157122470}) = 0
16360 17:28:35 clock_gettime(0x7 /* CLOCK_??? */, {3809869, 157136208}) = 0
16360 17:28:35 select(7, [3 4], [5], NULL, NULL) = 1 (out [5])
16360 17:28:35 clock_gettime(0x7 /* CLOCK_??? */, {3809869, 157179080}) = 0
16360 17:28:35 write(5, "x", 1)         = 1
16360 17:28:35 clock_gettime(0x7 /* CLOCK_??? */, {3809869, 157251826}) = 0
16360 17:28:35 clock_gettime(0x7 /* CLOCK_??? */, {3809869, 157266156}) = 0
16360 17:28:35 select(7, [3 4], [], NULL, NULL) = 1 (in [4])
16360 17:28:35 clock_gettime(0x7 /* CLOCK_??? */, {3809869, 262711105}) = 0
16360 17:28:35 read(4, "i", 16384)      = 1
16360 17:28:35 clock_gettime(0x7 /* CLOCK_??? */, {3809869, 262807079}) = 0
16360 17:28:35 clock_gettime(0x7 /* CLOCK_??? */, {3809869, 262828908}) = 0
16360 17:28:35 select(7, [3 4], [3], NULL, NULL) = 1 (out [3])
16360 17:28:35 clock_gettime(0x7 /* CLOCK_??? */, {3809869, 262869021}) = 0
16360 17:28:35 write(3, "\212\256\320\263\346\250\316\370\247\233a\354\205\3612\210\334\337\215$\320\tUq\32\353op_\v-l"..., 36) = 36
16360 17:28:35 clock_gettime(0x7 /* CLOCK_??? */, {3809869, 262921237}) = 0
16360 17:28:35 clock_gettime(0x7 /* CLOCK_??? */, {3809869, 262935557}) = 0
16360 17:28:35 select(7, [3 4], [], NULL, NULL) = 1 (in [3])
16360 17:28:35 clock_gettime(0x7 /* CLOCK_??? */, {3809869, 263566232}) = 0
16360 17:28:35 read(3, "\26\312\240k\214@\376\260 3\331\353\340bC\275O\343\204\v\2526m\300\313\27\357\370@%\201\34"..., 8192) = 36
16360 17:28:35 clock_gettime(0x7 /* CLOCK_??? */, {3809869, 263604207}) = 0
16360 17:28:35 clock_gettime(0x7 /* CLOCK_??? */, {3809869, 263627500}) = 0
16360 17:28:35 select(7, [3 4], [5], NULL, NULL) = 1 (out [5])
16360 17:28:35 clock_gettime(0x7 /* CLOCK_??? */, {3809869, 263660309}) = 0
16360 17:28:35 write(5, "i", 1)         = 1
16360 17:28:35 clock_gettime(0x7 /* CLOCK_??? */, {3809869, 263735704}) = 0
16360 17:28:35 clock_gettime(0x7 /* CLOCK_??? */, {3809869, 263750419}) = 0
16360 17:28:35 select(7, [3 4], [], NULL, NULL) = 1 (in [4])
16360 17:28:35 clock_gettime(0x7 /* CLOCK_??? */, {3809869, 389217597}) = 0
16360 17:28:35 read(4, "t", 16384)      = 1
16360 17:28:35 clock_gettime(0x7 /* CLOCK_??? */, {3809869, 389266832}) = 0
16360 17:28:35 clock_gettime(0x7 /* CLOCK_??? */, {3809869, 389280629}) = 0
16360 17:28:35 select(7, [3 4], [3], NULL, NULL) = 1 (out [3])
16360 17:28:35 clock_gettime(0x7 /* CLOCK_??? */, {3809869, 389327522}) = 0
16360 17:28:35 write(3, "\216\340\21\34\350u\372\231H\337\322\201s\371BvQ\253\331H\215\206\242me\232MW\264\331\354\363"..., 36) = 36
16360 17:28:35 clock_gettime(0x7 /* CLOCK_??? */, {3809869, 389395639}) = 0
16360 17:28:35 clock_gettime(0x7 /* CLOCK_??? */, {3809869, 389417792}) = 0
16360 17:28:35 select(7, [3 4], [], NULL, NULL) = 1 (in [3])
16360 17:28:35 clock_gettime(0x7 /* CLOCK_??? */, {3809869, 390022332}) = 0
16360 17:28:35 read(3, "\307%\341\224U\246\243\217N\211\301\315\322*\210\1\347\206ru\365\205\260\200\222\221vb)\31\277\351"..., 8192) = 36
16360 17:28:35 clock_gettime(0x7 /* CLOCK_??? */, {3809869, 390074442}) = 0
16360 17:28:35 clock_gettime(0x7 /* CLOCK_??? */, {3809869, 390088215}) = 0
16360 17:28:35 select(7, [3 4], [5], NULL, NULL) = 1 (out [5])
16360 17:28:35 clock_gettime(0x7 /* CLOCK_??? */, {3809869, 390121677}) = 0
16360 17:28:35 write(5, "t", 1)         = 1
16360 17:28:35 clock_gettime(0x7 /* CLOCK_??? */, {3809869, 390197023}) = 0
16360 17:28:35 clock_gettime(0x7 /* CLOCK_??? */, {3809869, 390220108}) = 0
16360 17:28:35 select(7, [3 4], [], NULL, NULL) = 1 (in [4])
16360 17:28:35 clock_gettime(0x7 /* CLOCK_??? */, {3809869, 537257033}) = 0
16360 17:28:35 read(4, "\r", 16384)     = 1
16360 17:28:35 clock_gettime(0x7 /* CLOCK_??? */, {3809869, 537327044}) = 0
16360 17:28:35 clock_gettime(0x7 /* CLOCK_??? */, {3809869, 537348591}) = 0
16360 17:28:35 select(7, [3 4], [3], NULL, NULL) = 1 (out [3])
16360 17:28:35 clock_gettime(0x7 /* CLOCK_??? */, {3809869, 537388808}) = 0
16360 17:28:35 write(3, "\32/5\336\276\240\251CdYK\311\216\252\235\24c\356(H\227i\254G]\274j\250+\316\2063"..., 36) = 36
16360 17:28:35 clock_gettime(0x7 /* CLOCK_??? */, {3809869, 537488582}) = 0
16360 17:28:35 clock_gettime(0x7 /* CLOCK_??? */, {3809869, 537504284}) = 0
16360 17:28:35 select(7, [3 4], [], NULL, NULL) = 1 (in [3])
16360 17:28:35 clock_gettime(0x7 /* CLOCK_??? */, {3809869, 538888486}) = 0
16360 17:28:35 read(3, "}e\314l\360\210[\376\327\261V\2306%\2641\375\27g\313\223@iSd\276\276\10\263\3255*"..., 8192) = 220
16360 17:28:35 close(4)                 = 0
16360 17:28:35 clock_gettime(0x7 /* CLOCK_??? */, {3809869, 539021200}) = 0
16360 17:28:35 clock_gettime(0x7 /* CLOCK_??? */, {3809869, 539036298}) = 0
16360 17:28:35 select(7, [3], [5], NULL, NULL) = 1 (out [5])
16360 17:28:35 clock_gettime(0x7 /* CLOCK_??? */, {3809869, 539076435}) = 0
16360 17:28:35 write(5, "\r\nlogout\r\n", 10) = 10
16360 17:28:35 clock_gettime(0x7 /* CLOCK_??? */, {3809869, 539166130}) = 0
16360 17:28:35 clock_gettime(0x7 /* CLOCK_??? */, {3809869, 539184441}) = 0
16360 17:28:35 close(5)                 = 0
16360 17:28:35 ioctl(0, SNDCTL_TMR_STOP or SNDRV_TIMER_IOCTL_GINFO or TCSETSW, {B38400 opost isig icanon echo ...}) = 0
16360 17:28:35 close(6)                 = 0
16360 17:28:35 select(7, [3], [3], NULL, NULL) = 1 (out [3])
16360 17:28:35 clock_gettime(0x7 /* CLOCK_??? */, {3809869, 539294680}) = 0
16360 17:28:35 write(3, "<\212\271h\345\205nm)v\272\346r{\24\316wWHe\247\250\310?\326K([\270(S\6"..., 36) = 36
16360 17:28:35 rt_sigaction(SIGWINCH, NULL, {0x7fb650c606a0, [], SA_RESTORER, 0x7fb64f7d0250}, 8) = 0
16360 17:28:35 rt_sigaction(SIGWINCH, {SIG_DFL, [], SA_RESTORER, 0x7fb64f7d0250}, NULL, 8) = 0
16360 17:28:35 write(3, "\337\34\354x\220L\304U\307{\276;\226x)\325\5\320\311p\367\330Q\316\316\270\236\5I\316\177\253"..., 60) = 60
16360 17:28:35 ioctl(0, SNDCTL_TMR_TIMEBASE or SNDRV_TIMER_IOCTL_NEXT_DEVICE or TCGETS, {B38400 opost isig icanon echo ...}) = 0
16360 17:28:35 ioctl(1, SNDCTL_TMR_TIMEBASE or SNDRV_TIMER_IOCTL_NEXT_DEVICE or TCGETS, {B38400 opost isig icanon echo ...}) = 0
16360 17:28:35 ioctl(2, SNDCTL_TMR_TIMEBASE or SNDRV_TIMER_IOCTL_NEXT_DEVICE or TCGETS, {B38400 opost isig icanon echo ...}) = 0
16360 17:28:35 write(2, "Connection to 119.29.40.162 clos"..., 37) = 37
16360 17:28:35 gettimeofday({1507397315, 927318}, NULL) = 0
16360 17:28:35 close(3)                 = 0
16360 17:28:35 exit_group(0)            = ?
16360 17:28:35 +++ exited with 0 +++
