15905 17:23:13 select(4, [3], NULL, NULL, NULL) = 1 (in [3])
15905 17:23:13 read(3, "\0\0\1\4\t\37\0\0\0h\0\0\0\23ecdsa-sha2-nistp25"..., 8192) = 280
15905 17:23:13 open("/root/.ssh/known_hosts", O_RDONLY) = 4
15905 17:23:13 fstat(4, {st_mode=S_IFREG|0644, st_size=978, ...}) = 0
15905 17:23:13 mmap(NULL, 4096, PROT_READ|PROT_WRITE, MAP_PRIVATE|MAP_ANONYMOUS, -1, 0) = 0x7facd3da1000
15905 17:23:13 read(4, "github.com,192.30.255.113 ssh-rs"..., 4096) = 978
15905 17:23:13 read(4, "", 4096)        = 0
15905 17:23:13 close(4)                 = 0
15905 17:23:13 munmap(0x7facd3da1000, 4096) = 0
15905 17:23:13 open("/root/.ssh/known_hosts2", O_RDONLY) = -1 ENOENT (No such file or directory)
15905 17:23:13 open("/usr/local/openssh/etc/ssh_known_hosts", O_RDONLY) = -1 ENOENT (No such file or directory)
15905 17:23:13 open("/usr/local/openssh/etc/ssh_known_hosts2", O_RDONLY) = -1 ENOENT (No such file or directory)
15905 17:23:13 clock_gettime(0x7 /* CLOCK_??? */, {3809546, 865799602}) = 0
15905 17:23:13 write(3, "\0\0\0\f\n\25\0\0\0\0\0\0\0\0\0\0", 16) = 16
15905 17:23:13 write(3, "B\330\375s\325\177\320\345p\321\203\216\365\201\200\335_\251\177\37\346\264\244\247\22\222\16\2605\202)\246"..., 44) = 44
15905 17:23:13 select(4, [3], NULL, NULL, NULL) = 1 (in [3])
15905 17:23:13 read(3, "r\\\352\375|\37\0\303\221\212\256\241C\305\230?\223G\206\364\r\306\360\3270\326\274\231\204J;\301"..., 8192) = 44
15905 17:23:13 write(3, "\341\263\214\274\271.\304\0213Z:9\272Grj\214_o\342|\312o\3029\1\10\272u\2154\345"..., 60) = 60
15905 17:23:13 select(4, [3], NULL, NULL, NULL) = 1 (in [3])
15905 17:23:13 read(3, "\3047\5\215\340\375d\340C\353\0258\"\r\346;9\270\232S\245\270\351\233\243\271\n\r\357\273\21'"..., 8192) = 84
15905 17:23:13 write(3, "Q`\270\2147\270\237\344\206\361{\263 \177j\3062\3105&\347A#\246\300\311\35\347\364\236L7"..., 364) = 364
15905 17:23:13 select(4, [3], NULL, NULL, NULL) = 1 (in [3])
15905 17:23:13 read(3, "\364@j\336\206*F\213[\265\353\177_^\177\256\212bH\345\253\257lc\245\341t\3070\222\353\267"..., 8192) = 84
15905 17:23:13 stat("/root/.ssh/id_dsa", 0x7ffe05494720) = -1 ENOENT (No such file or directory)
15905 17:23:13 stat("/root/.ssh/id_ecdsa", 0x7ffe05494720) = -1 ENOENT (No such file or directory)
15905 17:23:13 stat("/root/.ssh/id_ed25519", 0x7ffe05494720) = -1 ENOENT (No such file or directory)
15905 17:23:13 open("/dev/tty", O_RDWR) = 4
15905 17:23:13 close(4)                 = 0
15905 17:23:13 open("/dev/tty", O_RDWR) = 4
15905 17:23:13 ioctl(4, SNDCTL_TMR_TIMEBASE or SNDRV_TIMER_IOCTL_NEXT_DEVICE or TCGETS, {B38400 opost isig icanon echo ...}) = 0
15905 17:23:13 ioctl(4, SNDCTL_TMR_CONTINUE or SNDRV_TIMER_IOCTL_GPARAMS or TCSETSF, {B38400 opost isig icanon -echo ...}) = 0
15905 17:23:13 rt_sigaction(SIGALRM, {0x7facd3e10370, [], SA_RESTORER, 0x7facd292a250}, {SIG_DFL, [], 0}, 8) = 0
15905 17:23:13 rt_sigaction(SIGHUP, {0x7facd3e10370, [], SA_RESTORER, 0x7facd292a250}, {SIG_DFL, [], 0}, 8) = 0
15905 17:23:13 rt_sigaction(SIGINT, {0x7facd3e10370, [], SA_RESTORER, 0x7facd292a250}, {SIG_DFL, [], 0}, 8) = 0
15905 17:23:13 rt_sigaction(SIGPIPE, {0x7facd3e10370, [], SA_RESTORER, 0x7facd292a250}, {SIG_IGN, [], SA_RESTORER, 0x7facd292a250}, 8) = 0
15905 17:23:13 rt_sigaction(SIGQUIT, {0x7facd3e10370, [], SA_RESTORER, 0x7facd292a250}, {SIG_DFL, [], 0}, 8) = 0
15905 17:23:13 rt_sigaction(SIGTERM, {0x7facd3e10370, [], SA_RESTORER, 0x7facd292a250}, {SIG_DFL, [], 0}, 8) = 0
15905 17:23:13 rt_sigaction(SIGTSTP, {0x7facd3e10370, [], SA_RESTORER, 0x7facd292a250}, {SIG_DFL, [], 0}, 8) = 0
15905 17:23:13 rt_sigaction(SIGTTIN, {0x7facd3e10370, [], SA_RESTORER, 0x7facd292a250}, {SIG_DFL, [], 0}, 8) = 0
15905 17:23:13 rt_sigaction(SIGTTOU, {0x7facd3e10370, [], SA_RESTORER, 0x7facd292a250}, {SIG_DFL, [], 0}, 8) = 0
15905 17:23:13 write(4, "root@119.29.40.162's password: ", 31) = 31
15905 17:23:13 read(4, "S", 1)          = 1
15905 17:23:13 read(4, "w", 1)          = 1
15905 17:23:13 read(4, "o", 1)          = 1
15905 17:23:13 read(4, "l", 1)          = 1
15905 17:23:13 read(4, "f", 1)          = 1
15905 17:23:13 read(4, "9", 1)          = 1
15905 17:23:13 read(4, "2", 1)          = 1
15905 17:23:13 read(4, "7", 1)          = 1
15905 17:23:13 read(4, "\n", 1)         = 1
15905 17:23:13 write(4, "\n", 1)        = 1
15905 17:23:13 ioctl(4, SNDCTL_TMR_CONTINUE or SNDRV_TIMER_IOCTL_GPARAMS or TCSETSF, {B38400 opost isig icanon echo ...}) = 0
15905 17:23:13 rt_sigaction(SIGALRM, {SIG_DFL, [], SA_RESTORER, 0x7facd292a250}, NULL, 8) = 0
15905 17:23:13 rt_sigaction(SIGHUP, {SIG_DFL, [], SA_RESTORER, 0x7facd292a250}, NULL, 8) = 0
15905 17:23:13 rt_sigaction(SIGINT, {SIG_DFL, [], SA_RESTORER, 0x7facd292a250}, NULL, 8) = 0
15905 17:23:13 rt_sigaction(SIGQUIT, {SIG_DFL, [], SA_RESTORER, 0x7facd292a250}, NULL, 8) = 0
15905 17:23:13 rt_sigaction(SIGPIPE, {SIG_IGN, [], SA_RESTORER, 0x7facd292a250}, NULL, 8) = 0
15905 17:23:13 rt_sigaction(SIGTERM, {SIG_DFL, [], SA_RESTORER, 0x7facd292a250}, NULL, 8) = 0
15905 17:23:13 rt_sigaction(SIGTSTP, {SIG_DFL, [], SA_RESTORER, 0x7facd292a250}, NULL, 8) = 0
15905 17:23:13 rt_sigaction(SIGTTIN, {SIG_DFL, [], SA_RESTORER, 0x7facd292a250}, NULL, 8) = 0
15905 17:23:13 rt_sigaction(SIGTTOU, {SIG_DFL, [], SA_RESTORER, 0x7facd292a250}, NULL, 8) = 0
15905 17:23:13 close(4)                 = 0
15905 17:23:13 write(3, "$\255g&9\340\264\v~\177O7\355\376\324M9ow!\220d\223\205)\376vU\277A\n\354"..., 148) = 148
15905 17:23:13 select(4, [3], NULL, NULL, NULL) = 1 (in [3])
15905 17:23:13 read(3, "pF\376\356\337c#\356\304\276\200l\24t\263^\213\300qzB\244_\271Ixz\17", 8192) = 28
15905 17:23:13 dup(0)                   = 4
15905 17:23:13 dup(1)                   = 5
15905 17:23:13 dup(2)                   = 6
15905 17:23:13 ioctl(4, SNDCTL_TMR_TIMEBASE or SNDRV_TIMER_IOCTL_NEXT_DEVICE or TCGETS, {B38400 opost isig icanon echo ...}) = 0
15905 17:23:13 ioctl(5, SNDCTL_TMR_TIMEBASE or SNDRV_TIMER_IOCTL_NEXT_DEVICE or TCGETS, {B38400 opost isig icanon echo ...}) = 0
15905 17:23:13 ioctl(6, SNDCTL_TMR_TIMEBASE or SNDRV_TIMER_IOCTL_NEXT_DEVICE or TCGETS, {B38400 opost isig icanon echo ...}) = 0
15905 17:23:13 fcntl(4, F_SETFD, FD_CLOEXEC) = 0
15905 17:23:13 fcntl(5, F_SETFD, FD_CLOEXEC) = 0
15905 17:23:13 fcntl(6, F_SETFD, FD_CLOEXEC) = 0
15905 17:23:13 gettimeofday({1507396993, 302163}, NULL) = 0
15905 17:23:13 rt_sigaction(SIGHUP, NULL, {SIG_DFL, [], SA_RESTORER, 0x7facd292a250}, 8) = 0
15905 17:23:13 rt_sigaction(SIGHUP, {SIG_IGN, [], SA_RESTORER, 0x7facd292a250}, NULL, 8) = 0
15905 17:23:13 rt_sigaction(SIGHUP, NULL, {SIG_IGN, [], SA_RESTORER, 0x7facd292a250}, 8) = 0
15905 17:23:13 rt_sigaction(SIGHUP, {0x7facd3dba410, [], SA_RESTORER, 0x7facd292a250}, NULL, 8) = 0
15905 17:23:13 rt_sigaction(SIGINT, NULL, {SIG_DFL, [], SA_RESTORER, 0x7facd292a250}, 8) = 0
15905 17:23:13 rt_sigaction(SIGINT, {SIG_IGN, [], SA_RESTORER, 0x7facd292a250}, NULL, 8) = 0
15905 17:23:13 rt_sigaction(SIGINT, NULL, {SIG_IGN, [], SA_RESTORER, 0x7facd292a250}, 8) = 0
15905 17:23:13 rt_sigaction(SIGINT, {0x7facd3dba410, [], SA_RESTORER, 0x7facd292a250}, NULL, 8) = 0
15905 17:23:13 rt_sigaction(SIGQUIT, NULL, {SIG_DFL, [], SA_RESTORER, 0x7facd292a250}, 8) = 0
15905 17:23:13 rt_sigaction(SIGQUIT, {SIG_IGN, [], SA_RESTORER, 0x7facd292a250}, NULL, 8) = 0
15905 17:23:13 rt_sigaction(SIGQUIT, NULL, {SIG_IGN, [], SA_RESTORER, 0x7facd292a250}, 8) = 0
15905 17:23:13 rt_sigaction(SIGQUIT, {0x7facd3dba410, [], SA_RESTORER, 0x7facd292a250}, NULL, 8) = 0
15905 17:23:13 rt_sigaction(SIGTERM, NULL, {SIG_DFL, [], SA_RESTORER, 0x7facd292a250}, 8) = 0
15905 17:23:13 rt_sigaction(SIGTERM, {SIG_IGN, [], SA_RESTORER, 0x7facd292a250}, NULL, 8) = 0
15905 17:23:13 rt_sigaction(SIGTERM, NULL, {SIG_IGN, [], SA_RESTORER, 0x7facd292a250}, 8) = 0
15905 17:23:13 rt_sigaction(SIGTERM, {0x7facd3dba410, [], SA_RESTORER, 0x7facd292a250}, NULL, 8) = 0
15905 17:23:13 rt_sigaction(SIGWINCH, NULL, {SIG_DFL, [], 0}, 8) = 0
15905 17:23:13 rt_sigaction(SIGWINCH, {0x7facd3dba6a0, [], SA_RESTORER, 0x7facd292a250}, NULL, 8) = 0
15905 17:23:13 ioctl(0, SNDCTL_TMR_TIMEBASE or SNDRV_TIMER_IOCTL_NEXT_DEVICE or TCGETS, {B38400 opost isig icanon echo ...}) = 0
15905 17:23:13 ioctl(0, SNDCTL_TMR_STOP or SNDRV_TIMER_IOCTL_GINFO or TCSETSW, {B38400 -opost -isig -icanon -echo ...}) = 0
15905 17:23:13 clock_gettime(0x7 /* CLOCK_??? */, {3809546, 914862666}) = 0
15905 17:23:13 clock_gettime(0x7 /* CLOCK_??? */, {3809546, 914887830}) = 0
15905 17:23:13 select(7, [3], [3], NULL, NULL) = 1 (out [3])
15905 17:23:13 clock_gettime(0x7 /* CLOCK_??? */, {3809546, 914936739}) = 0
15905 17:23:13 write(3, "\36\230\5Fd\272\267\376\265{\f\322\333\377K\345#)M\237\34\336<\r y\207\237\247W\237^"..., 112) = 112
15905 17:23:13 clock_gettime(0x7 /* CLOCK_??? */, {3809546, 914996311}) = 0
15905 17:23:13 clock_gettime(0x7 /* CLOCK_??? */, {3809546, 915037191}) = 0
15905 17:23:13 select(7, [3], [], NULL, NULL) = 1 (in [3])
15905 17:23:13 clock_gettime(0x7 /* CLOCK_??? */, {3809546, 921804446}) = 0
15905 17:23:13 read(3, "\345$;\1\240S\f4p6f\307\240\205\35\217:?\301v\345\255=\265\327D\3752\356W\313\245"..., 8192) = 44
15905 17:23:13 getsockopt(3, SOL_TCP, TCP_NODELAY, [0], [4]) = 0
15905 17:23:13 setsockopt(3, SOL_TCP, TCP_NODELAY, [1], 4) = 0
15905 17:23:13 getsockname(3, {sa_family=AF_INET, sin_port=htons(51462), sin_addr=inet_addr("10.135.115.186")}, [16]) = 0
15905 17:23:13 setsockopt(3, SOL_IP, IP_TOS, [16], 4) = 0
15905 17:23:13 ioctl(0, TIOCGWINSZ, {ws_row=25, ws_col=288, ws_xpixel=0, ws_ypixel=0}) = 0
15905 17:23:13 clock_gettime(0x7 /* CLOCK_??? */, {3809546, 922133398}) = 0
15905 17:23:13 clock_gettime(0x7 /* CLOCK_??? */, {3809546, 922159831}) = 0
15905 17:23:13 select(7, [3], [3], NULL, NULL) = 1 (out [3])
15905 17:23:13 clock_gettime(0x7 /* CLOCK_??? */, {3809546, 922240464}) = 0
15905 17:23:13 write(3, "\0021I`b\325g!\206\10\311&\3\30\221\364:\242\201[i_\325\0200j0\272\371\n\201\333"..., 376) = 376
15905 17:23:13 clock_gettime(0x7 /* CLOCK_??? */, {3809546, 922353719}) = 0
15905 17:23:13 clock_gettime(0x7 /* CLOCK_??? */, {3809546, 922379876}) = 0
15905 17:23:13 select(7, [3], [], NULL, NULL) = 1 (in [3])
15905 17:23:13 clock_gettime(0x7 /* CLOCK_??? */, {3809546, 923981511}) = 0
15905 17:23:13 read(3, "\203\226\370I\245e\367^\255\302$\331*\276U\324\0219~E0V\206V\v\16e\331\326\320dh"..., 8192) = 108
15905 17:23:13 clock_gettime(0x7 /* CLOCK_??? */, {3809546, 924127770}) = 0
15905 17:23:13 clock_gettime(0x7 /* CLOCK_??? */, {3809546, 924153173}) = 0
15905 17:23:13 select(7, [3 4], [], NULL, NULL) = 1 (in [3])
15905 17:23:13 clock_gettime(0x7 /* CLOCK_??? */, {3809546, 926652954}) = 0
15905 17:23:13 read(3, "\n/h\2322C\203\n\0304d\224\276\256\n\353\332\350M\213\334\276\370H4L}*\235W\311\241"..., 8192) = 92
15905 17:23:13 clock_gettime(0x7 /* CLOCK_??? */, {3809546, 926801420}) = 0
15905 17:23:13 clock_gettime(0x7 /* CLOCK_??? */, {3809546, 926832711}) = 0
15905 17:23:13 select(7, [3 4], [5], NULL, NULL) = 1 (out [5])
15905 17:23:13 clock_gettime(0x7 /* CLOCK_??? */, {3809546, 926888047}) = 0
15905 17:23:13 write(5, "Last login: Sun Oct  8 01:19:57 "..., 58) = 58
15905 17:23:13 clock_gettime(0x7 /* CLOCK_??? */, {3809546, 927032959}) = 0
15905 17:23:13 clock_gettime(0x7 /* CLOCK_??? */, {3809546, 927056332}) = 0
15905 17:23:13 select(7, [3 4], [], NULL, NULL) = 1 (in [3])
15905 17:23:13 clock_gettime(0x7 /* CLOCK_??? */, {3809546, 962130143}) = 0
15905 17:23:13 read(3, "\343~\6\374}\262PB\266Q\201\317\r/\377\225=n^\221P\326u\366.\341\253\20!\253\335\234"..., 8192) = 76
15905 17:23:13 clock_gettime(0x7 /* CLOCK_??? */, {3809546, 962213848}) = 0
15905 17:23:13 clock_gettime(0x7 /* CLOCK_??? */, {3809546, 962239363}) = 0
15905 17:23:13 select(7, [3 4], [5], NULL, NULL) = 1 (out [5])
15905 17:23:13 clock_gettime(0x7 /* CLOCK_??? */, {3809546, 962298921}) = 0
15905 17:23:13 write(5, "\33[?1034h[root@VM_140_32_centos ~"..., 35) = 35
15905 17:23:13 clock_gettime(0x7 /* CLOCK_??? */, {3809546, 962446374}) = 0
15905 17:23:13 clock_gettime(0x7 /* CLOCK_??? */, {3809546, 962471781}) = 0
15905 17:23:13 select(7, [3 4], [], NULL, NULL) = 1 (in [4])
15905 17:24:59 clock_gettime(0x7 /* CLOCK_??? */, {3809653, 321442311}) = 0
15905 17:24:59 read(4, "i", 16384)      = 1
15905 17:24:59 clock_gettime(0x7 /* CLOCK_??? */, {3809653, 321499371}) = 0
15905 17:24:59 clock_gettime(0x7 /* CLOCK_??? */, {3809653, 321564023}) = 0
15905 17:24:59 select(7, [3 4], [3], NULL, NULL) = 1 (out [3])
15905 17:24:59 clock_gettime(0x7 /* CLOCK_??? */, {3809653, 321633354}) = 0
15905 17:24:59 write(3, "\220\361\234\6\321\215\230\3161\247`:m\256\30\372k\273\210:o>\230\247\202\210\356\217@\21=\366"..., 36) = 36
15905 17:24:59 clock_gettime(0x7 /* CLOCK_??? */, {3809653, 321687948}) = 0
15905 17:24:59 clock_gettime(0x7 /* CLOCK_??? */, {3809653, 321702429}) = 0
15905 17:24:59 select(7, [3 4], [], NULL, NULL) = 1 (in [3])
15905 17:24:59 clock_gettime(0x7 /* CLOCK_??? */, {3809653, 322625897}) = 0
15905 17:24:59 read(3, "\343\362\211m\177\333\252\230\303\27{r\233\271\346\227\233\5\314s6\365=\f \22\355C\351\273k\320"..., 8192) = 36
15905 17:24:59 clock_gettime(0x7 /* CLOCK_??? */, {3809653, 322671054}) = 0
15905 17:24:59 clock_gettime(0x7 /* CLOCK_??? */, {3809653, 322685237}) = 0
15905 17:24:59 select(7, [3 4], [5], NULL, NULL) = 1 (out [5])
15905 17:24:59 clock_gettime(0x7 /* CLOCK_??? */, {3809653, 322718792}) = 0
15905 17:24:59 write(5, "i", 1)         = 1
15905 17:24:59 clock_gettime(0x7 /* CLOCK_??? */, {3809653, 322792515}) = 0
15905 17:24:59 clock_gettime(0x7 /* CLOCK_??? */, {3809653, 322807003}) = 0
15905 17:24:59 select(7, [3 4], [], NULL, NULL) = 1 (in [4])
15905 17:24:59 clock_gettime(0x7 /* CLOCK_??? */, {3809653, 418845623}) = 0
15905 17:24:59 read(4, "f", 16384)      = 1
15905 17:24:59 clock_gettime(0x7 /* CLOCK_??? */, {3809653, 418893855}) = 0
15905 17:24:59 clock_gettime(0x7 /* CLOCK_??? */, {3809653, 418907912}) = 0
15905 17:24:59 select(7, [3 4], [3], NULL, NULL) = 1 (out [3])
15905 17:24:59 clock_gettime(0x7 /* CLOCK_??? */, {3809653, 418941433}) = 0
15905 17:24:59 write(3, "s\254\236\237\226M\257j\304\242\261h+$\305\203WK\f\352F\216\16\17\253FB\212\367o\365U"..., 36) = 36
15905 17:24:59 clock_gettime(0x7 /* CLOCK_??? */, {3809653, 418993675}) = 0
15905 17:24:59 clock_gettime(0x7 /* CLOCK_??? */, {3809653, 419024713}) = 0
15905 17:24:59 select(7, [3 4], [], NULL, NULL) = 1 (in [3])
15905 17:24:59 clock_gettime(0x7 /* CLOCK_??? */, {3809653, 419649530}) = 0
15905 17:24:59 read(3, "\244m\300e{\323\23\217\277\3508\327\273\34;\377|}5w\250\314\372`|\365\345\211\237.-\373"..., 8192) = 36
15905 17:24:59 clock_gettime(0x7 /* CLOCK_??? */, {3809653, 419712470}) = 0
15905 17:24:59 clock_gettime(0x7 /* CLOCK_??? */, {3809653, 419735480}) = 0
15905 17:24:59 select(7, [3 4], [5], NULL, NULL) = 1 (out [5])
15905 17:24:59 clock_gettime(0x7 /* CLOCK_??? */, {3809653, 419787639}) = 0
15905 17:24:59 write(5, "f", 1)         = 1
15905 17:24:59 clock_gettime(0x7 /* CLOCK_??? */, {3809653, 419882434}) = 0
15905 17:24:59 clock_gettime(0x7 /* CLOCK_??? */, {3809653, 419904661}) = 0
15905 17:24:59 select(7, [3 4], [], NULL, NULL) = 1 (in [4])
15905 17:25:00 clock_gettime(0x7 /* CLOCK_??? */, {3809653, 701385899}) = 0
15905 17:25:00 read(4, "c", 16384)      = 1
15905 17:25:00 clock_gettime(0x7 /* CLOCK_??? */, {3809653, 701436334}) = 0
15905 17:25:00 clock_gettime(0x7 /* CLOCK_??? */, {3809653, 701450923}) = 0
15905 17:25:00 select(7, [3 4], [3], NULL, NULL) = 1 (out [3])
15905 17:25:00 clock_gettime(0x7 /* CLOCK_??? */, {3809653, 701484765}) = 0
15905 17:25:00 write(3, "\305\5\2229\346\275\325\267\316Z2\234\373\2Nb\367\177\256\350\232\351\210`W\252\230\361\7e\341h"..., 36) = 36
15905 17:25:00 clock_gettime(0x7 /* CLOCK_??? */, {3809653, 701544329}) = 0
15905 17:25:00 clock_gettime(0x7 /* CLOCK_??? */, {3809653, 701569165}) = 0
15905 17:25:00 select(7, [3 4], [], NULL, NULL) = 1 (in [3])
15905 17:25:00 clock_gettime(0x7 /* CLOCK_??? */, {3809653, 702108066}) = 0
15905 17:25:00 read(3, "\357\317V\312C\367A\353\300(\315+\21\234\346\246M\4\334\0211\245\32\351\363G\355\5\264\215\306%"..., 8192) = 36
15905 17:25:00 clock_gettime(0x7 /* CLOCK_??? */, {3809653, 702158210}) = 0
15905 17:25:00 clock_gettime(0x7 /* CLOCK_??? */, {3809653, 702183094}) = 0
15905 17:25:00 select(7, [3 4], [5], NULL, NULL) = 1 (out [5])
15905 17:25:00 clock_gettime(0x7 /* CLOCK_??? */, {3809653, 702231124}) = 0
15905 17:25:00 write(5, "c", 1)         = 1
15905 17:25:00 clock_gettime(0x7 /* CLOCK_??? */, {3809653, 702319361}) = 0
15905 17:25:00 clock_gettime(0x7 /* CLOCK_??? */, {3809653, 702334409}) = 0
15905 17:25:00 select(7, [3 4], [], NULL, NULL) = 1 (in [4])
15905 17:25:00 clock_gettime(0x7 /* CLOCK_??? */, {3809653, 749454044}) = 0
15905 17:25:00 read(4, "o", 16384)      = 1
15905 17:25:00 clock_gettime(0x7 /* CLOCK_??? */, {3809653, 749502905}) = 0
15905 17:25:00 clock_gettime(0x7 /* CLOCK_??? */, {3809653, 749517350}) = 0
15905 17:25:00 select(7, [3 4], [3], NULL, NULL) = 1 (out [3])
15905 17:25:00 clock_gettime(0x7 /* CLOCK_??? */, {3809653, 749584743}) = 0
15905 17:25:00 write(3, "_\264\300\324&\22\0\264\374\205\257\0256\31&M\302 \247v\225*\317]\236K\237\271\323\347\35\327"..., 36) = 36
15905 17:25:00 clock_gettime(0x7 /* CLOCK_??? */, {3809653, 749658260}) = 0
15905 17:25:00 clock_gettime(0x7 /* CLOCK_??? */, {3809653, 749672820}) = 0
15905 17:25:00 select(7, [3 4], [], NULL, NULL) = 1 (in [3])
15905 17:25:00 clock_gettime(0x7 /* CLOCK_??? */, {3809653, 750254616}) = 0
15905 17:25:00 read(3, "N\t(\231\272\350!\367\3W{\354\230Q\1\245\212\35\232\357\32\310\0256X\225\223\21\312YW\266"..., 8192) = 36
15905 17:25:00 clock_gettime(0x7 /* CLOCK_??? */, {3809653, 750306688}) = 0
15905 17:25:00 clock_gettime(0x7 /* CLOCK_??? */, {3809653, 750326960}) = 0
15905 17:25:00 select(7, [3 4], [5], NULL, NULL) = 1 (out [5])
15905 17:25:00 clock_gettime(0x7 /* CLOCK_??? */, {3809653, 750394668}) = 0
15905 17:25:00 write(5, "o", 1)         = 1
15905 17:25:00 clock_gettime(0x7 /* CLOCK_??? */, {3809653, 750469021}) = 0
15905 17:25:00 clock_gettime(0x7 /* CLOCK_??? */, {3809653, 750483901}) = 0
15905 17:25:00 select(7, [3 4], [], NULL, NULL) = 1 (in [4])
15905 17:25:00 clock_gettime(0x7 /* CLOCK_??? */, {3809653, 907557755}) = 0
15905 17:25:00 read(4, "n", 16384)      = 1
15905 17:25:00 clock_gettime(0x7 /* CLOCK_??? */, {3809653, 907643638}) = 0
15905 17:25:00 clock_gettime(0x7 /* CLOCK_??? */, {3809653, 907669398}) = 0
15905 17:25:00 select(7, [3 4], [3], NULL, NULL) = 1 (out [3])
15905 17:25:00 clock_gettime(0x7 /* CLOCK_??? */, {3809653, 907735019}) = 0
15905 17:25:00 write(3, "\r\302\377a\341\217\216\244\270;\1?\20\2\"`\315l\324\324\203W\366*\353\34\6\322\37\3\376\317"..., 36) = 36
15905 17:25:00 clock_gettime(0x7 /* CLOCK_??? */, {3809653, 907809329}) = 0
15905 17:25:00 clock_gettime(0x7 /* CLOCK_??? */, {3809653, 907830029}) = 0
15905 17:25:00 select(7, [3 4], [], NULL, NULL) = 1 (in [3])
15905 17:25:00 clock_gettime(0x7 /* CLOCK_??? */, {3809653, 908577305}) = 0
15905 17:25:00 read(3, "\236\364d\17>h\307\315\341<\354\341\311V\377;\211\377o\21.\203\36\5\207\342G)\337BXa"..., 8192) = 36
15905 17:25:00 clock_gettime(0x7 /* CLOCK_??? */, {3809653, 908623073}) = 0
15905 17:25:00 clock_gettime(0x7 /* CLOCK_??? */, {3809653, 908645163}) = 0
15905 17:25:00 select(7, [3 4], [5], NULL, NULL) = 1 (out [5])
15905 17:25:00 clock_gettime(0x7 /* CLOCK_??? */, {3809653, 908682983}) = 0
15905 17:25:00 write(5, "n", 1)         = 1
15905 17:25:00 clock_gettime(0x7 /* CLOCK_??? */, {3809653, 908749519}) = 0
15905 17:25:00 clock_gettime(0x7 /* CLOCK_??? */, {3809653, 908764282}) = 0
15905 17:25:00 select(7, [3 4], [], NULL, NULL) = 1 (in [4])
15905 17:25:00 clock_gettime(0x7 /* CLOCK_??? */, {3809654, 34418235}) = 0
15905 17:25:00 read(4, "f", 16384)      = 1
15905 17:25:00 clock_gettime(0x7 /* CLOCK_??? */, {3809654, 34513793}) = 0
15905 17:25:00 clock_gettime(0x7 /* CLOCK_??? */, {3809654, 34538033}) = 0
15905 17:25:00 select(7, [3 4], [3], NULL, NULL) = 1 (out [3])
15905 17:25:00 clock_gettime(0x7 /* CLOCK_??? */, {3809654, 34613312}) = 0
15905 17:25:00 write(3, "f\231\270\310\241y\361)\204\260z\351\201\202\210.\265\362`\327\333\254[\255\n\326\2%\364O\203\342"..., 36) = 36
15905 17:25:00 clock_gettime(0x7 /* CLOCK_??? */, {3809654, 34709898}) = 0
15905 17:25:00 clock_gettime(0x7 /* CLOCK_??? */, {3809654, 34736728}) = 0
15905 17:25:00 select(7, [3 4], [], NULL, NULL) = 1 (in [3])
15905 17:25:00 clock_gettime(0x7 /* CLOCK_??? */, {3809654, 35470702}) = 0
15905 17:25:00 read(3, "\270\266<X'\346\217\230-\350\5eW T\230/\321yK[Q-!\213\262\235T\02220\23"..., 8192) = 36
15905 17:25:00 clock_gettime(0x7 /* CLOCK_??? */, {3809654, 35580470}) = 0
15905 17:25:00 clock_gettime(0x7 /* CLOCK_??? */, {3809654, 35608133}) = 0
15905 17:25:00 select(7, [3 4], [5], NULL, NULL) = 1 (out [5])
15905 17:25:00 clock_gettime(0x7 /* CLOCK_??? */, {3809654, 35678608}) = 0
15905 17:25:00 write(5, "f", 1)         = 1
15905 17:25:00 clock_gettime(0x7 /* CLOCK_??? */, {3809654, 35804010}) = 0
15905 17:25:00 clock_gettime(0x7 /* CLOCK_??? */, {3809654, 35838217}) = 0
15905 17:25:00 select(7, [3 4], [], NULL, NULL) = 1 (in [4])
15905 17:25:00 clock_gettime(0x7 /* CLOCK_??? */, {3809654, 107890566}) = 0
15905 17:25:00 read(4, "i", 16384)      = 1
15905 17:25:00 clock_gettime(0x7 /* CLOCK_??? */, {3809654, 107944928}) = 0
15905 17:25:00 clock_gettime(0x7 /* CLOCK_??? */, {3809654, 107959281}) = 0
15905 17:25:00 select(7, [3 4], [3], NULL, NULL) = 1 (out [3])
15905 17:25:00 clock_gettime(0x7 /* CLOCK_??? */, {3809654, 108019429}) = 0
15905 17:25:00 write(3, "\324\177><\24\207\323]I\330\321\322\34\10\27\260\356\371\344x44\221\37\316\t\314\232}W6t"..., 36) = 36
15905 17:25:00 clock_gettime(0x7 /* CLOCK_??? */, {3809654, 108092946}) = 0
15905 17:25:00 clock_gettime(0x7 /* CLOCK_??? */, {3809654, 108107570}) = 0
15905 17:25:00 select(7, [3 4], [], NULL, NULL) = 1 (in [3])
15905 17:25:00 clock_gettime(0x7 /* CLOCK_??? */, {3809654, 108702122}) = 0
15905 17:25:00 read(3, "q\331m\317\334\251l \273\236\10\356]o\37\235\302\305\215\361\313\342\314;\213\216\36\367~Z@C"..., 8192) = 36
15905 17:25:00 clock_gettime(0x7 /* CLOCK_??? */, {3809654, 108750364}) = 0
15905 17:25:00 clock_gettime(0x7 /* CLOCK_??? */, {3809654, 108774489}) = 0
15905 17:25:00 select(7, [3 4], [5], NULL, NULL) = 1 (out [5])
15905 17:25:00 clock_gettime(0x7 /* CLOCK_??? */, {3809654, 108827221}) = 0
15905 17:25:00 write(5, "i", 1)         = 1
15905 17:25:00 clock_gettime(0x7 /* CLOCK_??? */, {3809654, 108908044}) = 0
15905 17:25:00 clock_gettime(0x7 /* CLOCK_??? */, {3809654, 108922711}) = 0
15905 17:25:00 select(7, [3 4], [], NULL, NULL) = 1 (in [4])
15905 17:25:00 clock_gettime(0x7 /* CLOCK_??? */, {3809654, 246360245}) = 0
15905 17:25:00 read(4, "g", 16384)      = 1
15905 17:25:00 clock_gettime(0x7 /* CLOCK_??? */, {3809654, 246423064}) = 0
15905 17:25:00 clock_gettime(0x7 /* CLOCK_??? */, {3809654, 246438913}) = 0
15905 17:25:00 select(7, [3 4], [3], NULL, NULL) = 1 (out [3])
15905 17:25:00 clock_gettime(0x7 /* CLOCK_??? */, {3809654, 246474103}) = 0
15905 17:25:00 write(3, "^s\312\240\3>\324P?4;O\312uX\5\332\226\227\241}\\\362^XW\227x\256\257\227\365"..., 36) = 36
15905 17:25:00 clock_gettime(0x7 /* CLOCK_??? */, {3809654, 246542995}) = 0
15905 17:25:00 clock_gettime(0x7 /* CLOCK_??? */, {3809654, 246557823}) = 0
15905 17:25:00 select(7, [3 4], [], NULL, NULL) = 1 (in [3])
15905 17:25:00 clock_gettime(0x7 /* CLOCK_??? */, {3809654, 247104779}) = 0
15905 17:25:00 read(3, "\200iH\23\352\272\3178\321\345\203\214)\241\203\346\210\215\303Ki4\342=2\20\1-\327\217\301l"..., 8192) = 36
15905 17:25:00 clock_gettime(0x7 /* CLOCK_??? */, {3809654, 247143076}) = 0
15905 17:25:00 clock_gettime(0x7 /* CLOCK_??? */, {3809654, 247157139}) = 0
15905 17:25:00 select(7, [3 4], [5], NULL, NULL) = 1 (out [5])
15905 17:25:00 clock_gettime(0x7 /* CLOCK_??? */, {3809654, 247189805}) = 0
15905 17:25:00 write(5, "g", 1)         = 1
15905 17:25:00 clock_gettime(0x7 /* CLOCK_??? */, {3809654, 247268597}) = 0
15905 17:25:00 clock_gettime(0x7 /* CLOCK_??? */, {3809654, 247288716}) = 0
15905 17:25:00 select(7, [3 4], [], NULL, NULL) = 1 (in [4])
15905 17:25:00 clock_gettime(0x7 /* CLOCK_??? */, {3809654, 434583078}) = 0
15905 17:25:00 read(4, "\r", 16384)     = 1
15905 17:25:00 clock_gettime(0x7 /* CLOCK_??? */, {3809654, 434708633}) = 0
15905 17:25:00 clock_gettime(0x7 /* CLOCK_??? */, {3809654, 434732004}) = 0
15905 17:25:00 select(7, [3 4], [3], NULL, NULL) = 1 (out [3])
15905 17:25:00 clock_gettime(0x7 /* CLOCK_??? */, {3809654, 434789584}) = 0
15905 17:25:00 write(3, "?\247\270\347\344\362}><K\305\241\367D\362\30J\305^7\231U^5\300\277C\376\1\277t\247"..., 36) = 36
15905 17:25:00 clock_gettime(0x7 /* CLOCK_??? */, {3809654, 434890914}) = 0
15905 17:25:00 clock_gettime(0x7 /* CLOCK_??? */, {3809654, 434913685}) = 0
15905 17:25:00 select(7, [3 4], [], NULL, NULL) = 1 (in [3])
15905 17:25:00 clock_gettime(0x7 /* CLOCK_??? */, {3809654, 435899023}) = 0
15905 17:25:00 read(3, "C\216\336\370y\320u\365\204\255\221a\360\31\n\356\370]\246\177\220\\=\203\352A\230\233`\273\303_"..., 8192) = 36
15905 17:25:00 clock_gettime(0x7 /* CLOCK_??? */, {3809654, 435972751}) = 0
15905 17:25:00 clock_gettime(0x7 /* CLOCK_??? */, {3809654, 435994398}) = 0
15905 17:25:00 select(7, [3 4], [5], NULL, NULL) = 1 (out [5])
15905 17:25:00 clock_gettime(0x7 /* CLOCK_??? */, {3809654, 436061505}) = 0
15905 17:25:00 write(5, "\r\n", 2)      = 2
15905 17:25:00 clock_gettime(0x7 /* CLOCK_??? */, {3809654, 436178249}) = 0
15905 17:25:00 clock_gettime(0x7 /* CLOCK_??? */, {3809654, 436200135}) = 0
15905 17:25:00 select(7, [3 4], [], NULL, NULL) = 1 (in [3])
15905 17:25:00 clock_gettime(0x7 /* CLOCK_??? */, {3809654, 437242225}) = 0
15905 17:25:00 read(3, "\232\204rxZ8\2339\350\241A\323FI\242\362\177H\252,\10\313(\2379\211\266\243\227\300\255\334"..., 8192) = 836
15905 17:25:00 clock_gettime(0x7 /* CLOCK_??? */, {3809654, 437310652}) = 0
15905 17:25:00 clock_gettime(0x7 /* CLOCK_??? */, {3809654, 437331754}) = 0
15905 17:25:00 select(7, [3 4], [5], NULL, NULL) = 1 (out [5])
15905 17:25:00 clock_gettime(0x7 /* CLOCK_??? */, {3809654, 437386129}) = 0
15905 17:25:00 write(5, "eth0: flags=4163<UP,BROADCAST,RU"..., 799) = 799
15905 17:25:00 clock_gettime(0x7 /* CLOCK_??? */, {3809654, 437495269}) = 0
15905 17:25:00 clock_gettime(0x7 /* CLOCK_??? */, {3809654, 437516015}) = 0
15905 17:25:00 select(7, [3 4], [], NULL, NULL) = 1 (in [4])
15905 17:25:33 clock_gettime(0x7 /* CLOCK_??? */, {3809687, 331093718}) = 0
15905 17:25:33 read(4, "e", 16384)      = 1
15905 17:25:33 clock_gettime(0x7 /* CLOCK_??? */, {3809687, 331165590}) = 0
15905 17:25:33 clock_gettime(0x7 /* CLOCK_??? */, {3809687, 331188595}) = 0
15905 17:25:33 select(7, [3 4], [3], NULL, NULL) = 1 (out [3])
15905 17:25:33 clock_gettime(0x7 /* CLOCK_??? */, {3809687, 331223963}) = 0
15905 17:25:33 write(3, "\2245\34\206\23\363l\254\235\355;\345$>%,\200\317\32jxR\206\345\3401a\204&\247z\243"..., 36) = 36
15905 17:25:33 clock_gettime(0x7 /* CLOCK_??? */, {3809687, 331266747}) = 0
15905 17:25:33 clock_gettime(0x7 /* CLOCK_??? */, {3809687, 331284942}) = 0
15905 17:25:33 select(7, [3 4], [], NULL, NULL) = 1 (in [3])
15905 17:25:33 clock_gettime(0x7 /* CLOCK_??? */, {3809687, 331946392}) = 0
15905 17:25:33 read(3, "\327\246X\r&\261\267Y\371K\220Oj@\20npQ\214\37\230\200r\202\322#\25\2\365\tF\34"..., 8192) = 36
15905 17:25:33 clock_gettime(0x7 /* CLOCK_??? */, {3809687, 331987918}) = 0
15905 17:25:33 clock_gettime(0x7 /* CLOCK_??? */, {3809687, 332012823}) = 0
15905 17:25:33 select(7, [3 4], [5], NULL, NULL) = 1 (out [5])
15905 17:25:33 clock_gettime(0x7 /* CLOCK_??? */, {3809687, 332049054}) = 0
15905 17:25:33 write(5, "e", 1)         = 1
15905 17:25:33 clock_gettime(0x7 /* CLOCK_??? */, {3809687, 332120724}) = 0
15905 17:25:33 clock_gettime(0x7 /* CLOCK_??? */, {3809687, 332141678}) = 0
15905 17:25:33 select(7, [3 4], [], NULL, NULL) = 1 (in [4])
15905 17:25:33 clock_gettime(0x7 /* CLOCK_??? */, {3809687, 605951787}) = 0
15905 17:25:33 read(4, "x", 16384)      = 1
15905 17:25:33 clock_gettime(0x7 /* CLOCK_??? */, {3809687, 606059798}) = 0
15905 17:25:33 clock_gettime(0x7 /* CLOCK_??? */, {3809687, 606082933}) = 0
15905 17:25:33 select(7, [3 4], [3], NULL, NULL) = 1 (out [3])
15905 17:25:33 clock_gettime(0x7 /* CLOCK_??? */, {3809687, 606136505}) = 0
15905 17:25:33 write(3, "\226\277h\347\362f\200c\177\220\306z1\303l\5)\337\20q\317\350$\263\374\276(\304\236D\312*"..., 36) = 36
15905 17:25:33 clock_gettime(0x7 /* CLOCK_??? */, {3809687, 606213600}) = 0
15905 17:25:33 clock_gettime(0x7 /* CLOCK_??? */, {3809687, 606228023}) = 0
15905 17:25:33 select(7, [3 4], [], NULL, NULL) = 1 (in [3])
15905 17:25:33 clock_gettime(0x7 /* CLOCK_??? */, {3809687, 606885520}) = 0
15905 17:25:33 read(3, ">V\252\323\207V\32\200}\337s+M\f\226>0\200\336=6\3514E_\r\v\37 9E\202"..., 8192) = 36
15905 17:25:33 clock_gettime(0x7 /* CLOCK_??? */, {3809687, 606929659}) = 0
15905 17:25:33 clock_gettime(0x7 /* CLOCK_??? */, {3809687, 606953866}) = 0
15905 17:25:33 select(7, [3 4], [5], NULL, NULL) = 1 (out [5])
15905 17:25:33 clock_gettime(0x7 /* CLOCK_??? */, {3809687, 607025214}) = 0
15905 17:25:33 write(5, "x", 1)         = 1
15905 17:25:33 clock_gettime(0x7 /* CLOCK_??? */, {3809687, 607126072}) = 0
15905 17:25:33 clock_gettime(0x7 /* CLOCK_??? */, {3809687, 607148254}) = 0
15905 17:25:33 select(7, [3 4], [], NULL, NULL) = 1 (in [4])
15905 17:25:34 clock_gettime(0x7 /* CLOCK_??? */, {3809687, 728634963}) = 0
15905 17:25:34 read(4, "i", 16384)      = 1
15905 17:25:34 clock_gettime(0x7 /* CLOCK_??? */, {3809687, 728698350}) = 0
15905 17:25:34 clock_gettime(0x7 /* CLOCK_??? */, {3809687, 728713395}) = 0
15905 17:25:34 select(7, [3 4], [3], NULL, NULL) = 1 (out [3])
15905 17:25:34 clock_gettime(0x7 /* CLOCK_??? */, {3809687, 728747681}) = 0
15905 17:25:34 write(3, "\372\221\223\347\256\306nA\316\256Y\33\f\356\267c\261\334\341b\36H\"\213\241\231g\3664\35F\221"..., 36) = 36
15905 17:25:34 clock_gettime(0x7 /* CLOCK_??? */, {3809687, 728812032}) = 0
15905 17:25:34 clock_gettime(0x7 /* CLOCK_??? */, {3809687, 728835208}) = 0
15905 17:25:34 select(7, [3 4], [], NULL, NULL) = 1 (in [3])
15905 17:25:34 clock_gettime(0x7 /* CLOCK_??? */, {3809687, 729459271}) = 0
15905 17:25:34 read(3, "\227\34Q\32\0A\275nq\361Ec\267\376/\211\322i/\313\346\n\224\233\255lM_\253\235\255#"..., 8192) = 36
15905 17:25:34 clock_gettime(0x7 /* CLOCK_??? */, {3809687, 729523886}) = 0
15905 17:25:34 clock_gettime(0x7 /* CLOCK_??? */, {3809687, 729556408}) = 0
15905 17:25:34 select(7, [3 4], [5], NULL, NULL) = 1 (out [5])
15905 17:25:34 clock_gettime(0x7 /* CLOCK_??? */, {3809687, 729621547}) = 0
15905 17:25:34 write(5, "i", 1)         = 1
15905 17:25:34 clock_gettime(0x7 /* CLOCK_??? */, {3809687, 729715359}) = 0
15905 17:25:34 clock_gettime(0x7 /* CLOCK_??? */, {3809687, 729743083}) = 0
15905 17:25:34 select(7, [3 4], [], NULL, NULL) = 1 (in [4])
15905 17:25:34 clock_gettime(0x7 /* CLOCK_??? */, {3809687, 855640959}) = 0
15905 17:25:34 read(4, "t", 16384)      = 1
15905 17:25:34 clock_gettime(0x7 /* CLOCK_??? */, {3809687, 855700236}) = 0
15905 17:25:34 clock_gettime(0x7 /* CLOCK_??? */, {3809687, 855715046}) = 0
15905 17:25:34 select(7, [3 4], [3], NULL, NULL) = 1 (out [3])
15905 17:25:34 clock_gettime(0x7 /* CLOCK_??? */, {3809687, 855755051}) = 0
15905 17:25:34 write(3, "\2137\206<\35\261N\356\332KR\33k\27\7\370q~T\246e$y\355\217\342=\25+\332$\345"..., 36) = 36
15905 17:25:34 clock_gettime(0x7 /* CLOCK_??? */, {3809687, 855839795}) = 0
15905 17:25:34 clock_gettime(0x7 /* CLOCK_??? */, {3809687, 855857650}) = 0
15905 17:25:34 select(7, [3 4], [], NULL, NULL) = 1 (in [3])
15905 17:25:34 clock_gettime(0x7 /* CLOCK_??? */, {3809687, 856451290}) = 0
15905 17:25:34 read(3, "\356\276\206*)\323\231\337\207(jd\21\317\366a\355#X*\210\377\253\f\236!\306,\r!\210Y"..., 8192) = 36
15905 17:25:34 clock_gettime(0x7 /* CLOCK_??? */, {3809687, 856489918}) = 0
15905 17:25:34 clock_gettime(0x7 /* CLOCK_??? */, {3809687, 856503790}) = 0
15905 17:25:34 select(7, [3 4], [5], NULL, NULL) = 1 (out [5])
15905 17:25:34 clock_gettime(0x7 /* CLOCK_??? */, {3809687, 856539102}) = 0
15905 17:25:34 write(5, "t", 1)         = 1
15905 17:25:34 clock_gettime(0x7 /* CLOCK_??? */, {3809687, 856618003}) = 0
15905 17:25:34 clock_gettime(0x7 /* CLOCK_??? */, {3809687, 856632693}) = 0
15905 17:25:34 select(7, [3 4], [], NULL, NULL) = 1 (in [4])
15905 17:25:34 clock_gettime(0x7 /* CLOCK_??? */, {3809688, 54146123}) = 0
15905 17:25:34 read(4, "\r", 16384)     = 1
15905 17:25:34 clock_gettime(0x7 /* CLOCK_??? */, {3809688, 54195882}) = 0
15905 17:25:34 clock_gettime(0x7 /* CLOCK_??? */, {3809688, 54210203}) = 0
15905 17:25:34 select(7, [3 4], [3], NULL, NULL) = 1 (out [3])
15905 17:25:34 clock_gettime(0x7 /* CLOCK_??? */, {3809688, 54254325}) = 0
15905 17:25:34 write(3, "\376$i\235\3116f\251 \271\310\250\227\352\373V\212\2314\220\375?\207r\202\307{\360CW\220\355"..., 36) = 36
15905 17:25:34 clock_gettime(0x7 /* CLOCK_??? */, {3809688, 54367276}) = 0
15905 17:25:34 clock_gettime(0x7 /* CLOCK_??? */, {3809688, 54381593}) = 0
15905 17:25:34 select(7, [3 4], [], NULL, NULL) = 1 (in [3])
15905 17:25:34 clock_gettime(0x7 /* CLOCK_??? */, {3809688, 56053777}) = 0
15905 17:25:34 read(3, "\206\23\27\3646\2459K69\307\247\247g\241\221\330\364;;i@9\240\255\2<\36\367\3253B"..., 8192) = 220
15905 17:25:34 close(4)                 = 0
15905 17:25:34 clock_gettime(0x7 /* CLOCK_??? */, {3809688, 56123241}) = 0
15905 17:25:34 clock_gettime(0x7 /* CLOCK_??? */, {3809688, 56137251}) = 0
15905 17:25:34 select(7, [3], [5], NULL, NULL) = 1 (out [5])
15905 17:25:34 clock_gettime(0x7 /* CLOCK_??? */, {3809688, 56170113}) = 0
15905 17:25:34 write(5, "\r\nlogout\r\n", 10) = 10
15905 17:25:34 clock_gettime(0x7 /* CLOCK_??? */, {3809688, 56254997}) = 0
15905 17:25:34 clock_gettime(0x7 /* CLOCK_??? */, {3809688, 56280448}) = 0
15905 17:25:34 close(5)                 = 0
15905 17:25:34 ioctl(0, SNDCTL_TMR_STOP or SNDRV_TIMER_IOCTL_GINFO or TCSETSW, {B38400 opost isig icanon echo ...}) = 0
15905 17:25:34 close(6)                 = 0
15905 17:25:34 select(7, [3], [3], NULL, NULL) = 1 (out [3])
15905 17:25:34 clock_gettime(0x7 /* CLOCK_??? */, {3809688, 56387808}) = 0
15905 17:25:34 write(3, "\2633fM;)\361_\7\354\30\347x\10-17\204\25\205\0332\367B\374\20y\235\202\301\31\376"..., 36) = 36
15905 17:25:34 rt_sigaction(SIGWINCH, NULL, {0x7facd3dba6a0, [], SA_RESTORER, 0x7facd292a250}, 8) = 0
15905 17:25:34 rt_sigaction(SIGWINCH, {SIG_DFL, [], SA_RESTORER, 0x7facd292a250}, NULL, 8) = 0
15905 17:25:34 write(3, "\231_\237PAU\"=\365\222\215;J\3149\336[\212\231s\206\223~n\3653v\364\252\372\236\30"..., 60) = 60
15905 17:25:34 ioctl(0, SNDCTL_TMR_TIMEBASE or SNDRV_TIMER_IOCTL_NEXT_DEVICE or TCGETS, {B38400 opost isig icanon echo ...}) = 0
15905 17:25:34 ioctl(1, SNDCTL_TMR_TIMEBASE or SNDRV_TIMER_IOCTL_NEXT_DEVICE or TCGETS, {B38400 opost isig icanon echo ...}) = 0
15905 17:25:34 ioctl(2, SNDCTL_TMR_TIMEBASE or SNDRV_TIMER_IOCTL_NEXT_DEVICE or TCGETS, {B38400 opost isig icanon echo ...}) = 0
15905 17:25:34 write(2, "Connection to 119.29.40.162 clos"..., 37) = 37
15905 17:25:34 gettimeofday({1507397134, 444413}, NULL) = 0
15905 17:25:34 close(3)                 = 0
15905 17:25:34 exit_group(0)            = ?
15905 17:25:34 +++ exited with 0 +++
