DEB [20171009-16:45:52.883] thr=1   paramiko.transport: starting thread (client mode): 0x17f20630
DEB [20171009-16:45:52.883] thr=1   paramiko.transport: Local version/idstring: SSH-2.0-paramiko_2.3.1
DEB [20171009-16:45:52.887] thr=1   paramiko.transport: Remote version/idstring: SSH-2.0-OpenSSH_7.2p2 Ubuntu-4ubuntu2.2
INF [20171009-16:45:52.887] thr=1   paramiko.transport: Connected (version 2.0, client OpenSSH_7.2p2)
DEB [20171009-16:45:52.888] thr=1   paramiko.transport: kex algos:['curve25519-sha256@libssh.org', 'ecdh-sha2-nistp256', 'ecdh-sha2-nistp384', 'ecdh-sha2-nistp521', 'diffie-hellman-group-exchange-sha256', 'diffie-hellman-group14-sha1'] server key:['ssh-rsa', 'rsa-sha2-512', 'rsa-sha2-256', 'ecdsa-sha2-nistp256', 'ssh-ed25519'] client encrypt:['chacha20-poly1305@openssh.com', 'aes128-ctr', 'aes192-ctr', 'aes256-ctr', 'aes128-gcm@openssh.com', 'aes256-gcm@openssh.com'] server encrypt:['chacha20-poly1305@openssh.com', 'aes128-ctr', 'aes192-ctr', 'aes256-ctr', 'aes128-gcm@openssh.com', 'aes256-gcm@openssh.com'] client mac:['umac-64-etm@openssh.com', 'umac-128-etm@openssh.com', 'hmac-sha2-256-etm@openssh.com', 'hmac-sha2-512-etm@openssh.com', 'hmac-sha1-etm@openssh.com', 'umac-64@openssh.com', 'umac-128@openssh.com', 'hmac-sha2-256', 'hmac-sha2-512', 'hmac-sha1'] server mac:['umac-64-etm@openssh.com', 'umac-128-etm@openssh.com', 'hmac-sha2-256-etm@openssh.com', 'hmac-sha2-512-etm@openssh.com', 'hmac-sha1-etm@openssh.com', 'umac-64@openssh.com', 'umac-128@openssh.com', 'hmac-sha2-256', 'hmac-sha2-512', 'hmac-sha1'] client compress:['none', 'zlib@openssh.com'] server compress:['none', 'zlib@openssh.com'] client lang:[''] server lang:[''] kex follows?False
DEB [20171009-16:45:52.888] thr=1   paramiko.transport: Kex agreed: ecdh-sha2-nistp256
DEB [20171009-16:45:52.888] thr=1   paramiko.transport: HostKey agreed: ssh-ed25519
DEB [20171009-16:45:52.888] thr=1   paramiko.transport: Cipher agreed: aes128-ctr
DEB [20171009-16:45:52.888] thr=1   paramiko.transport: MAC agreed: hmac-sha2-256
DEB [20171009-16:45:52.888] thr=1   paramiko.transport: Compression agreed: none
DEB [20171009-16:45:52.934] thr=1   paramiko.transport: kex engine KexNistp256 specified hash_algo <built-in function openssl_sha256>
DEB [20171009-16:45:52.934] thr=1   paramiko.transport: Switch to new keys ...
DEB [20171009-16:46:57.883] thr=1   paramiko.transport: starting thread (client mode): 0x87838630
DEB [20171009-16:46:57.883] thr=1   paramiko.transport: Local version/idstring: SSH-2.0-paramiko_2.3.1
DEB [20171009-16:46:57.885] thr=1   paramiko.transport: Remote version/idstring: SSH-2.0-OpenSSH_7.2p2 Ubuntu-4ubuntu2.2
INF [20171009-16:46:57.885] thr=1   paramiko.transport: Connected (version 2.0, client OpenSSH_7.2p2)
DEB [20171009-16:46:57.885] thr=1   paramiko.transport: kex algos:['curve25519-sha256@libssh.org', 'ecdh-sha2-nistp256', 'ecdh-sha2-nistp384', 'ecdh-sha2-nistp521', 'diffie-hellman-group-exchange-sha256', 'diffie-hellman-group14-sha1'] server key:['ssh-rsa', 'rsa-sha2-512', 'rsa-sha2-256', 'ecdsa-sha2-nistp256', 'ssh-ed25519'] client encrypt:['chacha20-poly1305@openssh.com', 'aes128-ctr', 'aes192-ctr', 'aes256-ctr', 'aes128-gcm@openssh.com', 'aes256-gcm@openssh.com'] server encrypt:['chacha20-poly1305@openssh.com', 'aes128-ctr', 'aes192-ctr', 'aes256-ctr', 'aes128-gcm@openssh.com', 'aes256-gcm@openssh.com'] client mac:['umac-64-etm@openssh.com', 'umac-128-etm@openssh.com', 'hmac-sha2-256-etm@openssh.com', 'hmac-sha2-512-etm@openssh.com', 'hmac-sha1-etm@openssh.com', 'umac-64@openssh.com', 'umac-128@openssh.com', 'hmac-sha2-256', 'hmac-sha2-512', 'hmac-sha1'] server mac:['umac-64-etm@openssh.com', 'umac-128-etm@openssh.com', 'hmac-sha2-256-etm@openssh.com', 'hmac-sha2-512-etm@openssh.com', 'hmac-sha1-etm@openssh.com', 'umac-64@openssh.com', 'umac-128@openssh.com', 'hmac-sha2-256', 'hmac-sha2-512', 'hmac-sha1'] client compress:['none', 'zlib@openssh.com'] server compress:['none', 'zlib@openssh.com'] client lang:[''] server lang:[''] kex follows?False
DEB [20171009-16:46:57.885] thr=1   paramiko.transport: Kex agreed: ecdh-sha2-nistp256
DEB [20171009-16:46:57.885] thr=1   paramiko.transport: HostKey agreed: ssh-ed25519
DEB [20171009-16:46:57.885] thr=1   paramiko.transport: Cipher agreed: aes128-ctr
DEB [20171009-16:46:57.886] thr=1   paramiko.transport: MAC agreed: hmac-sha2-256
DEB [20171009-16:46:57.886] thr=1   paramiko.transport: Compression agreed: none
DEB [20171009-16:46:57.929] thr=1   paramiko.transport: kex engine KexNistp256 specified hash_algo <built-in function openssl_sha256>
DEB [20171009-16:46:57.929] thr=1   paramiko.transport: Switch to new keys ...
DEB [20171009-16:48:57.886] thr=1   paramiko.transport: EOF in transport thread
