4272  07:12:49 select(8, [3 5], [], NULL, NULL) = 1 (in [5])
4272  07:16:03 clock_gettime(CLOCK_BOOTTIME, {3368, 809685764}) = 0
4272  07:16:03 read(5, "i", 16384)      = 1
4272  07:16:03 clock_gettime(CLOCK_BOOTTIME, {3368, 810096867}) = 0
4272  07:16:03 clock_gettime(CLOCK_BOOTTIME, {3368, 810329981}) = 0
4272  07:16:03 select(8, [3 5], [3], NULL, NULL) = 1 (out [3])
4272  07:16:03 clock_gettime(CLOCK_BOOTTIME, {3368, 811366601}) = 0
4272  07:16:03 write(3, "\343'`\364F)\3504p.\24\335.\356k7\25\235\336\247W\30\203\260\221#?\363:\\\v\225"..., 36) = 36
4272  07:16:03 clock_gettime(CLOCK_BOOTTIME, {3368, 811986658}) = 0
4272  07:16:03 clock_gettime(CLOCK_BOOTTIME, {3368, 812145946}) = 0
4272  07:16:03 select(8, [3 5], [], NULL, NULL) = 1 (in [3])
4272  07:16:03 clock_gettime(CLOCK_BOOTTIME, {3368, 821505010}) = 0
4272  07:16:03 read(3, "D\200A\r\211FG\227\246\337m\313\27\251 ,\335\200K\34[\273\17\16y\275\211R\362\265\346g"..., 8192) = 36
4272  07:16:03 clock_gettime(CLOCK_BOOTTIME, {3368, 821551798}) = 0
4272  07:16:03 clock_gettime(CLOCK_BOOTTIME, {3368, 821566826}) = 0
4272  07:16:03 select(8, [3 5], [6], NULL, NULL) = 1 (out [6])
4272  07:16:03 clock_gettime(CLOCK_BOOTTIME, {3368, 821601679}) = 0
4272  07:16:03 write(6, "i", 1)         = 1
4272  07:16:03 clock_gettime(CLOCK_BOOTTIME, {3368, 821639085}) = 0
4272  07:16:03 clock_gettime(CLOCK_BOOTTIME, {3368, 821652245}) = 0
4272  07:16:03 select(8, [3 5], [], NULL, NULL) = 1 (in [5])
4272  07:16:03 clock_gettime(CLOCK_BOOTTIME, {3368, 901974014}) = 0
4272  07:16:03 read(5, "f", 16384)      = 1
4272  07:16:03 clock_gettime(CLOCK_BOOTTIME, {3368, 902028105}) = 0
4272  07:16:03 clock_gettime(CLOCK_BOOTTIME, {3368, 902044413}) = 0
4272  07:16:03 select(8, [3 5], [3], NULL, NULL) = 1 (out [3])
4272  07:16:03 clock_gettime(CLOCK_BOOTTIME, {3368, 902081261}) = 0
4272  07:16:03 write(3, "~\324*`\224\37\334\304\3375\361yg\237V\30/\306^\203\270\304\227\376~\371\177\214\323\371|\30"..., 36) = 36
4272  07:16:03 clock_gettime(CLOCK_BOOTTIME, {3368, 902319978}) = 0
4272  07:16:03 clock_gettime(CLOCK_BOOTTIME, {3368, 902336124}) = 0
4272  07:16:03 select(8, [3 5], [], NULL, NULL) = 1 (in [3])
4272  07:16:03 clock_gettime(CLOCK_BOOTTIME, {3368, 910328719}) = 0
4272  07:16:03 read(3, "Of\354=\307\30\257\33\364~\360%y\344\374wD\202J\20~\177\316\306\3i=\275`N\237\367"..., 8192) = 36
4272  07:16:03 clock_gettime(CLOCK_BOOTTIME, {3368, 910376354}) = 0
4272  07:16:03 clock_gettime(CLOCK_BOOTTIME, {3368, 910391249}) = 0
4272  07:16:03 select(8, [3 5], [6], NULL, NULL) = 1 (out [6])
4272  07:16:03 clock_gettime(CLOCK_BOOTTIME, {3368, 910427677}) = 0
4272  07:16:03 write(6, "f", 1)         = 1
4272  07:16:03 clock_gettime(CLOCK_BOOTTIME, {3368, 910467368}) = 0
4272  07:16:03 clock_gettime(CLOCK_BOOTTIME, {3368, 910481510}) = 0
4272  07:16:03 select(8, [3 5], [], NULL, NULL) = 1 (in [5])
4272  07:16:03 clock_gettime(CLOCK_BOOTTIME, {3369, 189091805}) = 0
4272  07:16:03 read(5, "c", 16384)      = 1
4272  07:16:03 clock_gettime(CLOCK_BOOTTIME, {3369, 189348375}) = 0
4272  07:16:03 clock_gettime(CLOCK_BOOTTIME, {3369, 189422953}) = 0
4272  07:16:03 select(8, [3 5], [3], NULL, NULL) = 1 (out [3])
4272  07:16:03 clock_gettime(CLOCK_BOOTTIME, {3369, 189571242}) = 0
4272  07:16:03 write(3, "\10\0343\371\177\37\2\257H\30\340\35M|`\"l\356'\217\207o\17#\3429}\2719\270\n\231"..., 36) = 36
4272  07:16:03 clock_gettime(CLOCK_BOOTTIME, {3369, 190879888}) = 0
4272  07:16:03 clock_gettime(CLOCK_BOOTTIME, {3369, 190956741}) = 0
4272  07:16:03 select(8, [3 5], [], NULL, NULL) = 1 (in [3])
4272  07:16:03 clock_gettime(CLOCK_BOOTTIME, {3369, 198727498}) = 0
4272  07:16:03 read(3, "\334r\344\357H\0\3625\177zLV\2143\25c\25=}=\0\320\177\362\2236`\251g\375\374\244"..., 8192) = 36
4272  07:16:03 clock_gettime(CLOCK_BOOTTIME, {3369, 198968805}) = 0
4272  07:16:03 clock_gettime(CLOCK_BOOTTIME, {3369, 199037735}) = 0
4272  07:16:03 select(8, [3 5], [6], NULL, NULL) = 1 (out [6])
4272  07:16:03 clock_gettime(CLOCK_BOOTTIME, {3369, 199182207}) = 0
4272  07:16:03 write(6, "c", 1)         = 1
4272  07:16:03 clock_gettime(CLOCK_BOOTTIME, {3369, 199440413}) = 0
4272  07:16:03 clock_gettime(CLOCK_BOOTTIME, {3369, 199505755}) = 0
4272  07:16:03 select(8, [3 5], [], NULL, NULL) = 1 (in [5])
4272  07:16:03 clock_gettime(CLOCK_BOOTTIME, {3369, 259632852}) = 0
4272  07:16:03 read(5, "o", 16384)      = 1
4272  07:16:03 clock_gettime(CLOCK_BOOTTIME, {3369, 259812114}) = 0
4272  07:16:03 clock_gettime(CLOCK_BOOTTIME, {3369, 259868581}) = 0
4272  07:16:03 select(8, [3 5], [3], NULL, NULL) = 1 (out [3])
4272  07:16:03 clock_gettime(CLOCK_BOOTTIME, {3369, 260008165}) = 0
4272  07:16:03 write(3, "\"\r\1\323\32\261\312\217\321n\212\233x\214?'\3335\3\321$\345\230\351\231^|\274\222r6i"..., 36) = 36
4272  07:16:03 clock_gettime(CLOCK_BOOTTIME, {3369, 260669721}) = 0
4272  07:16:03 clock_gettime(CLOCK_BOOTTIME, {3369, 260735378}) = 0
4272  07:16:03 select(8, [3 5], [], NULL, NULL) = 1 (in [3])
4272  07:16:03 clock_gettime(CLOCK_BOOTTIME, {3369, 268985921}) = 0
4272  07:16:03 read(3, "PkW\0\371\365\25)G\242K\31\252\235\375W\262OE\177,\261\334\365\1F\10\204v\7\4\350"..., 8192) = 36
4272  07:16:03 clock_gettime(CLOCK_BOOTTIME, {3369, 269144426}) = 0
4272  07:16:03 clock_gettime(CLOCK_BOOTTIME, {3369, 269201008}) = 0
4272  07:16:03 select(8, [3 5], [6], NULL, NULL) = 1 (out [6])
4272  07:16:03 clock_gettime(CLOCK_BOOTTIME, {3369, 269335394}) = 0
4272  07:16:03 write(6, "o", 1)         = 1
4272  07:16:03 clock_gettime(CLOCK_BOOTTIME, {3369, 269660684}) = 0
4272  07:16:03 clock_gettime(CLOCK_BOOTTIME, {3369, 269741525}) = 0
4272  07:16:03 select(8, [3 5], [], NULL, NULL) = 1 (in [5])
4272  07:16:03 clock_gettime(CLOCK_BOOTTIME, {3369, 420942164}) = 0
4272  07:16:03 read(5, "n", 16384)      = 1
4272  07:16:03 clock_gettime(CLOCK_BOOTTIME, {3369, 421119515}) = 0
4272  07:16:03 clock_gettime(CLOCK_BOOTTIME, {3369, 421175937}) = 0
4272  07:16:03 select(8, [3 5], [3], NULL, NULL) = 1 (out [3])
4272  07:16:03 clock_gettime(CLOCK_BOOTTIME, {3369, 421314300}) = 0
4272  07:16:03 write(3, "Ci]K\374]+\353H\2348\370\265\270tL\23\31\306k\277\16\373I\320\17\377\333\30\254\273\347"..., 36) = 36
4272  07:16:03 clock_gettime(CLOCK_BOOTTIME, {3369, 421941166}) = 0
4272  07:16:03 clock_gettime(CLOCK_BOOTTIME, {3369, 422007979}) = 0
4272  07:16:03 select(8, [3 5], [], NULL, NULL) = 1 (in [3])
4272  07:16:03 clock_gettime(CLOCK_BOOTTIME, {3369, 430619787}) = 0
4272  07:16:03 read(3, "\357\324J\354p\322\242\4\5\234\24\377Lw\230\220B\364U\242\327L`\1\23Z\254\242\305Jh\274"..., 8192) = 36
4272  07:16:03 clock_gettime(CLOCK_BOOTTIME, {3369, 430792770}) = 0
4272  07:16:03 clock_gettime(CLOCK_BOOTTIME, {3369, 430924815}) = 0
4272  07:16:03 select(8, [3 5], [6], NULL, NULL) = 1 (out [6])
4272  07:16:03 clock_gettime(CLOCK_BOOTTIME, {3369, 431074520}) = 0
4272  07:16:03 write(6, "n", 1)         = 1
4272  07:16:03 clock_gettime(CLOCK_BOOTTIME, {3369, 431274984}) = 0
4272  07:16:03 clock_gettime(CLOCK_BOOTTIME, {3369, 431335018}) = 0
4272  07:16:03 select(8, [3 5], [], NULL, NULL) = 1 (in [5])
4272  07:16:03 clock_gettime(CLOCK_BOOTTIME, {3369, 534212211}) = 0
4272  07:16:03 read(5, "f", 16384)      = 1
4272  07:16:03 clock_gettime(CLOCK_BOOTTIME, {3369, 534387095}) = 0
4272  07:16:03 clock_gettime(CLOCK_BOOTTIME, {3369, 534444508}) = 0
4272  07:16:03 select(8, [3 5], [3], NULL, NULL) = 1 (out [3])
4272  07:16:03 clock_gettime(CLOCK_BOOTTIME, {3369, 534582326}) = 0
4272  07:16:03 write(3, "\301a\223\"\337n\32\233r\0\224\10\327k\321\224\233n\253\214\323\314\237\370V\276\267o\6\241\353\353"..., 36) = 36
4272  07:16:03 clock_gettime(CLOCK_BOOTTIME, {3369, 535227762}) = 0
4272  07:16:03 clock_gettime(CLOCK_BOOTTIME, {3369, 535294900}) = 0
4272  07:16:03 select(8, [3 5], [], NULL, NULL) = 1 (in [3])
4272  07:16:03 clock_gettime(CLOCK_BOOTTIME, {3369, 543598103}) = 0
4272  07:16:03 read(3, "j}\333\220\35'mQ\tI$\35\253~\375\265\321\257\370p\332\217\21\367M\6[\213\316\3561\25"..., 8192) = 36
4272  07:16:03 clock_gettime(CLOCK_BOOTTIME, {3369, 543812389}) = 0
4272  07:16:03 clock_gettime(CLOCK_BOOTTIME, {3369, 543875570}) = 0
4272  07:16:03 select(8, [3 5], [6], NULL, NULL) = 1 (out [6])
4272  07:16:03 clock_gettime(CLOCK_BOOTTIME, {3369, 544041830}) = 0
4272  07:16:03 write(6, "f", 1)         = 1
4272  07:16:03 clock_gettime(CLOCK_BOOTTIME, {3369, 544377265}) = 0
4272  07:16:03 clock_gettime(CLOCK_BOOTTIME, {3369, 544439290}) = 0
4272  07:16:03 select(8, [3 5], [], NULL, NULL) = 1 (in [5])
4272  07:16:03 clock_gettime(CLOCK_BOOTTIME, {3369, 600687875}) = 0
4272  07:16:03 read(5, "i", 16384)      = 1
4272  07:16:03 clock_gettime(CLOCK_BOOTTIME, {3369, 600918681}) = 0
4272  07:16:03 clock_gettime(CLOCK_BOOTTIME, {3369, 600976349}) = 0
4272  07:16:03 select(8, [3 5], [3], NULL, NULL) = 1 (out [3])
4272  07:16:03 clock_gettime(CLOCK_BOOTTIME, {3369, 601115308}) = 0
4272  07:16:03 write(3, "7\342\244w\216'\207\231\7%W5X\324T\220G6\ru\32\17\333$-_{$\304p\37{"..., 36) = 36
4272  07:16:03 clock_gettime(CLOCK_BOOTTIME, {3369, 601862727}) = 0
4272  07:16:03 clock_gettime(CLOCK_BOOTTIME, {3369, 601930225}) = 0
4272  07:16:03 select(8, [3 5], [], NULL, NULL) = 1 (in [3])
4272  07:16:03 clock_gettime(CLOCK_BOOTTIME, {3369, 610037247}) = 0
4272  07:16:03 read(3, "/\3V\362\316\247\264\311\\\272\336\343\3.\260\222\6\322\210A\22\23\312\305\345z^m\243\210\217\23"..., 8192) = 36
4272  07:16:03 clock_gettime(CLOCK_BOOTTIME, {3369, 610195122}) = 0
4272  07:16:03 clock_gettime(CLOCK_BOOTTIME, {3369, 610328567}) = 0
4272  07:16:03 select(8, [3 5], [6], NULL, NULL) = 1 (out [6])
4272  07:16:03 clock_gettime(CLOCK_BOOTTIME, {3369, 610476191}) = 0
4272  07:16:03 write(6, "i", 1)         = 1
4272  07:16:03 clock_gettime(CLOCK_BOOTTIME, {3369, 610675319}) = 0
4272  07:16:03 clock_gettime(CLOCK_BOOTTIME, {3369, 610734948}) = 0
4272  07:16:03 select(8, [3 5], [], NULL, NULL) = 1 (in [5])
4272  07:16:03 clock_gettime(CLOCK_BOOTTIME, {3369, 714126032}) = 0
4272  07:16:03 read(5, "g", 16384)      = 1
4272  07:16:03 clock_gettime(CLOCK_BOOTTIME, {3369, 714307070}) = 0
4272  07:16:03 clock_gettime(CLOCK_BOOTTIME, {3369, 714363286}) = 0
4272  07:16:03 select(8, [3 5], [3], NULL, NULL) = 1 (out [3])
4272  07:16:03 clock_gettime(CLOCK_BOOTTIME, {3369, 714500239}) = 0
4272  07:16:03 write(3, "\275\272V\332u\373\342\5\177\271`f\34z\273\205\216\257k\357\2340\270v+{p\232\223\226\344}"..., 36) = 36
4272  07:16:03 clock_gettime(CLOCK_BOOTTIME, {3369, 715112032}) = 0
4272  07:16:03 clock_gettime(CLOCK_BOOTTIME, {3369, 715176363}) = 0
4272  07:16:03 select(8, [3 5], [], NULL, NULL) = 1 (in [3])
4272  07:16:03 clock_gettime(CLOCK_BOOTTIME, {3369, 723789353}) = 0
4272  07:16:03 read(3, "h\337c_n\271\3\372\3\26t\4j\375\302x\242\330c<P\332\221Q\200\205G\306\243\373\357P"..., 8192) = 36
4272  07:16:03 clock_gettime(CLOCK_BOOTTIME, {3369, 724060677}) = 0
4272  07:16:03 clock_gettime(CLOCK_BOOTTIME, {3369, 724117109}) = 0
4272  07:16:03 select(8, [3 5], [6], NULL, NULL) = 1 (out [6])
4272  07:16:03 clock_gettime(CLOCK_BOOTTIME, {3369, 724256453}) = 0
4272  07:16:03 write(6, "g", 1)         = 1
4272  07:16:03 clock_gettime(CLOCK_BOOTTIME, {3369, 724554747}) = 0
4272  07:16:03 clock_gettime(CLOCK_BOOTTIME, {3369, 724619048}) = 0
4272  07:16:03 select(8, [3 5], [], NULL, NULL) = 1 (in [5])
4272  07:16:04 clock_gettime(CLOCK_BOOTTIME, {3369, 860389838}) = 0
4272  07:16:04 read(5, "\r", 16384)     = 1
4272  07:16:04 clock_gettime(CLOCK_BOOTTIME, {3369, 860440667}) = 0
4272  07:16:04 clock_gettime(CLOCK_BOOTTIME, {3369, 860456068}) = 0
4272  07:16:04 select(8, [3 5], [3], NULL, NULL) = 1 (out [3])
4272  07:16:04 clock_gettime(CLOCK_BOOTTIME, {3369, 860492526}) = 0
4272  07:16:04 write(3, "\233\254y\331\357fm2\251\234Am]\32\214\207B\340q?\240\306\300\326\237\"5\16*\257\326\235"..., 36) = 36
4272  07:16:04 clock_gettime(CLOCK_BOOTTIME, {3369, 860695834}) = 0
4272  07:16:04 clock_gettime(CLOCK_BOOTTIME, {3369, 860712635}) = 0
4272  07:16:04 select(8, [3 5], [], NULL, NULL) = 1 (in [3])
4272  07:16:04 clock_gettime(CLOCK_BOOTTIME, {3369, 869194993}) = 0
4272  07:16:04 read(3, "\27\32\30\366\362\363\264\20\36\320GxN\307\274\36\7\344\330\257W\2058\235\346,\224H\6z\10\363"..., 8192) = 36
4272  07:16:04 clock_gettime(CLOCK_BOOTTIME, {3369, 869235836}) = 0
4272  07:16:04 clock_gettime(CLOCK_BOOTTIME, {3369, 869259391}) = 0
4272  07:16:04 select(8, [3 5], [6], NULL, NULL) = 1 (out [6])
4272  07:16:04 clock_gettime(CLOCK_BOOTTIME, {3369, 869294156}) = 0
4272  07:16:04 write(6, "\r\n", 2)      = 2
4272  07:16:04 clock_gettime(CLOCK_BOOTTIME, {3369, 869345921}) = 0
4272  07:16:04 clock_gettime(CLOCK_BOOTTIME, {3369, 869360745}) = 0
4272  07:16:04 select(8, [3 5], [], NULL, NULL) = 1 (in [3])
4272  07:16:04 clock_gettime(CLOCK_BOOTTIME, {3369, 871220545}) = 0
4272  07:16:04 read(3, "\231i\30\313oj\246\375\237\243\213\274\355\r\251\350;\2\326\273\33\3026\27\275\242#\310\367\216^\37"..., 8192) = 836
4272  07:16:04 clock_gettime(CLOCK_BOOTTIME, {3369, 871267174}) = 0
4272  07:16:04 clock_gettime(CLOCK_BOOTTIME, {3369, 871281462}) = 0
4272  07:16:04 select(8, [3 5], [6], NULL, NULL) = 1 (out [6])
4272  07:16:04 clock_gettime(CLOCK_BOOTTIME, {3369, 871315201}) = 0
4272  07:16:04 write(6, "eth0: flags=4163<UP,BROADCAST,RU"..., 799) = 799
4272  07:16:04 clock_gettime(CLOCK_BOOTTIME, {3369, 871409143}) = 0
4272  07:16:04 clock_gettime(CLOCK_BOOTTIME, {3369, 871424429}) = 0
4272  07:16:04 select(8, [3 5], [], NULL, NULL) = 1 (in [5])
4272  07:16:33 clock_gettime(CLOCK_BOOTTIME, {3399, 643660051}) = 0
4272  07:16:33 read(5, "c", 16384)      = 1
4272  07:16:33 clock_gettime(CLOCK_BOOTTIME, {3399, 644010160}) = 0
4272  07:16:33 clock_gettime(CLOCK_BOOTTIME, {3399, 644070169}) = 0
4272  07:16:33 select(8, [3 5], [3], NULL, NULL) = 1 (out [3])
4272  07:16:33 clock_gettime(CLOCK_BOOTTIME, {3399, 644391711}) = 0
4272  07:16:33 write(3, "\255\313\232>k@\2131Z\364&@\350>\315\340\\*\332w\rPQ\271\312\212\227\341\337\236\\v"..., 36) = 36
4272  07:16:33 clock_gettime(CLOCK_BOOTTIME, {3399, 645058550}) = 0
4272  07:16:33 clock_gettime(CLOCK_BOOTTIME, {3399, 645125743}) = 0
4272  07:16:33 select(8, [3 5], [], NULL, NULL) = 1 (in [3])
4272  07:16:33 clock_gettime(CLOCK_BOOTTIME, {3399, 653849153}) = 0
4272  07:16:33 read(3, "B\334\350\362\376\203=U\254\225o\32\207\205(\27\324\251Y\311\0\343.\314J2\316\215\376\314.\25"..., 8192) = 36
4272  07:16:33 clock_gettime(CLOCK_BOOTTIME, {3399, 654017468}) = 0
4272  07:16:33 clock_gettime(CLOCK_BOOTTIME, {3399, 654075531}) = 0
4272  07:16:33 select(8, [3 5], [6], NULL, NULL) = 1 (out [6])
4272  07:16:33 clock_gettime(CLOCK_BOOTTIME, {3399, 654354049}) = 0
4272  07:16:33 write(6, "c", 1)         = 1
4272  07:16:33 clock_gettime(CLOCK_BOOTTIME, {3399, 654549400}) = 0
4272  07:16:33 clock_gettime(CLOCK_BOOTTIME, {3399, 654611225}) = 0
4272  07:16:33 select(8, [3 5], [], NULL, NULL) = 1 (in [5])
4272  07:16:33 clock_gettime(CLOCK_BOOTTIME, {3399, 757215829}) = 0
4272  07:16:33 read(5, "l", 16384)      = 1
4272  07:16:33 clock_gettime(CLOCK_BOOTTIME, {3399, 758102282}) = 0
4272  07:16:33 clock_gettime(CLOCK_BOOTTIME, {3399, 758774444}) = 0
4272  07:16:33 select(8, [3 5], [3], NULL, NULL) = 1 (out [3])
4272  07:16:33 clock_gettime(CLOCK_BOOTTIME, {3399, 760594037}) = 0
4272  07:16:33 write(3, "\3143\331\0\210p\337?X\275\377%\271\263\364\361\306\27\356X!a\260\25\344\277\242*\235\264\260\363"..., 36) = 36
4272  07:16:33 clock_gettime(CLOCK_BOOTTIME, {3399, 762589796}) = 0
4272  07:16:33 clock_gettime(CLOCK_BOOTTIME, {3399, 763250161}) = 0
4272  07:16:33 select(8, [3 5], [], NULL, NULL) = 1 (in [3])
4272  07:16:33 clock_gettime(CLOCK_BOOTTIME, {3399, 773418159}) = 0
4272  07:16:33 read(3, "\304\340\235\224\333\273\34's \311\25I\20iq\347\21\2\4Y\205\r\334\370\334\323\242X\205E\213"..., 8192) = 36
4272  07:16:33 clock_gettime(CLOCK_BOOTTIME, {3399, 774711558}) = 0
4272  07:16:33 clock_gettime(CLOCK_BOOTTIME, {3399, 775366481}) = 0
4272  07:16:34 select(8, [3 5], [6], NULL, NULL) = 1 (out [6])
4272  07:16:34 clock_gettime(CLOCK_BOOTTIME, {3399, 777046454}) = 0
4272  07:16:34 write(6, "l", 1)         = 1
4272  07:16:34 clock_gettime(CLOCK_BOOTTIME, {3399, 777937380}) = 0
4272  07:16:34 clock_gettime(CLOCK_BOOTTIME, {3399, 778015425}) = 0
4272  07:16:34 select(8, [3 5], [], NULL, NULL) = 1 (in [5])
4272  07:16:34 clock_gettime(CLOCK_BOOTTIME, {3399, 930622682}) = 0
4272  07:16:34 read(5, "e", 16384)      = 1
4272  07:16:34 clock_gettime(CLOCK_BOOTTIME, {3399, 930899700}) = 0
4272  07:16:34 clock_gettime(CLOCK_BOOTTIME, {3399, 930958238}) = 0
4272  07:16:34 select(8, [3 5], [3], NULL, NULL) = 1 (out [3])
4272  07:16:34 clock_gettime(CLOCK_BOOTTIME, {3399, 931097997}) = 0
4272  07:16:34 write(3, "\t\343\236#]p\257]\213\340\n\250?\224\341N\314\34^\336\210\343\334\230c\373\242L*_\3613"..., 36) = 36
4272  07:16:34 clock_gettime(CLOCK_BOOTTIME, {3399, 931741653}) = 0
4272  07:16:34 clock_gettime(CLOCK_BOOTTIME, {3399, 931808111}) = 0
4272  07:16:34 select(8, [3 5], [], NULL, NULL) = 1 (in [3])
4272  07:16:34 clock_gettime(CLOCK_BOOTTIME, {3399, 940314532}) = 0
4272  07:16:34 read(3, "T\227e\211\17\277G\340\317k\10\372\216\264u4\375\212\237\254=\212\377I\21\254Pa\0T\213F"..., 8192) = 36
4272  07:16:34 clock_gettime(CLOCK_BOOTTIME, {3399, 940551216}) = 0
4272  07:16:34 clock_gettime(CLOCK_BOOTTIME, {3399, 940614932}) = 0
4272  07:16:34 select(8, [3 5], [6], NULL, NULL) = 1 (out [6])
4272  07:16:34 clock_gettime(CLOCK_BOOTTIME, {3399, 940917594}) = 0
4272  07:16:34 write(6, "e", 1)         = 1
4272  07:16:34 clock_gettime(CLOCK_BOOTTIME, {3399, 941157865}) = 0
4272  07:16:34 clock_gettime(CLOCK_BOOTTIME, {3399, 941220220}) = 0
4272  07:16:34 select(8, [3 5], [], NULL, NULL) = 1 (in [5])
4272  07:16:34 clock_gettime(CLOCK_BOOTTIME, {3400, 158818995}) = 0
4272  07:16:34 read(5, "a", 16384)      = 1
4272  07:16:34 clock_gettime(CLOCK_BOOTTIME, {3400, 160359309}) = 0
4272  07:16:34 clock_gettime(CLOCK_BOOTTIME, {3400, 161023767}) = 0
4272  07:16:34 select(8, [3 5], [3], NULL, NULL) = 1 (out [3])
4272  07:16:34 clock_gettime(CLOCK_BOOTTIME, {3400, 162555802}) = 0
4272  07:16:34 write(3, "\244\31\266k\346\363\246^\274\272\271\236\6!\346\7rQ\342\324\331\16\325$\306\356\t\260\333\377~\37"..., 36) = 36
4272  07:16:34 clock_gettime(CLOCK_BOOTTIME, {3400, 164703136}) = 0
4272  07:16:34 clock_gettime(CLOCK_BOOTTIME, {3400, 165448024}) = 0
4272  07:16:34 select(8, [3 5], [], NULL, NULL) = 1 (in [3])
4272  07:16:34 clock_gettime(CLOCK_BOOTTIME, {3400, 172730941}) = 0
4272  07:16:34 read(3, "DQ\357eE\25\rC\244\230\2\247,s\350\304\234F[\30\ny\0224\32H[\353\0335\200G"..., 8192) = 36
4272  07:16:34 clock_gettime(CLOCK_BOOTTIME, {3400, 172884143}) = 0
4272  07:16:34 clock_gettime(CLOCK_BOOTTIME, {3400, 172994650}) = 0
4272  07:16:34 select(8, [3 5], [6], NULL, NULL) = 1 (out [6])
4272  07:16:34 clock_gettime(CLOCK_BOOTTIME, {3400, 173207326}) = 0
4272  07:16:34 write(6, "a", 1)         = 1
4272  07:16:34 clock_gettime(CLOCK_BOOTTIME, {3400, 173399951}) = 0
4272  07:16:34 clock_gettime(CLOCK_BOOTTIME, {3400, 173457113}) = 0
4272  07:16:34 select(8, [3 5], [], NULL, NULL) = 1 (in [5])
4272  07:16:34 clock_gettime(CLOCK_BOOTTIME, {3400, 343278358}) = 0
4272  07:16:34 read(5, "r", 16384)      = 1
4272  07:16:34 clock_gettime(CLOCK_BOOTTIME, {3400, 343454864}) = 0
4272  07:16:34 clock_gettime(CLOCK_BOOTTIME, {3400, 343514207}) = 0
4272  07:16:34 select(8, [3 5], [3], NULL, NULL) = 1 (out [3])
4272  07:16:34 clock_gettime(CLOCK_BOOTTIME, {3400, 343652716}) = 0
4272  07:16:34 write(3, "\263S\254\271\213u\367\32\201iCO\2054(\6<\343X`+O\v\312\237DhY\363\230\34\250"..., 36) = 36
4272  07:16:34 clock_gettime(CLOCK_BOOTTIME, {3400, 344566091}) = 0
4272  07:16:34 clock_gettime(CLOCK_BOOTTIME, {3400, 344646607}) = 0
4272  07:16:34 select(8, [3 5], [], NULL, NULL) = 1 (in [3])
4272  07:16:34 clock_gettime(CLOCK_BOOTTIME, {3400, 352731327}) = 0
4272  07:16:34 read(3, "\342\327\365\233\301\22\22\316\361-vMo?O\322\34'\213\203\211t\324\321\350\24\17\t.i\353\302"..., 8192) = 36
4272  07:16:34 clock_gettime(CLOCK_BOOTTIME, {3400, 352889206}) = 0
4272  07:16:34 clock_gettime(CLOCK_BOOTTIME, {3400, 353021156}) = 0
4272  07:16:34 select(8, [3 5], [6], NULL, NULL) = 1 (out [6])
4272  07:16:34 clock_gettime(CLOCK_BOOTTIME, {3400, 353170916}) = 0
4272  07:16:34 write(6, "r", 1)         = 1
4272  07:16:34 clock_gettime(CLOCK_BOOTTIME, {3400, 353405314}) = 0
4272  07:16:34 clock_gettime(CLOCK_BOOTTIME, {3400, 353464063}) = 0
4272  07:16:34 select(8, [3 5], [], NULL, NULL) = 1 (in [5])
4272  07:16:34 clock_gettime(CLOCK_BOOTTIME, {3400, 557209017}) = 0
4272  07:16:34 read(5, "\r", 16384)     = 1
4272  07:16:34 clock_gettime(CLOCK_BOOTTIME, {3400, 557266413}) = 0
4272  07:16:34 clock_gettime(CLOCK_BOOTTIME, {3400, 557280570}) = 0
4272  07:16:34 select(8, [3 5], [3], NULL, NULL) = 1 (out [3])
4272  07:16:34 clock_gettime(CLOCK_BOOTTIME, {3400, 557316614}) = 0
4272  07:16:34 write(3, "jjH\323\314\373\335\363\316_\254\267\204\22{OY\24T\317\254inB\316I9\225,\26Zv"..., 36) = 36
4272  07:16:34 clock_gettime(CLOCK_BOOTTIME, {3400, 557517128}) = 0
4272  07:16:34 clock_gettime(CLOCK_BOOTTIME, {3400, 557534002}) = 0
4272  07:16:34 select(8, [3 5], [], NULL, NULL) = 1 (in [3])
4272  07:16:34 clock_gettime(CLOCK_BOOTTIME, {3400, 565691295}) = 0
4272  07:16:34 read(3, "\327|\350\365\344\217L\370\220\371E\v\322R\372;{\345\345\233\234O\256\312\177\314x\0022\327\227\33"..., 8192) = 36
4272  07:16:34 clock_gettime(CLOCK_BOOTTIME, {3400, 565732234}) = 0
4272  07:16:34 clock_gettime(CLOCK_BOOTTIME, {3400, 565746318}) = 0
4272  07:16:34 select(8, [3 5], [6], NULL, NULL) = 1 (out [6])
4272  07:16:34 clock_gettime(CLOCK_BOOTTIME, {3400, 565810049}) = 0
4272  07:16:34 write(6, "\r\n", 2)      = 2
4272  07:16:34 clock_gettime(CLOCK_BOOTTIME, {3400, 565859578}) = 0
4272  07:16:34 clock_gettime(CLOCK_BOOTTIME, {3400, 565874288}) = 0
4272  07:16:34 select(8, [3 5], [], NULL, NULL) = 1 (in [3])
4272  07:16:34 clock_gettime(CLOCK_BOOTTIME, {3400, 566905642}) = 0
4272  07:16:34 read(3, "\311\301\307\333\312\10P7\203`\21\312urN&r\4%\226\177\300\356\373\332\3738\243\360\241-\247"..., 8192) = 76
4272  07:16:34 clock_gettime(CLOCK_BOOTTIME, {3400, 566942034}) = 0
4272  07:16:34 clock_gettime(CLOCK_BOOTTIME, {3400, 566955752}) = 0
4272  07:16:34 select(8, [3 5], [6], NULL, NULL) = 1 (out [6])
4272  07:16:34 clock_gettime(CLOCK_BOOTTIME, {3400, 566987829}) = 0
4272  07:16:34 write(6, "\33[3;J\33[H\33[2J[root@VM_140_32_cent"..., 39) = 39
4272  07:16:34 clock_gettime(CLOCK_BOOTTIME, {3400, 567033821}) = 0
4272  07:16:34 clock_gettime(CLOCK_BOOTTIME, {3400, 567048535}) = 0
4272  07:16:34 select(8, [3 5], [], NULL, NULL) = 1 (in [5])
4272  07:16:36 clock_gettime(CLOCK_BOOTTIME, {3401, 834694155}) = 0
4272  07:16:36 read(5, "e", 16384)      = 1
4272  07:16:36 clock_gettime(CLOCK_BOOTTIME, {3401, 834938274}) = 0
4272  07:16:36 clock_gettime(CLOCK_BOOTTIME, {3401, 835007388}) = 0
4272  07:16:36 select(8, [3 5], [3], NULL, NULL) = 1 (out [3])
4272  07:16:36 clock_gettime(CLOCK_BOOTTIME, {3401, 835147652}) = 0
4272  07:16:36 write(3, "\212\304=N\33`b\244+\24\332\217u\322$`\315\351\16}\3\\\317+<\231\v\200\251\34\370J"..., 36) = 36
4272  07:16:36 clock_gettime(CLOCK_BOOTTIME, {3401, 835803655}) = 0
4272  07:16:36 clock_gettime(CLOCK_BOOTTIME, {3401, 835869923}) = 0
4272  07:16:36 select(8, [3 5], [], NULL, NULL) = 1 (in [3])
4272  07:16:36 clock_gettime(CLOCK_BOOTTIME, {3401, 844430183}) = 0
4272  07:16:36 read(3, "\32 \204#\216\1j*\0319\210\301\327\220\374\320\275\334\375/\37\t\267\216\324\246\327\273\207f;\2"..., 8192) = 36
4272  07:16:36 clock_gettime(CLOCK_BOOTTIME, {3401, 844588948}) = 0
4272  07:16:36 clock_gettime(CLOCK_BOOTTIME, {3401, 844645550}) = 0
4272  07:16:36 select(8, [3 5], [6], NULL, NULL) = 1 (out [6])
4272  07:16:36 clock_gettime(CLOCK_BOOTTIME, {3401, 844780447}) = 0
4272  07:16:36 write(6, "e", 1)         = 1
4272  07:16:36 clock_gettime(CLOCK_BOOTTIME, {3401, 845227208}) = 0
4272  07:16:36 clock_gettime(CLOCK_BOOTTIME, {3401, 845309304}) = 0
4272  07:16:36 select(8, [3 5], [], NULL, NULL) = 1 (in [5])
4272  07:16:36 clock_gettime(CLOCK_BOOTTIME, {3402, 73564546}) = 0
4272  07:16:36 read(5, "x", 16384)      = 1
4272  07:16:36 clock_gettime(CLOCK_BOOTTIME, {3402, 73697753}) = 0
4272  07:16:36 clock_gettime(CLOCK_BOOTTIME, {3402, 73732164}) = 0
4272  07:16:36 select(8, [3 5], [3], NULL, NULL) = 1 (out [3])
4272  07:16:36 clock_gettime(CLOCK_BOOTTIME, {3402, 73819120}) = 0
4272  07:16:36 write(3, "\221\251%\377\363\240u\2730q\257\233bK\355\257.}\336F\331*\343?W}'j6\223\353\324"..., 36) = 36
4272  07:16:36 clock_gettime(CLOCK_BOOTTIME, {3402, 74241977}) = 0
4272  07:16:36 clock_gettime(CLOCK_BOOTTIME, {3402, 74284332}) = 0
4272  07:16:36 select(8, [3 5], [], NULL, NULL) = 1 (in [3])
4272  07:16:36 clock_gettime(CLOCK_BOOTTIME, {3402, 82462648}) = 0
4272  07:16:36 read(3, "\215\356\244\r\7w\245\230\352D\323\375\273f\323K\330\23\330/>\257J\371\322b.3\236\213\2118"..., 8192) = 36
4272  07:16:36 clock_gettime(CLOCK_BOOTTIME, {3402, 82596858}) = 0
4272  07:16:36 clock_gettime(CLOCK_BOOTTIME, {3402, 82634709}) = 0
4272  07:16:36 select(8, [3 5], [6], NULL, NULL) = 1 (out [6])
4272  07:16:36 clock_gettime(CLOCK_BOOTTIME, {3402, 82721143}) = 0
4272  07:16:36 write(6, "x", 1)         = 1
4272  07:16:36 clock_gettime(CLOCK_BOOTTIME, {3402, 82836186}) = 0
4272  07:16:36 clock_gettime(CLOCK_BOOTTIME, {3402, 82873167}) = 0
4272  07:16:36 select(8, [3 5], [], NULL, NULL) = 1 (in [5])
4272  07:16:36 clock_gettime(CLOCK_BOOTTIME, {3402, 231031284}) = 0
4272  07:16:36 read(5, "i", 16384)      = 1
4272  07:16:36 clock_gettime(CLOCK_BOOTTIME, {3402, 231192705}) = 0
4272  07:16:36 clock_gettime(CLOCK_BOOTTIME, {3402, 231248917}) = 0
4272  07:16:36 select(8, [3 5], [3], NULL, NULL) = 1 (out [3])
4272  07:16:36 clock_gettime(CLOCK_BOOTTIME, {3402, 231381453}) = 0
4272  07:16:36 write(3, "\270\241a\23\231GdH\307\217\360y\1\376\345\323\363\271\251>\252\275.\233\226V\217\27i\242H\222"..., 36) = 36
4272  07:16:36 clock_gettime(CLOCK_BOOTTIME, {3402, 232113334}) = 0
4272  07:16:36 clock_gettime(CLOCK_BOOTTIME, {3402, 232189812}) = 0
4272  07:16:36 select(8, [3 5], [], NULL, NULL) = 1 (in [3])
4272  07:16:36 clock_gettime(CLOCK_BOOTTIME, {3402, 240799672}) = 0
4272  07:16:36 read(3, "!\222\311\265\243\"\234(n\267!\371\2178I\240\tP}\267~\246z\342\256\321\0306\337YK2"..., 8192) = 36
4272  07:16:36 clock_gettime(CLOCK_BOOTTIME, {3402, 240960098}) = 0
4272  07:16:36 clock_gettime(CLOCK_BOOTTIME, {3402, 241089131}) = 0
4272  07:16:36 select(8, [3 5], [6], NULL, NULL) = 1 (out [6])
4272  07:16:36 clock_gettime(CLOCK_BOOTTIME, {3402, 241237575}) = 0
4272  07:16:36 write(6, "i", 1)         = 1
4272  07:16:36 clock_gettime(CLOCK_BOOTTIME, {3402, 241420164}) = 0
4272  07:16:36 clock_gettime(CLOCK_BOOTTIME, {3402, 241480438}) = 0
4272  07:16:36 select(8, [3 5], [], NULL, NULL) = 1 (in [5])
4272  07:16:36 clock_gettime(CLOCK_BOOTTIME, {3402, 366621908}) = 0
4272  07:16:36 read(5, "t", 16384)      = 1
4272  07:16:36 clock_gettime(CLOCK_BOOTTIME, {3402, 366857797}) = 0
4272  07:16:36 clock_gettime(CLOCK_BOOTTIME, {3402, 367078467}) = 0
4272  07:16:36 select(8, [3 5], [3], NULL, NULL) = 1 (out [3])
4272  07:16:36 clock_gettime(CLOCK_BOOTTIME, {3402, 367229733}) = 0
4272  07:16:36 write(3, "\257\31\325a\31\317[\272\220\372\203\350\374\262J\211\232\354\201\375\372\243>\272\323\332\332\224&{^\207"..., 36) = 36
4272  07:16:36 clock_gettime(CLOCK_BOOTTIME, {3402, 367914477}) = 0
4272  07:16:36 clock_gettime(CLOCK_BOOTTIME, {3402, 367981500}) = 0
4272  07:16:36 select(8, [3 5], [], NULL, NULL) = 1 (in [3])
4272  07:16:36 clock_gettime(CLOCK_BOOTTIME, {3402, 376385057}) = 0
4272  07:16:36 read(3, "\10\311\3378\333f\246\26\21\363=\273\6<\340\2403\232t\2261<\365\302\2066\277\3\252H\37'"..., 8192) = 36
4272  07:16:36 clock_gettime(CLOCK_BOOTTIME, {3402, 376765954}) = 0
4272  07:16:36 clock_gettime(CLOCK_BOOTTIME, {3402, 376903227}) = 0
4272  07:16:36 select(8, [3 5], [6], NULL, NULL) = 1 (out [6])
4272  07:16:36 clock_gettime(CLOCK_BOOTTIME, {3402, 377047058}) = 0
4272  07:16:36 write(6, "t", 1)         = 1
4272  07:16:36 clock_gettime(CLOCK_BOOTTIME, {3402, 377234410}) = 0
4272  07:16:36 clock_gettime(CLOCK_BOOTTIME, {3402, 377294079}) = 0
4272  07:16:36 select(8, [3 5], [], NULL, NULL) = 1 (in [5])
4272  07:16:37 clock_gettime(CLOCK_BOOTTIME, {3402, 785280836}) = 0
4272  07:16:37 read(5, "\r", 16384)     = 1
4272  07:16:37 clock_gettime(CLOCK_BOOTTIME, {3402, 785333040}) = 0
4272  07:16:37 clock_gettime(CLOCK_BOOTTIME, {3402, 785347564}) = 0
4272  07:16:37 select(8, [3 5], [3], NULL, NULL) = 1 (out [3])
4272  07:16:37 clock_gettime(CLOCK_BOOTTIME, {3402, 785384036}) = 0
4272  07:16:37 write(3, "b\206\247\233\302\277\347\215\346\352\36\367\254\24\233E\346d\16I\276\347\2u\230\303in\233\331p\353"..., 36) = 36
4272  07:16:37 clock_gettime(CLOCK_BOOTTIME, {3402, 785578712}) = 0
4272  07:16:37 clock_gettime(CLOCK_BOOTTIME, {3402, 785595811}) = 0
4272  07:16:37 select(8, [3 5], [], NULL, NULL) = 1 (in [3])
4272  07:16:37 clock_gettime(CLOCK_BOOTTIME, {3402, 794525602}) = 0
4272  07:16:37 read(3, "\224\253/\3552\226\254\325\313\346E\r\0x\17\301\344\346\30\302\371F8\237<-\353\300q\257-\2"..., 8192) = 220
4272  07:16:37 close(5)                 = 0
4272  07:16:37 clock_gettime(CLOCK_BOOTTIME, {3402, 794588910}) = 0
4272  07:16:37 clock_gettime(CLOCK_BOOTTIME, {3402, 794603422}) = 0
4272  07:16:37 select(8, [3], [6], NULL, NULL) = 1 (out [6])
4272  07:16:37 clock_gettime(CLOCK_BOOTTIME, {3402, 794637400}) = 0
4272  07:16:37 write(6, "\r\nlogout\r\n", 10) = 10
4272  07:16:37 clock_gettime(CLOCK_BOOTTIME, {3402, 794685443}) = 0
4272  07:16:37 clock_gettime(CLOCK_BOOTTIME, {3402, 794700290}) = 0
4272  07:16:37 close(6)                 = 0
4272  07:16:37 ioctl(0, TCGETS, {B38400 -opost -isig -icanon -echo ...}) = 0
4272  07:16:37 ioctl(0, SNDCTL_TMR_STOP or TCSETSW, {B38400 opost isig icanon echo ...}) = 0
4272  07:16:37 ioctl(0, TCGETS, {B38400 opost isig icanon echo ...}) = 0
4272  07:16:37 close(7)                 = 0
4272  07:16:37 select(8, [3], [3], NULL, NULL) = 1 (out [3])
4272  07:16:37 clock_gettime(CLOCK_BOOTTIME, {3402, 794817677}) = 0
4272  07:16:37 write(3, "f\336\2001a\312\271]\230\6\226\207\0216e\250bD\334\357t\225Dp\346Z\1{.\266R\235"..., 36) = 36
4272  07:16:37 rt_sigaction(SIGWINCH, NULL, {0x55e43232f220, [], SA_RESTORER, 0x7f00b20404b0}, 8) = 0
4272  07:16:37 rt_sigaction(SIGWINCH, {SIG_DFL, [], SA_RESTORER, 0x7f00b20404b0}, NULL, 8) = 0
4272  07:16:37 write(3, ";\226\336\304\0\355\361\374U\232\235\313\236uJ\303U\361+\03330<\345\307\36\226\17\340%\303\242"..., 60) = 60
4272  07:16:37 ioctl(0, TCGETS, {B38400 opost isig icanon echo ...}) = 0
4272  07:16:37 ioctl(1, TCGETS, {B38400 opost isig icanon echo ...}) = 0
4272  07:16:37 ioctl(2, TCGETS, {B38400 opost isig icanon echo ...}) = 0
4272  07:16:37 write(2, "Connection to 119.29.40.162 clos"..., 37) = 37
4272  07:16:37 close(3)                 = 0
4272  07:16:37 exit_group(0)            = ?
4272  07:16:37 +++ exited with 0 +++
