10168 16:22:10 connect(3, {sa_family=AF_INET, sin_port=htons(22), sin_addr=inet_addr("119.29.40.162")}, 16) = 0
10168 16:22:10 setsockopt(3, SOL_SOCKET, SO_KEEPALIVE, [1], 4) = 0
10168 16:22:10 getpeername(3, {sa_family=AF_INET, sin_port=htons(22), sin_addr=inet_addr("119.29.40.162")}, [16]) = 0
10168 16:22:10 getpeername(3, {sa_family=AF_INET, sin_port=htons(22), sin_addr=inet_addr("119.29.40.162")}, [16]) = 0
10168 16:22:10 getsockname(3, {sa_family=AF_INET, sin_port=htons(57604), sin_addr=inet_addr("192.168.0.112")}, [16]) = 0
10168 16:22:10 getsockname(3, {sa_family=AF_INET, sin_port=htons(57604), sin_addr=inet_addr("192.168.0.112")}, [16]) = 0
10168 16:22:10 stat("/home/audituser/.ssh", {st_mode=S_IFDIR|0700, st_size=4096, ...}) = 0
10168 16:22:10 open("/etc/passwd", O_RDONLY|O_CLOEXEC) = 4
10168 16:22:10 lseek(4, 0, SEEK_CUR)    = 0
10168 16:22:10 fstat(4, {st_mode=S_IFREG|0644, st_size=2403, ...}) = 0
10168 16:22:10 mmap(NULL, 2403, PROT_READ, MAP_SHARED, 4, 0) = 0x7f07ece15000
10168 16:22:10 lseek(4, 2403, SEEK_SET) = 2403
10168 16:22:10 munmap(0x7f07ece15000, 2403) = 0
10168 16:22:10 close(4)                 = 0
10168 16:22:10 uname({sysname="Linux", nodename="yun-virtual-machine", ...}) = 0
10168 16:22:10 open("/etc/passwd", O_RDONLY|O_CLOEXEC) = 4
10168 16:22:10 lseek(4, 0, SEEK_CUR)    = 0
10168 16:22:10 fstat(4, {st_mode=S_IFREG|0644, st_size=2403, ...}) = 0
10168 16:22:10 mmap(NULL, 2403, PROT_READ, MAP_SHARED, 4, 0) = 0x7f07ece15000
10168 16:22:10 lseek(4, 2403, SEEK_SET) = 2403
10168 16:22:10 munmap(0x7f07ece15000, 2403) = 0
10168 16:22:10 close(4)                 = 0
10168 16:22:10 open("/home/audituser/.ssh/id_rsa", O_RDONLY) = -1 ENOENT (No such file or directory)
10168 16:22:10 open("/home/audituser/.ssh/id_rsa.pub", O_RDONLY) = -1 ENOENT (No such file or directory)
10168 16:22:10 open("/home/audituser/.ssh/id_rsa-cert", O_RDONLY) = -1 ENOENT (No such file or directory)
10168 16:22:10 open("/home/audituser/.ssh/id_rsa-cert.pub", O_RDONLY) = -1 ENOENT (No such file or directory)
10168 16:22:10 open("/etc/passwd", O_RDONLY|O_CLOEXEC) = 4
10168 16:22:10 lseek(4, 0, SEEK_CUR)    = 0
10168 16:22:10 fstat(4, {st_mode=S_IFREG|0644, st_size=2403, ...}) = 0
10168 16:22:10 mmap(NULL, 2403, PROT_READ, MAP_SHARED, 4, 0) = 0x7f07ece15000
10168 16:22:10 lseek(4, 2403, SEEK_SET) = 2403
10168 16:22:10 munmap(0x7f07ece15000, 2403) = 0
10168 16:22:10 close(4)                 = 0
10168 16:22:10 open("/home/audituser/.ssh/id_dsa", O_RDONLY) = -1 ENOENT (No such file or directory)
10168 16:22:10 open("/home/audituser/.ssh/id_dsa.pub", O_RDONLY) = -1 ENOENT (No such file or directory)
10168 16:22:10 open("/home/audituser/.ssh/id_dsa-cert", O_RDONLY) = -1 ENOENT (No such file or directory)
10168 16:22:10 open("/home/audituser/.ssh/id_dsa-cert.pub", O_RDONLY) = -1 ENOENT (No such file or directory)
10168 16:22:10 open("/etc/passwd", O_RDONLY|O_CLOEXEC) = 4
10168 16:22:10 lseek(4, 0, SEEK_CUR)    = 0
10168 16:22:10 fstat(4, {st_mode=S_IFREG|0644, st_size=2403, ...}) = 0
10168 16:22:10 mmap(NULL, 2403, PROT_READ, MAP_SHARED, 4, 0) = 0x7f07ece15000
10168 16:22:10 lseek(4, 2403, SEEK_SET) = 2403
10168 16:22:10 munmap(0x7f07ece15000, 2403) = 0
10168 16:22:10 close(4)                 = 0
10168 16:22:10 open("/home/audituser/.ssh/id_ecdsa", O_RDONLY) = -1 ENOENT (No such file or directory)
10168 16:22:10 open("/home/audituser/.ssh/id_ecdsa.pub", O_RDONLY) = -1 ENOENT (No such file or directory)
10168 16:22:10 open("/home/audituser/.ssh/id_ecdsa-cert", O_RDONLY) = -1 ENOENT (No such file or directory)
10168 16:22:10 open("/home/audituser/.ssh/id_ecdsa-cert.pub", O_RDONLY) = -1 ENOENT (No such file or directory)
10168 16:22:10 open("/etc/passwd", O_RDONLY|O_CLOEXEC) = 4
10168 16:22:10 lseek(4, 0, SEEK_CUR)    = 0
10168 16:22:10 fstat(4, {st_mode=S_IFREG|0644, st_size=2403, ...}) = 0
10168 16:22:10 mmap(NULL, 2403, PROT_READ, MAP_SHARED, 4, 0) = 0x7f07ece15000
10168 16:22:10 lseek(4, 2403, SEEK_SET) = 2403
10168 16:22:10 munmap(0x7f07ece15000, 2403) = 0
10168 16:22:10 close(4)                 = 0
10168 16:22:10 open("/home/audituser/.ssh/id_ed25519", O_RDONLY) = -1 ENOENT (No such file or directory)
10168 16:22:10 open("/home/audituser/.ssh/id_ed25519.pub", O_RDONLY) = -1 ENOENT (No such file or directory)
10168 16:22:10 open("/home/audituser/.ssh/id_ed25519-cert", O_RDONLY) = -1 ENOENT (No such file or directory)
10168 16:22:10 open("/home/audituser/.ssh/id_ed25519-cert.pub", O_RDONLY) = -1 ENOENT (No such file or directory)
10168 16:22:10 open("/etc/passwd", O_RDONLY|O_CLOEXEC) = 4
10168 16:22:10 lseek(4, 0, SEEK_CUR)    = 0
10168 16:22:10 fstat(4, {st_mode=S_IFREG|0644, st_size=2403, ...}) = 0
10168 16:22:10 mmap(NULL, 2403, PROT_READ, MAP_SHARED, 4, 0) = 0x7f07ece15000
10168 16:22:10 lseek(4, 2403, SEEK_SET) = 2403
10168 16:22:10 munmap(0x7f07ece15000, 2403) = 0
10168 16:22:10 close(4)                 = 0
10168 16:22:10 open("/etc/passwd", O_RDONLY|O_CLOEXEC) = 4
10168 16:22:10 lseek(4, 0, SEEK_CUR)    = 0
10168 16:22:10 fstat(4, {st_mode=S_IFREG|0644, st_size=2403, ...}) = 0
10168 16:22:10 mmap(NULL, 2403, PROT_READ, MAP_SHARED, 4, 0) = 0x7f07ece15000
10168 16:22:10 lseek(4, 2403, SEEK_SET) = 2403
10168 16:22:10 munmap(0x7f07ece15000, 2403) = 0
10168 16:22:10 close(4)                 = 0
10168 16:22:10 rt_sigaction(SIGPIPE, NULL, {SIG_DFL, [], 0}, 8) = 0
10168 16:22:10 rt_sigaction(SIGPIPE, {SIG_IGN, [], SA_RESTORER, 0x7f07ebde14b0}, NULL, 8) = 0
10168 16:22:10 rt_sigaction(SIGCHLD, NULL, {SIG_DFL, [], 0}, 8) = 0
10168 16:22:10 rt_sigaction(SIGCHLD, {0x5571ce91c180, [], SA_RESTORER, 0x7f07ebde14b0}, NULL, 8) = 0
10168 16:22:10 write(3, "SSH-2.0-OpenSSH_7.6\r\n", 21) = 21
10168 16:22:10 read(3, "S", 1)          = 1
10168 16:22:10 read(3, "S", 1)          = 1
10168 16:22:10 read(3, "H", 1)          = 1
10168 16:22:10 read(3, "-", 1)          = 1
10168 16:22:10 read(3, "2", 1)          = 1
10168 16:22:10 read(3, ".", 1)          = 1
10168 16:22:10 read(3, "0", 1)          = 1
10168 16:22:10 read(3, "-", 1)          = 1
10168 16:22:10 read(3, "O", 1)          = 1
10168 16:22:10 read(3, "p", 1)          = 1
10168 16:22:10 read(3, "e", 1)          = 1
10168 16:22:10 read(3, "n", 1)          = 1
10168 16:22:10 read(3, "S", 1)          = 1
10168 16:22:10 read(3, "S", 1)          = 1
10168 16:22:10 read(3, "H", 1)          = 1
10168 16:22:10 read(3, "_", 1)          = 1
10168 16:22:10 read(3, "6", 1)          = 1
10168 16:22:10 read(3, ".", 1)          = 1
10168 16:22:10 read(3, "6", 1)          = 1
10168 16:22:10 read(3, ".", 1)          = 1
10168 16:22:10 read(3, "1", 1)          = 1
10168 16:22:10 read(3, "\r", 1)         = 1
10168 16:22:10 read(3, "\n", 1)         = 1
10168 16:22:10 fcntl(3, F_GETFL)        = 0x2 (flags O_RDWR)
10168 16:22:10 fcntl(3, F_SETFL, O_RDWR|O_NONBLOCK) = 0
10168 16:22:10 open("/home/audituser/.ssh/known_hosts", O_RDONLY) = 4
10168 16:22:10 fstat(4, {st_mode=S_IFREG|0644, st_size=175, ...}) = 0
10168 16:22:10 brk(0x5571ced86000)      = 0x5571ced86000
10168 16:22:10 read(4, "119.29.40.162 ecdsa-sha2-nistp25"..., 4096) = 175
10168 16:22:10 read(4, "", 4096)        = 0
10168 16:22:10 close(4)                 = 0
10168 16:22:10 open("/home/audituser/.ssh/known_hosts2", O_RDONLY) = -1 ENOENT (No such file or directory)
10168 16:22:10 open("/usr/local/openssh/etc/ssh_known_hosts", O_RDONLY) = -1 ENOENT (No such file or directory)
10168 16:22:10 open("/usr/local/openssh/etc/ssh_known_hosts2", O_RDONLY) = -1 ENOENT (No such file or directory)
10168 16:22:10 write(3, "\0\0\5L\5\24:E\273V1\4\24722Pl\340\35\267C5\0\0\0010curve2"..., 1360) = 1360
10168 16:22:10 select(4, [3], NULL, NULL, NULL) = 1 (in [3])
10168 16:22:10 read(3, "\0\0\6d\n\24\304\307l\10 \245\372\264mN\204CP9\217(\0\0\0\324curve2"..., 8192) = 1404
10168 16:22:10 select(4, [3], NULL, NULL, NULL) = 1 (in [3])
10168 16:22:10 read(3, "nssh.com,hmac-md5,hmac-sha1,umac"..., 8192) = 236
10168 16:22:10 write(3, "\0\0\0,\6\36\0\0\0 \266\242\3210m\21\210\224~\311\n}A\243\207\272\226c\203?\271\374"..., 48) = 48
10168 16:22:10 select(4, [3], NULL, NULL, NULL) = 1 (in [3])
10168 16:22:10 read(3, "\0\0\1\4\v\37\0\0\0h\0\0\0\23ecdsa-sha2-nistp25"..., 8192) = 280
10168 16:22:10 open("/home/audituser/.ssh/known_hosts", O_RDONLY) = 4
10168 16:22:10 fstat(4, {st_mode=S_IFREG|0644, st_size=175, ...}) = 0
10168 16:22:10 read(4, "119.29.40.162 ecdsa-sha2-nistp25"..., 4096) = 175
10168 16:22:10 read(4, "", 4096)        = 0
10168 16:22:10 close(4)                 = 0
10168 16:22:10 open("/home/audituser/.ssh/known_hosts2", O_RDONLY) = -1 ENOENT (No such file or directory)
10168 16:22:10 open("/usr/local/openssh/etc/ssh_known_hosts", O_RDONLY) = -1 ENOENT (No such file or directory)
10168 16:22:10 open("/usr/local/openssh/etc/ssh_known_hosts2", O_RDONLY) = -1 ENOENT (No such file or directory)
10168 16:22:10 clock_gettime(CLOCK_BOOTTIME, {7689, 77170717}) = 0
10168 16:22:10 write(3, "\0\0\0\f\n\25\0\0\0\0\0\0\0\0\0\0", 16) = 16
10168 16:22:10 write(3, "\224L\347\0163+\242F\25\374\241\351I\206\3569x\272\20\200P\305\r\31\31\7T\nP#a\216"..., 44) = 44
10168 16:22:10 select(4, [3], NULL, NULL, NULL) = 1 (in [3])
10168 16:22:11 read(3, "w\315\366\367\341e\226\235\276Nv\365v4\311M\365\23_\313t\205\306\2\327\304\35XS\341\302}"..., 8192) = 44
10168 16:22:11 write(3, "\367\26\275%|I\321\363\315N<\333\250\30\366\320\352\177;\376\17H\375&.\344\377\353\337#|a"..., 60) = 60
10168 16:22:11 select(4, [3], NULL, NULL, NULL) = 1 (in [3])
10168 16:22:11 read(3, "\f\5jS\350.\323\342\16w\355\360\207\205\267\231\206\243\374\203\274@\311\375\231M\366\236\10S\274\230"..., 8192) = 84
10168 16:22:11 stat("/home/audituser/.ssh/id_rsa", 0x7ffc0e0a44c0) = -1 ENOENT (No such file or directory)
10168 16:22:11 stat("/home/audituser/.ssh/id_dsa", 0x7ffc0e0a44c0) = -1 ENOENT (No such file or directory)
10168 16:22:11 stat("/home/audituser/.ssh/id_ecdsa", 0x7ffc0e0a44c0) = -1 ENOENT (No such file or directory)
10168 16:22:11 stat("/home/audituser/.ssh/id_ed25519", 0x7ffc0e0a44c0) = -1 ENOENT (No such file or directory)
10168 16:22:11 open("/dev/tty", O_RDWR) = 4
10168 16:22:11 close(4)                 = 0
10168 16:22:11 open("/dev/tty", O_RDWR) = 4
10168 16:22:11 ioctl(4, TCGETS, {B38400 opost isig icanon echo ...}) = 0
10168 16:22:11 ioctl(4, TCGETS, {B38400 opost isig icanon echo ...}) = 0
10168 16:22:11 ioctl(4, SNDCTL_TMR_CONTINUE or TCSETSF, {B38400 opost isig icanon -echo ...}) = 0
10168 16:22:11 ioctl(4, TCGETS, {B38400 opost isig icanon -echo ...}) = 0
10168 16:22:11 rt_sigaction(SIGALRM, {0x5571ce9775a0, [], SA_RESTORER, 0x7f07ebde14b0}, {SIG_DFL, [], 0}, 8) = 0
10168 16:22:11 rt_sigaction(SIGHUP, {0x5571ce9775a0, [], SA_RESTORER, 0x7f07ebde14b0}, {SIG_DFL, [], 0}, 8) = 0
10168 16:22:11 rt_sigaction(SIGINT, {0x5571ce9775a0, [], SA_RESTORER, 0x7f07ebde14b0}, {SIG_DFL, [], 0}, 8) = 0
10168 16:22:11 rt_sigaction(SIGPIPE, {0x5571ce9775a0, [], SA_RESTORER, 0x7f07ebde14b0}, {SIG_IGN, [], SA_RESTORER, 0x7f07ebde14b0}, 8) = 0
10168 16:22:11 rt_sigaction(SIGQUIT, {0x5571ce9775a0, [], SA_RESTORER, 0x7f07ebde14b0}, {SIG_DFL, [], 0}, 8) = 0
10168 16:22:11 rt_sigaction(SIGTERM, {0x5571ce9775a0, [], SA_RESTORER, 0x7f07ebde14b0}, {SIG_DFL, [], 0}, 8) = 0
10168 16:22:11 rt_sigaction(SIGTSTP, {0x5571ce9775a0, [], SA_RESTORER, 0x7f07ebde14b0}, {SIG_DFL, [], 0}, 8) = 0
10168 16:22:11 rt_sigaction(SIGTTIN, {0x5571ce9775a0, [], SA_RESTORER, 0x7f07ebde14b0}, {SIG_DFL, [], 0}, 8) = 0
10168 16:22:11 rt_sigaction(SIGTTOU, {0x5571ce9775a0, [], SA_RESTORER, 0x7f07ebde14b0}, {SIG_DFL, [], 0}, 8) = 0
10168 16:22:11 write(4, "root@119.29.40.162's password: ", 31) = 31
10168 16:22:11 read(4, "S", 1)          = 1
10168 16:22:11 read(4, "w", 1)          = 1
10168 16:22:11 read(4, "o", 1)          = 1
10168 16:22:11 read(4, "l", 1)          = 1
10168 16:22:11 read(4, "f", 1)          = 1
10168 16:22:11 read(4, "9", 1)          = 1
10168 16:22:11 read(4, "2", 1)          = 1
10168 16:22:11 read(4, "7", 1)          = 1
10168 16:22:11 read(4, "\n", 1)         = 1
10168 16:22:11 write(4, "\n", 1)        = 1
10168 16:22:11 ioctl(4, TCGETS, {B38400 opost isig icanon -echo ...}) = 0
10168 16:22:11 ioctl(4, SNDCTL_TMR_CONTINUE or TCSETSF, {B38400 opost isig icanon echo ...}) = 0
10168 16:22:11 ioctl(4, TCGETS, {B38400 opost isig icanon echo ...}) = 0
10168 16:22:11 rt_sigaction(SIGALRM, {SIG_DFL, [], SA_RESTORER, 0x7f07ebde14b0}, NULL, 8) = 0
10168 16:22:11 rt_sigaction(SIGHUP, {SIG_DFL, [], SA_RESTORER, 0x7f07ebde14b0}, NULL, 8) = 0
10168 16:22:11 rt_sigaction(SIGINT, {SIG_DFL, [], SA_RESTORER, 0x7f07ebde14b0}, NULL, 8) = 0
10168 16:22:11 rt_sigaction(SIGQUIT, {SIG_DFL, [], SA_RESTORER, 0x7f07ebde14b0}, NULL, 8) = 0
10168 16:22:11 rt_sigaction(SIGPIPE, {SIG_IGN, [], SA_RESTORER, 0x7f07ebde14b0}, NULL, 8) = 0
10168 16:22:11 rt_sigaction(SIGTERM, {SIG_DFL, [], SA_RESTORER, 0x7f07ebde14b0}, NULL, 8) = 0
10168 16:22:11 rt_sigaction(SIGTSTP, {SIG_DFL, [], SA_RESTORER, 0x7f07ebde14b0}, NULL, 8) = 0
10168 16:22:11 rt_sigaction(SIGTTIN, {SIG_DFL, [], SA_RESTORER, 0x7f07ebde14b0}, NULL, 8) = 0
10168 16:22:11 rt_sigaction(SIGTTOU, {SIG_DFL, [], SA_RESTORER, 0x7f07ebde14b0}, NULL, 8) = 0
10168 16:22:11 close(4)                 = 0
10168 16:22:11 write(3, "\205\221\353\326\301k1G>7<\312(\0333{h:\270\17\307\226\243O<=p\201\305\255\244\354"..., 148) = 148
10168 16:22:11 select(4, [3], NULL, NULL, NULL) = 1 (in [3])
10168 16:22:11 read(3, "zC\364\253\31\337\300\5\323\0042f\0VB\332\252t\351\372L\307lG\321\20\0309", 8192) = 28
10168 16:22:11 dup(0)                   = 4
10168 16:22:11 dup(1)                   = 5
10168 16:22:11 dup(2)                   = 6
10168 16:22:11 ioctl(4, TCGETS, {B38400 opost isig icanon echo ...}) = 0
10168 16:22:11 ioctl(5, TCGETS, {B38400 opost isig icanon echo ...}) = 0
10168 16:22:11 ioctl(6, TCGETS, {B38400 opost isig icanon echo ...}) = 0
10168 16:22:11 fcntl(4, F_SETFD, FD_CLOEXEC) = 0
10168 16:22:11 fcntl(5, F_SETFD, FD_CLOEXEC) = 0
10168 16:22:11 fcntl(6, F_SETFD, FD_CLOEXEC) = 0
10168 16:22:11 rt_sigaction(SIGHUP, NULL, {SIG_DFL, [], SA_RESTORER, 0x7f07ebde14b0}, 8) = 0
10168 16:22:11 rt_sigaction(SIGHUP, {SIG_IGN, [], SA_RESTORER, 0x7f07ebde14b0}, NULL, 8) = 0
10168 16:22:11 rt_sigaction(SIGHUP, NULL, {SIG_IGN, [], SA_RESTORER, 0x7f07ebde14b0}, 8) = 0
10168 16:22:11 rt_sigaction(SIGHUP, {0x5571ce921fb0, [], SA_RESTORER, 0x7f07ebde14b0}, NULL, 8) = 0
10168 16:22:11 rt_sigaction(SIGINT, NULL, {SIG_DFL, [], SA_RESTORER, 0x7f07ebde14b0}, 8) = 0
10168 16:22:11 rt_sigaction(SIGINT, {SIG_IGN, [], SA_RESTORER, 0x7f07ebde14b0}, NULL, 8) = 0
10168 16:22:11 rt_sigaction(SIGINT, NULL, {SIG_IGN, [], SA_RESTORER, 0x7f07ebde14b0}, 8) = 0
10168 16:22:11 rt_sigaction(SIGINT, {0x5571ce921fb0, [], SA_RESTORER, 0x7f07ebde14b0}, NULL, 8) = 0
10168 16:22:11 rt_sigaction(SIGQUIT, NULL, {SIG_DFL, [], SA_RESTORER, 0x7f07ebde14b0}, 8) = 0
10168 16:22:11 rt_sigaction(SIGQUIT, {SIG_IGN, [], SA_RESTORER, 0x7f07ebde14b0}, NULL, 8) = 0
10168 16:22:11 rt_sigaction(SIGQUIT, NULL, {SIG_IGN, [], SA_RESTORER, 0x7f07ebde14b0}, 8) = 0
10168 16:22:11 rt_sigaction(SIGQUIT, {0x5571ce921fb0, [], SA_RESTORER, 0x7f07ebde14b0}, NULL, 8) = 0
10168 16:22:11 rt_sigaction(SIGTERM, NULL, {SIG_DFL, [], SA_RESTORER, 0x7f07ebde14b0}, 8) = 0
10168 16:22:11 rt_sigaction(SIGTERM, {SIG_IGN, [], SA_RESTORER, 0x7f07ebde14b0}, NULL, 8) = 0
10168 16:22:11 rt_sigaction(SIGTERM, NULL, {SIG_IGN, [], SA_RESTORER, 0x7f07ebde14b0}, 8) = 0
10168 16:22:11 rt_sigaction(SIGTERM, {0x5571ce921fb0, [], SA_RESTORER, 0x7f07ebde14b0}, NULL, 8) = 0
10168 16:22:11 rt_sigaction(SIGWINCH, NULL, {SIG_DFL, [], 0}, 8) = 0
10168 16:22:11 rt_sigaction(SIGWINCH, {0x5571ce922220, [], SA_RESTORER, 0x7f07ebde14b0}, NULL, 8) = 0
10168 16:22:11 ioctl(0, TCGETS, {B38400 opost isig icanon echo ...}) = 0
10168 16:22:11 ioctl(0, TCGETS, {B38400 opost isig icanon echo ...}) = 0
10168 16:22:11 ioctl(0, SNDCTL_TMR_STOP or TCSETSW, {B38400 -opost -isig -icanon -echo ...}) = 0
10168 16:22:11 ioctl(0, TCGETS, {B38400 -opost -isig -icanon -echo ...}) = 0
10168 16:22:11 clock_gettime(CLOCK_BOOTTIME, {7689, 164566800}) = 0
10168 16:22:11 clock_gettime(CLOCK_BOOTTIME, {7689, 164628210}) = 0
10168 16:22:11 select(7, [3], [3], NULL, NULL) = 1 (out [3])
10168 16:22:11 clock_gettime(CLOCK_BOOTTIME, {7689, 164802129}) = 0
10168 16:22:11 write(3, "#\20\264j\343l\311l$\202\25\3756V\215E\330\303\7\334\345\206\254\344$0\10\250c\241\221\260"..., 112) = 112
10168 16:22:11 clock_gettime(CLOCK_BOOTTIME, {7689, 165228784}) = 0
10168 16:22:11 clock_gettime(CLOCK_BOOTTIME, {7689, 165350338}) = 0
10168 16:22:11 select(7, [3], [], NULL, NULL) = 1 (in [3])
10168 16:22:11 clock_gettime(CLOCK_BOOTTIME, {7689, 174831854}) = 0
10168 16:22:11 read(3, "\31\224\340)\2011l\213\222\20G\377\341\243\235MS\370\307!\223\374\200 |\322\305W\254\333\261\35"..., 8192) = 44
10168 16:22:11 getsockopt(3, SOL_TCP, TCP_NODELAY, [0], [4]) = 0
10168 16:22:11 setsockopt(3, SOL_TCP, TCP_NODELAY, [1], 4) = 0
10168 16:22:11 getsockname(3, {sa_family=AF_INET, sin_port=htons(57604), sin_addr=inet_addr("192.168.0.112")}, [16]) = 0
10168 16:22:11 setsockopt(3, SOL_IP, IP_TOS, [16], 4) = 0
10168 16:22:11 ioctl(0, TIOCGWINSZ, {ws_row=56, ws_col=132, ws_xpixel=0, ws_ypixel=0}) = 0
10168 16:22:11 clock_gettime(CLOCK_BOOTTIME, {7689, 175428856}) = 0
10168 16:22:11 clock_gettime(CLOCK_BOOTTIME, {7689, 175490276}) = 0
10168 16:22:11 select(7, [3], [3], NULL, NULL) = 1 (out [3])
10168 16:22:11 clock_gettime(CLOCK_BOOTTIME, {7689, 175616798}) = 0
10168 16:22:11 write(3, "}\277\311M-\1\373\20\201\365f?;r\20\350\315K\37\212\362\16\2615U\317\377[\276\331\224\2"..., 376) = 376
10168 16:22:11 clock_gettime(CLOCK_BOOTTIME, {7689, 176247965}) = 0
10168 16:22:11 clock_gettime(CLOCK_BOOTTIME, {7689, 179773884}) = 0
10168 16:22:11 select(7, [3], [], NULL, NULL) = 1 (in [3])
10168 16:22:11 clock_gettime(CLOCK_BOOTTIME, {7689, 185684419}) = 0
10168 16:22:11 read(3, "\244wZ:\2113\f\247w\256\375Z%\263 5z\25\272r\37W\0333V\232\342!\26\vz\245"..., 8192) = 108
10168 16:22:11 clock_gettime(CLOCK_BOOTTIME, {7689, 185924867}) = 0
10168 16:22:11 clock_gettime(CLOCK_BOOTTIME, {7689, 185983505}) = 0
10168 16:22:11 select(7, [3 4], [], NULL, NULL) = 1 (in [3])
10168 16:22:11 clock_gettime(CLOCK_BOOTTIME, {7689, 190864599}) = 0
10168 16:22:11 read(3, "\357\274\\\231\7\373G\272t\302\316\306\254\230\235A\335iaB^kv\236&\326\231\347\371b\307\3"..., 8192) = 100
10168 16:22:11 clock_gettime(CLOCK_BOOTTIME, {7689, 191593667}) = 0
10168 16:22:11 clock_gettime(CLOCK_BOOTTIME, {7689, 191651050}) = 0
10168 16:22:11 select(7, [3 4], [5], NULL, NULL) = 1 (out [5])
10168 16:22:11 clock_gettime(CLOCK_BOOTTIME, {7689, 191792536}) = 0
10168 16:22:11 write(5, "Last login: Tue Oct 10 00:11:48 "..., 59) = 59
10168 16:22:11 clock_gettime(CLOCK_BOOTTIME, {7689, 192043224}) = 0
10168 16:22:11 clock_gettime(CLOCK_BOOTTIME, {7689, 192100487}) = 0
10168 16:22:11 select(7, [3 4], [], NULL, NULL) = 1 (in [3])
10168 16:22:11 clock_gettime(CLOCK_BOOTTIME, {7689, 239703393}) = 0
10168 16:22:11 read(3, "\315\244&\264\31\334\236\320e`\374\205\310k\222\"\245\341\362\362\t\302\5\277\352\245\253\314<\7\325\371"..., 8192) = 76
10168 16:22:11 clock_gettime(CLOCK_BOOTTIME, {7689, 239753723}) = 0
10168 16:22:11 clock_gettime(CLOCK_BOOTTIME, {7689, 239767116}) = 0
10168 16:22:11 select(7, [3 4], [5], NULL, NULL) = 1 (out [5])
10168 16:22:11 clock_gettime(CLOCK_BOOTTIME, {7689, 239800297}) = 0
10168 16:22:11 write(5, "\33[?1034h[root@VM_140_32_centos ~"..., 35) = 35
10168 16:22:11 clock_gettime(CLOCK_BOOTTIME, {7689, 239849111}) = 0
10168 16:22:11 clock_gettime(CLOCK_BOOTTIME, {7689, 239862776}) = 0
10168 16:22:11 select(7, [3 4], [], NULL, NULL) = 1 (in [4])
10168 16:22:11 clock_gettime(CLOCK_BOOTTIME, {7689, 966013305}) = 0
10168 16:22:11 read(4, "i", 16384)      = 1
10168 16:22:11 clock_gettime(CLOCK_BOOTTIME, {7689, 966176904}) = 0
10168 16:22:11 clock_gettime(CLOCK_BOOTTIME, {7689, 966296397}) = 0
10168 16:22:11 select(7, [3 4], [3], NULL, NULL) = 1 (out [3])
10168 16:22:11 clock_gettime(CLOCK_BOOTTIME, {7689, 966453367}) = 0
10168 16:22:11 write(3, "\34/\33[\273\240\32\312qxb\376s\327\231[\r7Z\20\233z!\366Q\350z\22\365:\305|"..., 36) = 36
10168 16:22:11 clock_gettime(CLOCK_BOOTTIME, {7689, 966939170}) = 0
10168 16:22:11 clock_gettime(CLOCK_BOOTTIME, {7689, 967113325}) = 0
10168 16:22:11 select(7, [3 4], [], NULL, NULL) = 1 (in [3])
10168 16:22:11 clock_gettime(CLOCK_BOOTTIME, {7689, 977547949}) = 0
10168 16:22:11 read(3, "\302\215k\217\317\257\246\366$\220}\342\3\215\262\360G\243\24\ff\247\332\2\207\267l\223[\3359\315"..., 8192) = 36
10168 16:22:11 clock_gettime(CLOCK_BOOTTIME, {7689, 977768295}) = 0
10168 16:22:11 clock_gettime(CLOCK_BOOTTIME, {7689, 977908846}) = 0
10168 16:22:11 select(7, [3 4], [5], NULL, NULL) = 1 (out [5])
10168 16:22:11 clock_gettime(CLOCK_BOOTTIME, {7689, 978058061}) = 0
10168 16:22:11 write(5, "i", 1)         = 1
10168 16:22:11 clock_gettime(CLOCK_BOOTTIME, {7689, 978185129}) = 0
10168 16:22:11 clock_gettime(CLOCK_BOOTTIME, {7689, 978238084}) = 0
10168 16:22:11 select(7, [3 4], [], NULL, NULL) = 1 (in [4])
10168 16:22:11 clock_gettime(CLOCK_BOOTTIME, {7690, 36924453}) = 0
10168 16:22:11 read(4, "f", 16384)      = 1
10168 16:22:11 clock_gettime(CLOCK_BOOTTIME, {7690, 37005557}) = 0
10168 16:22:11 clock_gettime(CLOCK_BOOTTIME, {7690, 37031014}) = 0
10168 16:22:11 select(7, [3 4], [3], NULL, NULL) = 1 (out [3])
10168 16:22:11 clock_gettime(CLOCK_BOOTTIME, {7690, 37153382}) = 0
10168 16:22:11 write(3, "\20\322\207\334\241\245\373.C\373\217\207`lB\23~\21v#}\7q\214H\303n95\205\237\376"..., 36) = 36
10168 16:22:11 clock_gettime(CLOCK_BOOTTIME, {7690, 37431676}) = 0
10168 16:22:11 clock_gettime(CLOCK_BOOTTIME, {7690, 37460914}) = 0
10168 16:22:11 select(7, [3 4], [], NULL, NULL) = 1 (in [3])
10168 16:22:11 clock_gettime(CLOCK_BOOTTIME, {7690, 46324092}) = 0
10168 16:22:11 read(3, "\336a\231J\224\0\353\222\237\250\374\16y\321\336\360\377P\26\370\203\2045\244\231\0w*\\P\3026"..., 8192) = 36
10168 16:22:11 clock_gettime(CLOCK_BOOTTIME, {7690, 46480055}) = 0
10168 16:22:11 clock_gettime(CLOCK_BOOTTIME, {7690, 46509121}) = 0
10168 16:22:11 select(7, [3 4], [5], NULL, NULL) = 1 (out [5])
10168 16:22:11 clock_gettime(CLOCK_BOOTTIME, {7690, 46575677}) = 0
10168 16:22:11 write(5, "f", 1)         = 1
10168 16:22:11 clock_gettime(CLOCK_BOOTTIME, {7690, 46634744}) = 0
10168 16:22:11 clock_gettime(CLOCK_BOOTTIME, {7690, 46658993}) = 0
10168 16:22:11 select(7, [3 4], [], NULL, NULL) = 1 (in [4])
10168 16:22:12 clock_gettime(CLOCK_BOOTTIME, {7690, 254626713}) = 0
10168 16:22:12 read(4, "c", 16384)      = 1
10168 16:22:12 clock_gettime(CLOCK_BOOTTIME, {7690, 255968000}) = 0
10168 16:22:12 clock_gettime(CLOCK_BOOTTIME, {7690, 256658140}) = 0
10168 16:22:12 select(7, [3 4], [3], NULL, NULL) = 1 (out [3])
10168 16:22:12 clock_gettime(CLOCK_BOOTTIME, {7690, 257925700}) = 0
10168 16:22:12 write(3, "O\214\213\337\365wn\250\266\206\7rG\315\17\205(Q\36y\316\v\250`\242\350DG\265V\377\340"..., 36) = 36
10168 16:22:12 clock_gettime(CLOCK_BOOTTIME, {7690, 260682186}) = 0
10168 16:22:12 clock_gettime(CLOCK_BOOTTIME, {7690, 261412762}) = 0
10168 16:22:12 select(7, [3 4], [], NULL, NULL) = 1 (in [3])
10168 16:22:12 clock_gettime(CLOCK_BOOTTIME, {7690, 269025516}) = 0
10168 16:22:12 read(3, "\37\3\340\344N\310u\243\301\375,\7\240\312\224I\225\260N\374.l\301\323l\35-\352\t\321=\326"..., 8192) = 36
10168 16:22:12 clock_gettime(CLOCK_BOOTTIME, {7690, 269200771}) = 0
10168 16:22:12 clock_gettime(CLOCK_BOOTTIME, {7690, 269256158}) = 0
10168 16:22:12 select(7, [3 4], [5], NULL, NULL) = 1 (out [5])
10168 16:22:12 clock_gettime(CLOCK_BOOTTIME, {7690, 269595353}) = 0
10168 16:22:12 write(5, "c", 1)         = 1
10168 16:22:12 clock_gettime(CLOCK_BOOTTIME, {7690, 270218113}) = 0
10168 16:22:12 clock_gettime(CLOCK_BOOTTIME, {7690, 270372411}) = 0
10168 16:22:12 select(7, [3 4], [], NULL, NULL) = 1 (in [4])
10168 16:22:12 clock_gettime(CLOCK_BOOTTIME, {7690, 287446126}) = 0
10168 16:22:12 read(4, "o", 16384)      = 1
10168 16:22:12 clock_gettime(CLOCK_BOOTTIME, {7690, 287825328}) = 0
10168 16:22:12 clock_gettime(CLOCK_BOOTTIME, {7690, 289173016}) = 0
10168 16:22:12 select(7, [3 4], [3], NULL, NULL) = 1 (out [3])
10168 16:22:12 clock_gettime(CLOCK_BOOTTIME, {7690, 289728262}) = 0
10168 16:22:12 write(3, "Y\th\222\232\26\315\250\253\225z^ \312\235\214\216\227\r\277\242\341\335\235\3pA\374\303\224,`"..., 36) = 36
10168 16:22:12 clock_gettime(CLOCK_BOOTTIME, {7690, 290764751}) = 0
10168 16:22:12 clock_gettime(CLOCK_BOOTTIME, {7690, 291251402}) = 0
10168 16:22:12 select(7, [3 4], [], NULL, NULL) = 1 (in [3])
10168 16:22:12 clock_gettime(CLOCK_BOOTTIME, {7690, 299855268}) = 0
10168 16:22:12 read(3, "\222x\3652J\213q+\364XU\343\331\367l<\263\26\374\334D!\274\336\351\353\225LR\275\243z"..., 8192) = 36
10168 16:22:12 clock_gettime(CLOCK_BOOTTIME, {7690, 300451847}) = 0
10168 16:22:12 clock_gettime(CLOCK_BOOTTIME, {7690, 300690046}) = 0
10168 16:22:12 select(7, [3 4], [5], NULL, NULL) = 1 (out [5])
10168 16:22:12 clock_gettime(CLOCK_BOOTTIME, {7690, 302244823}) = 0
10168 16:22:12 write(5, "o", 1)         = 1
10168 16:22:12 clock_gettime(CLOCK_BOOTTIME, {7690, 303559853}) = 0
10168 16:22:12 clock_gettime(CLOCK_BOOTTIME, {7690, 303889827}) = 0
10168 16:22:12 select(7, [3 4], [], NULL, NULL) = 1 (in [4])
10168 16:22:12 clock_gettime(CLOCK_BOOTTIME, {7690, 478961724}) = 0
10168 16:22:12 read(4, "n", 16384)      = 1
10168 16:22:12 clock_gettime(CLOCK_BOOTTIME, {7690, 480298723}) = 0
10168 16:22:12 clock_gettime(CLOCK_BOOTTIME, {7690, 480783072}) = 0
10168 16:22:12 select(7, [3 4], [3], NULL, NULL) = 1 (out [3])
10168 16:22:12 clock_gettime(CLOCK_BOOTTIME, {7690, 481319583}) = 0
10168 16:22:12 write(3, "E\5\222#\275W7\220\376p!%\350z\315\234\306\340\10\227`e\352\276n\233z\323\343\331G\307"..., 36) = 36
10168 16:22:12 clock_gettime(CLOCK_BOOTTIME, {7690, 482616372}) = 0
10168 16:22:12 clock_gettime(CLOCK_BOOTTIME, {7690, 483104245}) = 0
10168 16:22:12 select(7, [3 4], [], NULL, NULL) = 1 (in [3])
10168 16:22:12 clock_gettime(CLOCK_BOOTTIME, {7690, 492728361}) = 0
10168 16:22:12 read(3, "\325\341q\257\354\31\233\240\rc\35386\333\233\202p\36\225\241\255\315~a\241\323r\6\201S\361\207"..., 8192) = 36
10168 16:22:12 clock_gettime(CLOCK_BOOTTIME, {7690, 493674485}) = 0
10168 16:22:12 clock_gettime(CLOCK_BOOTTIME, {7690, 494012902}) = 0
10168 16:22:12 select(7, [3 4], [5], NULL, NULL) = 1 (out [5])
10168 16:22:12 clock_gettime(CLOCK_BOOTTIME, {7690, 494848148}) = 0
10168 16:22:12 write(5, "n", 1)         = 1
10168 16:22:12 clock_gettime(CLOCK_BOOTTIME, {7690, 495454344}) = 0
10168 16:22:12 clock_gettime(CLOCK_BOOTTIME, {7690, 495510427}) = 0
10168 16:22:12 select(7, [3 4], [], NULL, NULL) = 1 (in [4])
10168 16:22:12 clock_gettime(CLOCK_BOOTTIME, {7690, 618530918}) = 0
10168 16:22:12 read(4, "f", 16384)      = 1
10168 16:22:12 clock_gettime(CLOCK_BOOTTIME, {7690, 619701462}) = 0
10168 16:22:12 clock_gettime(CLOCK_BOOTTIME, {7690, 620118206}) = 0
10168 16:22:12 select(7, [3 4], [3], NULL, NULL) = 1 (out [3])
10168 16:22:12 clock_gettime(CLOCK_BOOTTIME, {7690, 620836551}) = 0
10168 16:22:12 write(3, "\36\304\232\347\273'Ln\335E\234\236\7]L\3762e\1\315o\227\337\274\270\335\212wB\227\346\314"..., 36) = 36
10168 16:22:12 clock_gettime(CLOCK_BOOTTIME, {7690, 621953433}) = 0
10168 16:22:12 clock_gettime(CLOCK_BOOTTIME, {7690, 622365547}) = 0
10168 16:22:12 select(7, [3 4], [], NULL, NULL) = 1 (in [3])
10168 16:22:12 clock_gettime(CLOCK_BOOTTIME, {7690, 631865208}) = 0
10168 16:22:12 read(3, "\340h\f&\340Z\373\330\211\32\265\304\342uG\206j\376\272\263\356\307gR<\23\233\374\233\21J\344"..., 8192) = 36
10168 16:22:12 clock_gettime(CLOCK_BOOTTIME, {7690, 632796861}) = 0
10168 16:22:12 clock_gettime(CLOCK_BOOTTIME, {7690, 633149713}) = 0
10168 16:22:12 select(7, [3 4], [5], NULL, NULL) = 1 (out [5])
10168 16:22:12 clock_gettime(CLOCK_BOOTTIME, {7690, 634050075}) = 0
10168 16:22:12 write(5, "f", 1)         = 1
10168 16:22:12 clock_gettime(CLOCK_BOOTTIME, {7690, 634773982}) = 0
10168 16:22:12 clock_gettime(CLOCK_BOOTTIME, {7690, 634830406}) = 0
10168 16:22:12 select(7, [3 4], [], NULL, NULL) = 1 (in [4])
10168 16:22:12 clock_gettime(CLOCK_BOOTTIME, {7690, 685968681}) = 0
10168 16:22:12 read(4, "i", 16384)      = 1
10168 16:22:12 clock_gettime(CLOCK_BOOTTIME, {7690, 687220228}) = 0
10168 16:22:12 clock_gettime(CLOCK_BOOTTIME, {7690, 687838602}) = 0
10168 16:22:12 select(7, [3 4], [3], NULL, NULL) = 1 (out [3])
10168 16:22:12 clock_gettime(CLOCK_BOOTTIME, {7690, 688827457}) = 0
10168 16:22:12 write(3, "\342\351\370\336G\217\355Ay_\32\260\271o\371\302\202\303\317\257\23vTF\210~\373}6\211f!"..., 36) = 36
10168 16:22:12 clock_gettime(CLOCK_BOOTTIME, {7690, 689930933}) = 0
10168 16:22:12 clock_gettime(CLOCK_BOOTTIME, {7690, 690011936}) = 0
10168 16:22:12 select(7, [3 4], [], NULL, NULL) = 1 (in [3])
10168 16:22:12 clock_gettime(CLOCK_BOOTTIME, {7690, 699460731}) = 0
10168 16:22:12 read(3, "\247\320M\311h\21\323\311\34rV\23$\\q=\366\273e\334\17\217\225\205\272\371\247\2\241IMi"..., 8192) = 36
10168 16:22:12 clock_gettime(CLOCK_BOOTTIME, {7690, 700422261}) = 0
10168 16:22:12 clock_gettime(CLOCK_BOOTTIME, {7690, 700851487}) = 0
10168 16:22:12 select(7, [3 4], [5], NULL, NULL) = 1 (out [5])
10168 16:22:12 clock_gettime(CLOCK_BOOTTIME, {7690, 701802455}) = 0
10168 16:22:12 write(5, "i", 1)         = 1
10168 16:22:12 clock_gettime(CLOCK_BOOTTIME, {7690, 703294274}) = 0
10168 16:22:12 clock_gettime(CLOCK_BOOTTIME, {7690, 704097481}) = 0
10168 16:22:12 select(7, [3 4], [], NULL, NULL) = 1 (in [4])
10168 16:22:12 clock_gettime(CLOCK_BOOTTIME, {7690, 796253582}) = 0
10168 16:22:12 read(4, "g", 16384)      = 1
10168 16:22:12 clock_gettime(CLOCK_BOOTTIME, {7690, 796565278}) = 0
10168 16:22:12 clock_gettime(CLOCK_BOOTTIME, {7690, 796623936}) = 0
10168 16:22:12 select(7, [3 4], [3], NULL, NULL) = 1 (out [3])
10168 16:22:12 clock_gettime(CLOCK_BOOTTIME, {7690, 796768854}) = 0
10168 16:22:12 write(3, "\353\214\tsHm,\230\273L\211t\307*Vpr\317d\344C\34{\324\304\345u\376\34\250\303\371"..., 36) = 36
10168 16:22:12 clock_gettime(CLOCK_BOOTTIME, {7690, 797434165}) = 0
10168 16:22:12 clock_gettime(CLOCK_BOOTTIME, {7690, 797499523}) = 0
10168 16:22:12 select(7, [3 4], [], NULL, NULL) = 1 (in [3])
10168 16:22:12 clock_gettime(CLOCK_BOOTTIME, {7690, 807459002}) = 0
10168 16:22:12 read(3, "2\367\332\320\324\336\7\305|\237W\n\2707c\305\6\26\254g\347\313\344\tP\363\315\314\366\236h\206"..., 8192) = 36
10168 16:22:12 clock_gettime(CLOCK_BOOTTIME, {7690, 807632046}) = 0
10168 16:22:12 clock_gettime(CLOCK_BOOTTIME, {7690, 807688063}) = 0
10168 16:22:12 select(7, [3 4], [5], NULL, NULL) = 1 (out [5])
10168 16:22:12 clock_gettime(CLOCK_BOOTTIME, {7690, 807949478}) = 0
10168 16:22:12 write(5, "g", 1)         = 1
10168 16:22:12 clock_gettime(CLOCK_BOOTTIME, {7690, 809734542}) = 0
10168 16:22:12 clock_gettime(CLOCK_BOOTTIME, {7690, 809936737}) = 0
10168 16:22:12 select(7, [3 4], [], NULL, NULL) = 1 (in [4])
10168 16:22:12 clock_gettime(CLOCK_BOOTTIME, {7690, 947464807}) = 0
10168 16:22:12 read(4, "\r", 16384)     = 1
10168 16:22:12 clock_gettime(CLOCK_BOOTTIME, {7690, 947857750}) = 0
10168 16:22:12 clock_gettime(CLOCK_BOOTTIME, {7690, 948021255}) = 0
10168 16:22:12 select(7, [3 4], [3], NULL, NULL) = 1 (out [3])
10168 16:22:12 clock_gettime(CLOCK_BOOTTIME, {7690, 948296133}) = 0
10168 16:22:12 write(3, "\211\262\207\27Eh\252_\206\276\241\211x7s\22\335\342t\3519\241\271\3361\223\6\372\263\33t\222"..., 36) = 36
10168 16:22:12 clock_gettime(CLOCK_BOOTTIME, {7690, 948639525}) = 0
10168 16:22:12 clock_gettime(CLOCK_BOOTTIME, {7690, 948741665}) = 0
10168 16:22:12 select(7, [3 4], [], NULL, NULL) = 1 (in [3])
10168 16:22:12 clock_gettime(CLOCK_BOOTTIME, {7690, 957675644}) = 0
10168 16:22:12 read(3, "\255\267l_\232\244\252)\362\247\3243H\240\312-nC\177d\236\307\37\333\177\313\356\301\204\267}\4"..., 8192) = 36
10168 16:22:12 clock_gettime(CLOCK_BOOTTIME, {7690, 958009205}) = 0
10168 16:22:12 clock_gettime(CLOCK_BOOTTIME, {7690, 958112216}) = 0
10168 16:22:12 select(7, [3 4], [5], NULL, NULL) = 1 (out [5])
10168 16:22:12 clock_gettime(CLOCK_BOOTTIME, {7690, 958326054}) = 0
10168 16:22:12 write(5, "\r\n", 2)      = 2
10168 16:22:12 clock_gettime(CLOCK_BOOTTIME, {7690, 958510649}) = 0
10168 16:22:12 clock_gettime(CLOCK_BOOTTIME, {7690, 958528079}) = 0
10168 16:22:12 select(7, [3 4], [], NULL, NULL) = 1 (in [3])
10168 16:22:12 clock_gettime(CLOCK_BOOTTIME, {7690, 959897223}) = 0
10168 16:22:12 read(3, "\360\356\251\357.\251\213H\254\217\246\7P[U\220nw\203\234\335\27\3554\375<\214\267\276\27\334\264"..., 8192) = 836
10168 16:22:12 clock_gettime(CLOCK_BOOTTIME, {7690, 959996705}) = 0
10168 16:22:12 clock_gettime(CLOCK_BOOTTIME, {7690, 960013443}) = 0
10168 16:22:12 select(7, [3 4], [5], NULL, NULL) = 1 (out [5])
10168 16:22:12 clock_gettime(CLOCK_BOOTTIME, {7690, 960049136}) = 0
10168 16:22:12 write(5, "eth0: flags=4163<UP,BROADCAST,RU"..., 799) = 799
10168 16:22:12 clock_gettime(CLOCK_BOOTTIME, {7690, 960175802}) = 0
10168 16:22:12 clock_gettime(CLOCK_BOOTTIME, {7690, 960191059}) = 0
10168 16:22:12 select(7, [3 4], [], NULL, NULL) = 1 (in [4])
10168 16:22:13 clock_gettime(CLOCK_BOOTTIME, {7691, 482928316}) = 0
10168 16:22:13 read(4, "e", 16384)      = 1
10168 16:22:13 clock_gettime(CLOCK_BOOTTIME, {7691, 483439584}) = 0
10168 16:22:13 clock_gettime(CLOCK_BOOTTIME, {7691, 483644706}) = 0
10168 16:22:13 select(7, [3 4], [3], NULL, NULL) = 1 (out [3])
10168 16:22:13 clock_gettime(CLOCK_BOOTTIME, {7691, 484019896}) = 0
10168 16:22:13 write(3, "\21\3719\217D\225\335\307\212\303\377\341\r\356\337\10\"=aL\3\4\374%\34\334v!q\200Z\231"..., 36) = 36
10168 16:22:13 clock_gettime(CLOCK_BOOTTIME, {7691, 484569000}) = 0
10168 16:22:13 clock_gettime(CLOCK_BOOTTIME, {7691, 484641047}) = 0
10168 16:22:13 select(7, [3 4], [], NULL, NULL) = 1 (in [3])
10168 16:22:13 clock_gettime(CLOCK_BOOTTIME, {7691, 494437079}) = 0
10168 16:22:13 read(3, "\266G2\355\212M$\31c5\277\345,\301*.\363\303^\37\313_C\10,\6\302\317K\r\321\236"..., 8192) = 36
10168 16:22:13 clock_gettime(CLOCK_BOOTTIME, {7691, 495903343}) = 0
10168 16:22:13 clock_gettime(CLOCK_BOOTTIME, {7691, 496604330}) = 0
10168 16:22:13 select(7, [3 4], [5], NULL, NULL) = 1 (out [5])
10168 16:22:13 clock_gettime(CLOCK_BOOTTIME, {7691, 497872091}) = 0
10168 16:22:13 write(5, "e", 1)         = 1
10168 16:22:13 clock_gettime(CLOCK_BOOTTIME, {7691, 499872480}) = 0
10168 16:22:13 clock_gettime(CLOCK_BOOTTIME, {7691, 500871807}) = 0
10168 16:22:13 select(7, [3 4], [], NULL, NULL) = 1 (in [4])
10168 16:22:13 clock_gettime(CLOCK_BOOTTIME, {7691, 687137203}) = 0
10168 16:22:13 read(4, "x", 16384)      = 1
10168 16:22:13 clock_gettime(CLOCK_BOOTTIME, {7691, 688724639}) = 0
10168 16:22:13 clock_gettime(CLOCK_BOOTTIME, {7691, 689788484}) = 0
10168 16:22:13 select(7, [3 4], [3], NULL, NULL) = 1 (out [3])
10168 16:22:13 clock_gettime(CLOCK_BOOTTIME, {7691, 691380497}) = 0
10168 16:22:13 write(3, "5|B\246\263J\335\245:,\f\205\225 \35\2319!H\324\311\16\273E\352^|1\242\231\222O"..., 36) = 36
10168 16:22:13 clock_gettime(CLOCK_BOOTTIME, {7691, 693725309}) = 0
10168 16:22:13 clock_gettime(CLOCK_BOOTTIME, {7691, 694408976}) = 0
10168 16:22:13 select(7, [3 4], [], NULL, NULL) = 1 (in [3])
10168 16:22:13 clock_gettime(CLOCK_BOOTTIME, {7691, 703230994}) = 0
10168 16:22:13 read(3, "=\373\10\\\3702UI\36\373\vh\30`:G#W\337\235m\300\267\213\1\206.\214q)N\215"..., 8192) = 36
10168 16:22:13 clock_gettime(CLOCK_BOOTTIME, {7691, 704631140}) = 0
10168 16:22:13 clock_gettime(CLOCK_BOOTTIME, {7691, 705305126}) = 0
10168 16:22:13 select(7, [3 4], [5], NULL, NULL) = 1 (out [5])
10168 16:22:13 clock_gettime(CLOCK_BOOTTIME, {7691, 706763015}) = 0
10168 16:22:13 write(5, "x", 1)         = 1
10168 16:22:13 clock_gettime(CLOCK_BOOTTIME, {7691, 709262711}) = 0
10168 16:22:13 clock_gettime(CLOCK_BOOTTIME, {7691, 710777648}) = 0
10168 16:22:13 select(7, [3 4], [], NULL, NULL) = 1 (in [4])
10168 16:22:13 clock_gettime(CLOCK_BOOTTIME, {7691, 795389039}) = 0
10168 16:22:13 read(4, "i", 16384)      = 1
10168 16:22:13 clock_gettime(CLOCK_BOOTTIME, {7691, 795808663}) = 0
10168 16:22:13 clock_gettime(CLOCK_BOOTTIME, {7691, 796142979}) = 0
10168 16:22:13 select(7, [3 4], [3], NULL, NULL) = 1 (out [3])
10168 16:22:13 clock_gettime(CLOCK_BOOTTIME, {7691, 797146894}) = 0
10168 16:22:13 write(3, "NY,\375U~\337F\273R\305\3102G\310J%\250\3113\177\240\373>\255|\33P\24\255\373\376"..., 36) = 36
10168 16:22:13 clock_gettime(CLOCK_BOOTTIME, {7691, 798138381}) = 0
10168 16:22:13 clock_gettime(CLOCK_BOOTTIME, {7691, 798537227}) = 0
10168 16:22:13 select(7, [3 4], [], NULL, NULL) = 1 (in [3])
10168 16:22:13 clock_gettime(CLOCK_BOOTTIME, {7691, 806775341}) = 0
10168 16:22:13 read(3, "_\327\252\273T\210\241zJ\223\5\352ObOy\342\307\267V\251\260\24\274\267\253\202K\332M\317\374"..., 8192) = 36
10168 16:22:13 clock_gettime(CLOCK_BOOTTIME, {7691, 807265704}) = 0
10168 16:22:13 clock_gettime(CLOCK_BOOTTIME, {7691, 807438875}) = 0
10168 16:22:13 select(7, [3 4], [5], NULL, NULL) = 1 (out [5])
10168 16:22:13 clock_gettime(CLOCK_BOOTTIME, {7691, 807740035}) = 0
10168 16:22:13 write(5, "i", 1)         = 1
10168 16:22:13 clock_gettime(CLOCK_BOOTTIME, {7691, 808157672}) = 0
10168 16:22:13 clock_gettime(CLOCK_BOOTTIME, {7691, 808203471}) = 0
10168 16:22:13 select(7, [3 4], [], NULL, NULL) = 1 (in [4])
10168 16:22:13 clock_gettime(CLOCK_BOOTTIME, {7691, 951546900}) = 0
10168 16:22:13 read(4, "t", 16384)      = 1
10168 16:22:13 clock_gettime(CLOCK_BOOTTIME, {7691, 951714896}) = 0
10168 16:22:13 clock_gettime(CLOCK_BOOTTIME, {7691, 951769457}) = 0
10168 16:22:13 select(7, [3 4], [3], NULL, NULL) = 1 (out [3])
10168 16:22:13 clock_gettime(CLOCK_BOOTTIME, {7691, 952230581}) = 0
10168 16:22:13 write(3, "\240\232\377\3345*\250\216\216]-\217\262\266B\226\347\33\335d\336$\343\365\365\342\t#\201\7\232\246"..., 36) = 36
10168 16:22:13 clock_gettime(CLOCK_BOOTTIME, {7691, 953194443}) = 0
10168 16:22:13 clock_gettime(CLOCK_BOOTTIME, {7691, 953261271}) = 0
10168 16:22:13 select(7, [3 4], [], NULL, NULL) = 1 (in [3])
10168 16:22:13 clock_gettime(CLOCK_BOOTTIME, {7691, 962475327}) = 0
10168 16:22:13 read(3, "\2\335\222\201Z\243\200\262\270qx\214@\207\362\3308\232\307\257\30bRE\3107\214\326\20\\R\33"..., 8192) = 36
10168 16:22:13 clock_gettime(CLOCK_BOOTTIME, {7691, 962581828}) = 0
10168 16:22:13 clock_gettime(CLOCK_BOOTTIME, {7691, 962615267}) = 0
10168 16:22:13 select(7, [3 4], [5], NULL, NULL) = 1 (out [5])
10168 16:22:13 clock_gettime(CLOCK_BOOTTIME, {7691, 962698992}) = 0
10168 16:22:13 write(5, "t", 1)         = 1
10168 16:22:13 clock_gettime(CLOCK_BOOTTIME, {7691, 962826845}) = 0
10168 16:22:13 clock_gettime(CLOCK_BOOTTIME, {7691, 962861642}) = 0
10168 16:22:13 select(7, [3 4], [], NULL, NULL) = 1 (in [4])
10168 16:22:14 clock_gettime(CLOCK_BOOTTIME, {7692, 135268658}) = 0
10168 16:22:14 read(4, "\r", 16384)     = 1
10168 16:22:14 clock_gettime(CLOCK_BOOTTIME, {7692, 135465668}) = 0
10168 16:22:14 clock_gettime(CLOCK_BOOTTIME, {7692, 135510390}) = 0
10168 16:22:14 select(7, [3 4], [3], NULL, NULL) = 1 (out [3])
10168 16:22:14 clock_gettime(CLOCK_BOOTTIME, {7692, 135617234}) = 0
10168 16:22:14 write(3, "&O\360y@#\327~\217dL\372\6zo2!U\375\2201`yT\307\306\177]N\225\225\30"..., 36) = 36
10168 16:22:14 clock_gettime(CLOCK_BOOTTIME, {7692, 135746983}) = 0
10168 16:22:14 clock_gettime(CLOCK_BOOTTIME, {7692, 135762443}) = 0
10168 16:22:14 select(7, [3 4], [], NULL, NULL) = 1 (in [3])
10168 16:22:14 clock_gettime(CLOCK_BOOTTIME, {7692, 145945251}) = 0
10168 16:22:14 read(3, "kc\341\365)\320n/\301\360\224p4X\253\374r\326\27\317\t\353\6\25U\23\263A\200\362\0009"..., 8192) = 220
10168 16:22:14 close(4)                 = 0
10168 16:22:14 clock_gettime(CLOCK_BOOTTIME, {7692, 146434651}) = 0
10168 16:22:14 clock_gettime(CLOCK_BOOTTIME, {7692, 146557144}) = 0
10168 16:22:14 select(7, [3], [5], NULL, NULL) = 1 (out [5])
10168 16:22:14 clock_gettime(CLOCK_BOOTTIME, {7692, 146774571}) = 0
10168 16:22:14 write(5, "\r\nlogout\r\n", 10) = 10
10168 16:22:14 clock_gettime(CLOCK_BOOTTIME, {7692, 147386284}) = 0
10168 16:22:14 clock_gettime(CLOCK_BOOTTIME, {7692, 147720881}) = 0
10168 16:22:14 close(5)                 = 0
10168 16:22:14 ioctl(0, TCGETS, {B38400 -opost -isig -icanon -echo ...}) = 0
10168 16:22:14 ioctl(0, SNDCTL_TMR_STOP or TCSETSW, {B38400 opost isig icanon echo ...}) = 0
10168 16:22:14 ioctl(0, TCGETS, {B38400 opost isig icanon echo ...}) = 0
10168 16:22:14 close(6)                 = 0
10168 16:22:14 select(7, [3], [3], NULL, NULL) = 1 (out [3])
10168 16:22:14 clock_gettime(CLOCK_BOOTTIME, {7692, 149202348}) = 0
10168 16:22:14 write(3, "{G\273\24\261<K\220\336\255\f*fz\325\300\277\266\330Xt7RV\244\211ZX\255\377\374\223"..., 36) = 36
10168 16:22:14 rt_sigaction(SIGWINCH, NULL, {0x5571ce922220, [], SA_RESTORER, 0x7f07ebde14b0}, 8) = 0
10168 16:22:14 rt_sigaction(SIGWINCH, {SIG_DFL, [], SA_RESTORER, 0x7f07ebde14b0}, NULL, 8) = 0
10168 16:22:14 write(3, "\6\342\207\375\214\355\201\242\363\1\362\251Y\362\30\336\256\272\30\260\32\306\254\247\373\7W\204\270\3551W"..., 60) = 60
10168 16:22:14 ioctl(0, TCGETS, {B38400 opost isig icanon echo ...}) = 0
10168 16:22:14 ioctl(1, TCGETS, {B38400 opost isig icanon echo ...}) = 0
10168 16:22:14 ioctl(2, TCGETS, {B38400 opost isig icanon echo ...}) = 0
10168 16:22:14 write(2, "Connection to 119.29.40.162 clos"..., 37) = 37
10168 16:22:14 close(3)                 = 0
10168 16:22:14 exit_group(0)            = ?
10168 16:22:14 +++ exited with 0 +++
