8688  16:03:56 select(4, [3], NULL, NULL, NULL) = 1 (in [3])
8688  16:03:56 read(3, "nssh.com,hmac-md5,hmac-sha1,umac"..., 8192) = 236
8688  16:03:56 write(3, "\0\0\0,\6\36\0\0\0 \t\371\366\202\5\217\223\267\260\226{\f\31\371\332\230d\245\2402\241\231"..., 48) = 48
8688  16:03:56 select(4, [3], NULL, NULL, NULL) = 1 (in [3])
8688  16:03:57 read(3, "\0\0\1\4\n\37\0\0\0h\0\0\0\23ecdsa-sha2-nistp25"..., 8192) = 280
8688  16:03:57 open("/home/audituser/.ssh/known_hosts", O_RDONLY) = 4
8688  16:03:57 fstat(4, {st_mode=S_IFREG|0644, st_size=175, ...}) = 0
8688  16:03:57 read(4, "119.29.40.162 ecdsa-sha2-nistp25"..., 4096) = 175
8688  16:03:57 read(4, "", 4096)        = 0
8688  16:03:57 close(4)                 = 0
8688  16:03:57 open("/home/audituser/.ssh/known_hosts2", O_RDONLY) = -1 ENOENT (No such file or directory)
8688  16:03:57 open("/usr/local/openssh/etc/ssh_known_hosts", O_RDONLY) = -1 ENOENT (No such file or directory)
8688  16:03:57 open("/usr/local/openssh/etc/ssh_known_hosts2", O_RDONLY) = -1 ENOENT (No such file or directory)
8688  16:03:57 clock_gettime(CLOCK_BOOTTIME, {6595, 96299765}) = 0
8688  16:03:57 write(3, "\0\0\0\f\n\25\0\0\0\0\0\0\0\0\0\0", 16) = 16
8688  16:03:57 write(3, "\205U\372w0\365O\vV\35\267amkw\215\37\234\331\346E\177\316\32\270*\"\265\376\236\217\272"..., 44) = 44
8688  16:03:57 select(4, [3], NULL, NULL, NULL) = 1 (in [3])
8688  16:03:57 read(3, "V\332d]\323U\2424n\226\0\203@\2534\317\33\7LA\374\10\3143\222w'\374\323\355\223\30"..., 8192) = 44
8688  16:03:57 write(3, "\373<\301\nb\332\35Y|\325,n\333\272\24\0\272ne\03782\3630\332g\370\316x\236;;"..., 60) = 60
8688  16:03:57 select(4, [3], NULL, NULL, NULL) = 1 (in [3])
8688  16:03:57 read(3, "\2\325\265\246(\335\267\7\30\214}3\336Pu:a{\206\342\311uk\222Yy6#\223\336:\240"..., 8192) = 84
8688  16:03:57 stat("/home/audituser/.ssh/id_rsa", 0x7ffccd221e20) = -1 ENOENT (No such file or directory)
8688  16:03:57 stat("/home/audituser/.ssh/id_dsa", 0x7ffccd221e20) = -1 ENOENT (No such file or directory)
8688  16:03:57 stat("/home/audituser/.ssh/id_ecdsa", 0x7ffccd221e20) = -1 ENOENT (No such file or directory)
8688  16:03:57 stat("/home/audituser/.ssh/id_ed25519", 0x7ffccd221e20) = -1 ENOENT (No such file or directory)
8688  16:03:57 open("/dev/tty", O_RDWR) = 4
8688  16:03:57 close(4)                 = 0
8688  16:03:57 open("/dev/tty", O_RDWR) = 4
8688  16:03:57 ioctl(4, TCGETS, {B38400 opost isig icanon echo ...}) = 0
8688  16:03:57 ioctl(4, TCGETS, {B38400 opost isig icanon echo ...}) = 0
8688  16:03:57 ioctl(4, SNDCTL_TMR_CONTINUE or TCSETSF, {B38400 opost isig icanon -echo ...}) = 0
8688  16:03:57 ioctl(4, TCGETS, {B38400 opost isig icanon -echo ...}) = 0
8688  16:03:57 rt_sigaction(SIGALRM, {0x559975b8d5a0, [], SA_RESTORER, 0x7f184e4434b0}, {SIG_DFL, [], 0}, 8) = 0
8688  16:03:57 rt_sigaction(SIGHUP, {0x559975b8d5a0, [], SA_RESTORER, 0x7f184e4434b0}, {SIG_DFL, [], 0}, 8) = 0
8688  16:03:57 rt_sigaction(SIGINT, {0x559975b8d5a0, [], SA_RESTORER, 0x7f184e4434b0}, {SIG_DFL, [], 0}, 8) = 0
8688  16:03:57 rt_sigaction(SIGPIPE, {0x559975b8d5a0, [], SA_RESTORER, 0x7f184e4434b0}, {SIG_IGN, [], SA_RESTORER, 0x7f184e4434b0}, 8) = 0
8688  16:03:57 rt_sigaction(SIGQUIT, {0x559975b8d5a0, [], SA_RESTORER, 0x7f184e4434b0}, {SIG_DFL, [], 0}, 8) = 0
8688  16:03:57 rt_sigaction(SIGTERM, {0x559975b8d5a0, [], SA_RESTORER, 0x7f184e4434b0}, {SIG_DFL, [], 0}, 8) = 0
8688  16:03:57 rt_sigaction(SIGTSTP, {0x559975b8d5a0, [], SA_RESTORER, 0x7f184e4434b0}, {SIG_DFL, [], 0}, 8) = 0
8688  16:03:57 rt_sigaction(SIGTTIN, {0x559975b8d5a0, [], SA_RESTORER, 0x7f184e4434b0}, {SIG_DFL, [], 0}, 8) = 0
8688  16:03:57 rt_sigaction(SIGTTOU, {0x559975b8d5a0, [], SA_RESTORER, 0x7f184e4434b0}, {SIG_DFL, [], 0}, 8) = 0
8688  16:03:57 write(4, "root@119.29.40.162's password: ", 31) = 31
8688  16:03:57 read(4, "S", 1)          = 1
8688  16:03:57 read(4, "w", 1)          = 1
8688  16:03:57 read(4, "o", 1)          = 1
8688  16:03:57 read(4, "l", 1)          = 1
8688  16:03:57 read(4, "f", 1)          = 1
8688  16:03:57 read(4, "9", 1)          = 1
8688  16:03:57 read(4, "2", 1)          = 1
8688  16:03:57 read(4, "7", 1)          = 1
8688  16:03:57 read(4, "\n", 1)         = 1
8688  16:03:57 write(4, "\n", 1)        = 1
8688  16:03:57 ioctl(4, TCGETS, {B38400 opost isig icanon -echo ...}) = 0
8688  16:03:57 ioctl(4, SNDCTL_TMR_CONTINUE or TCSETSF, {B38400 opost isig icanon echo ...}) = 0
8688  16:03:57 ioctl(4, TCGETS, {B38400 opost isig icanon echo ...}) = 0
8688  16:03:57 rt_sigaction(SIGALRM, {SIG_DFL, [], SA_RESTORER, 0x7f184e4434b0}, NULL, 8) = 0
8688  16:03:57 rt_sigaction(SIGHUP, {SIG_DFL, [], SA_RESTORER, 0x7f184e4434b0}, NULL, 8) = 0
8688  16:03:57 rt_sigaction(SIGINT, {SIG_DFL, [], SA_RESTORER, 0x7f184e4434b0}, NULL, 8) = 0
8688  16:03:57 rt_sigaction(SIGQUIT, {SIG_DFL, [], SA_RESTORER, 0x7f184e4434b0}, NULL, 8) = 0
8688  16:03:57 rt_sigaction(SIGPIPE, {SIG_IGN, [], SA_RESTORER, 0x7f184e4434b0}, NULL, 8) = 0
8688  16:03:57 rt_sigaction(SIGTERM, {SIG_DFL, [], SA_RESTORER, 0x7f184e4434b0}, NULL, 8) = 0
8688  16:03:57 rt_sigaction(SIGTSTP, {SIG_DFL, [], SA_RESTORER, 0x7f184e4434b0}, NULL, 8) = 0
8688  16:03:57 rt_sigaction(SIGTTIN, {SIG_DFL, [], SA_RESTORER, 0x7f184e4434b0}, NULL, 8) = 0
8688  16:03:57 rt_sigaction(SIGTTOU, {SIG_DFL, [], SA_RESTORER, 0x7f184e4434b0}, NULL, 8) = 0
8688  16:03:57 close(4)                 = 0
8688  16:03:57 write(3, "C\r\250\355\310\1s\313\332<\253ml\177\4`\4/\214;\264k\25\34\22>\17B\235\33H_"..., 148) = 148
8688  16:03:57 select(4, [3], NULL, NULL, NULL) = 1 (in [3])
8688  16:03:57 read(3, "\t\206\202\362\272\221\33\355\226\213w\336&\350\21@%<9\3$\3165\7\306\252\345\231", 8192) = 28
8688  16:03:57 dup(0)                   = 4
8688  16:03:57 dup(1)                   = 5
8688  16:03:57 dup(2)                   = 6
8688  16:03:57 ioctl(4, TCGETS, {B38400 opost isig icanon echo ...}) = 0
8688  16:03:57 ioctl(5, TCGETS, {B38400 opost isig icanon echo ...}) = 0
8688  16:03:57 ioctl(6, TCGETS, {B38400 opost isig icanon echo ...}) = 0
8688  16:03:57 fcntl(4, F_SETFD, FD_CLOEXEC) = 0
8688  16:03:57 fcntl(5, F_SETFD, FD_CLOEXEC) = 0
8688  16:03:57 fcntl(6, F_SETFD, FD_CLOEXEC) = 0
8688  16:03:57 rt_sigaction(SIGHUP, NULL, {SIG_DFL, [], SA_RESTORER, 0x7f184e4434b0}, 8) = 0
8688  16:03:57 rt_sigaction(SIGHUP, {SIG_IGN, [], SA_RESTORER, 0x7f184e4434b0}, NULL, 8) = 0
8688  16:03:57 rt_sigaction(SIGHUP, NULL, {SIG_IGN, [], SA_RESTORER, 0x7f184e4434b0}, 8) = 0
8688  16:03:57 rt_sigaction(SIGHUP, {0x559975b37fb0, [], SA_RESTORER, 0x7f184e4434b0}, NULL, 8) = 0
8688  16:03:57 rt_sigaction(SIGINT, NULL, {SIG_DFL, [], SA_RESTORER, 0x7f184e4434b0}, 8) = 0
8688  16:03:57 rt_sigaction(SIGINT, {SIG_IGN, [], SA_RESTORER, 0x7f184e4434b0}, NULL, 8) = 0
8688  16:03:57 rt_sigaction(SIGINT, NULL, {SIG_IGN, [], SA_RESTORER, 0x7f184e4434b0}, 8) = 0
8688  16:03:57 rt_sigaction(SIGINT, {0x559975b37fb0, [], SA_RESTORER, 0x7f184e4434b0}, NULL, 8) = 0
8688  16:03:57 rt_sigaction(SIGQUIT, NULL, {SIG_DFL, [], SA_RESTORER, 0x7f184e4434b0}, 8) = 0
8688  16:03:57 rt_sigaction(SIGQUIT, {SIG_IGN, [], SA_RESTORER, 0x7f184e4434b0}, NULL, 8) = 0
8688  16:03:57 rt_sigaction(SIGQUIT, NULL, {SIG_IGN, [], SA_RESTORER, 0x7f184e4434b0}, 8) = 0
8688  16:03:57 rt_sigaction(SIGQUIT, {0x559975b37fb0, [], SA_RESTORER, 0x7f184e4434b0}, NULL, 8) = 0
8688  16:03:57 rt_sigaction(SIGTERM, NULL, {SIG_DFL, [], SA_RESTORER, 0x7f184e4434b0}, 8) = 0
8688  16:03:57 rt_sigaction(SIGTERM, {SIG_IGN, [], SA_RESTORER, 0x7f184e4434b0}, NULL, 8) = 0
8688  16:03:57 rt_sigaction(SIGTERM, NULL, {SIG_IGN, [], SA_RESTORER, 0x7f184e4434b0}, 8) = 0
8688  16:03:57 rt_sigaction(SIGTERM, {0x559975b37fb0, [], SA_RESTORER, 0x7f184e4434b0}, NULL, 8) = 0
8688  16:03:57 rt_sigaction(SIGWINCH, NULL, {SIG_DFL, [], 0}, 8) = 0
8688  16:03:57 rt_sigaction(SIGWINCH, {0x559975b38220, [], SA_RESTORER, 0x7f184e4434b0}, NULL, 8) = 0
8688  16:03:57 ioctl(0, TCGETS, {B38400 opost isig icanon echo ...}) = 0
8688  16:03:57 ioctl(0, TCGETS, {B38400 opost isig icanon echo ...}) = 0
8688  16:03:57 ioctl(0, SNDCTL_TMR_STOP or TCSETSW, {B38400 -opost -isig -icanon -echo ...}) = 0
8688  16:03:57 ioctl(0, TCGETS, {B38400 -opost -isig -icanon -echo ...}) = 0
8688  16:03:57 clock_gettime(CLOCK_BOOTTIME, {6595, 181755322}) = 0
8688  16:03:57 clock_gettime(CLOCK_BOOTTIME, {6595, 181797448}) = 0
8688  16:03:57 select(7, [3], [3], NULL, NULL) = 1 (out [3])
8688  16:03:57 clock_gettime(CLOCK_BOOTTIME, {6595, 181927710}) = 0
8688  16:03:57 write(3, "i/R\335\345\356=\244\327/\3256[\236c\274\216\330\340_&0\240\360\3037\203\24\256\346\rE"..., 112) = 112
8688  16:03:57 clock_gettime(CLOCK_BOOTTIME, {6595, 182329404}) = 0
8688  16:03:57 clock_gettime(CLOCK_BOOTTIME, {6595, 182410002}) = 0
8688  16:03:57 select(7, [3], [], NULL, NULL) = 1 (in [3])
8688  16:03:57 clock_gettime(CLOCK_BOOTTIME, {6595, 191529685}) = 0
8688  16:03:57 read(3, "L\344\217\265g\271\v\"\374\2559\16\6\354\0326\10\343l\337\315\253\35\215\373\344\217t\313\n\366\256"..., 8192) = 44
8688  16:03:57 getsockopt(3, SOL_TCP, TCP_NODELAY, [0], [4]) = 0
8688  16:03:57 setsockopt(3, SOL_TCP, TCP_NODELAY, [1], 4) = 0
8688  16:03:57 getsockname(3, {sa_family=AF_INET, sin_port=htons(57450), sin_addr=inet_addr("192.168.0.112")}, [16]) = 0
8688  16:03:57 setsockopt(3, SOL_IP, IP_TOS, [16], 4) = 0
8688  16:03:57 ioctl(0, TIOCGWINSZ, {ws_row=56, ws_col=132, ws_xpixel=0, ws_ypixel=0}) = 0
8688  16:03:57 clock_gettime(CLOCK_BOOTTIME, {6595, 191944016}) = 0
8688  16:03:57 clock_gettime(CLOCK_BOOTTIME, {6595, 191986821}) = 0
8688  16:03:57 select(7, [3], [3], NULL, NULL) = 1 (out [3])
8688  16:03:57 clock_gettime(CLOCK_BOOTTIME, {6595, 192077337}) = 0
8688  16:03:57 write(3, "z;\24\337u\317c\252\26[\30\227\266pf}?P\264\36\313\327\356\205\312\345*\37j\317\0319"..., 376) = 376
8688  16:03:57 clock_gettime(CLOCK_BOOTTIME, {6595, 192589600}) = 0
8688  16:03:57 clock_gettime(CLOCK_BOOTTIME, {6595, 192632749}) = 0
8688  16:03:57 select(7, [3], [], NULL, NULL) = 1 (in [3])
8688  16:03:57 clock_gettime(CLOCK_BOOTTIME, {6595, 202928126}) = 0
8688  16:03:57 read(3, ":\250\324u\36\4ZN\366 &\5k\36\t\213\2462h\177\314d^\377\302U\37\341\261\371_\354"..., 8192) = 108
8688  16:03:57 clock_gettime(CLOCK_BOOTTIME, {6595, 203042156}) = 0
8688  16:03:57 clock_gettime(CLOCK_BOOTTIME, {6595, 203079291}) = 0
8688  16:03:57 select(7, [3 4], [], NULL, NULL) = 1 (in [3])
8688  16:03:57 clock_gettime(CLOCK_BOOTTIME, {6595, 205959546}) = 0
8688  16:03:57 read(3, "\350}\270\f\266\200C\322\214N:~'\37%\307,\354\353W\17\206\35Um\374\374\240~\0 \375"..., 8192) = 100
8688  16:03:57 clock_gettime(CLOCK_BOOTTIME, {6595, 206381630}) = 0
8688  16:03:57 clock_gettime(CLOCK_BOOTTIME, {6595, 206420482}) = 0
8688  16:03:57 select(7, [3 4], [5], NULL, NULL) = 1 (out [5])
8688  16:03:57 clock_gettime(CLOCK_BOOTTIME, {6595, 206516058}) = 0
8688  16:03:57 write(5, "Last login: Mon Oct  9 23:53:58 "..., 59) = 59
8688  16:03:57 clock_gettime(CLOCK_BOOTTIME, {6595, 207150209}) = 0
8688  16:03:57 clock_gettime(CLOCK_BOOTTIME, {6595, 207237173}) = 0
8688  16:03:57 select(7, [3 4], [], NULL, NULL) = 1 (in [3])
8688  16:03:57 clock_gettime(CLOCK_BOOTTIME, {6595, 247438707}) = 0
8688  16:03:57 read(3, "\241\320\205\2432\265f\316\1\375\317\r\206\361^\270}\37 \347\37\344\302\215\0\n\231\350\214\366\32J"..., 8192) = 76
8688  16:03:57 clock_gettime(CLOCK_BOOTTIME, {6595, 247563650}) = 0
8688  16:03:57 clock_gettime(CLOCK_BOOTTIME, {6595, 247602559}) = 0
8688  16:03:57 select(7, [3 4], [5], NULL, NULL) = 1 (out [5])
8688  16:03:57 clock_gettime(CLOCK_BOOTTIME, {6595, 247698022}) = 0
8688  16:03:57 write(5, "\33[?1034h[root@VM_140_32_centos ~"..., 35) = 35
8688  16:03:57 clock_gettime(CLOCK_BOOTTIME, {6595, 248571776}) = 0
8688  16:03:57 clock_gettime(CLOCK_BOOTTIME, {6595, 248616842}) = 0
8688  16:03:57 select(7, [3 4], [], NULL, NULL) = 1 (in [4])
8688  16:03:58 clock_gettime(CLOCK_BOOTTIME, {6596, 442876105}) = 0
8688  16:03:58 read(4, "i", 16384)      = 1
8688  16:03:58 clock_gettime(CLOCK_BOOTTIME, {6596, 443403728}) = 0
8688  16:03:58 clock_gettime(CLOCK_BOOTTIME, {6596, 443593479}) = 0
8688  16:03:58 select(7, [3 4], [3], NULL, NULL) = 1 (out [3])
8688  16:03:58 clock_gettime(CLOCK_BOOTTIME, {6596, 444777016}) = 0
8688  16:03:58 write(3, "\1+\0lD\16\5\347\253==\323l\371\247@3\300\203\16\203<U\257\311\255\35\21\260\3612\210"..., 36) = 36
8688  16:03:58 clock_gettime(CLOCK_BOOTTIME, {6596, 445607310}) = 0
8688  16:03:58 clock_gettime(CLOCK_BOOTTIME, {6596, 445728241}) = 0
8688  16:03:58 select(7, [3 4], [], NULL, NULL) = 1 (in [3])
8688  16:03:58 clock_gettime(CLOCK_BOOTTIME, {6596, 455366790}) = 0
8688  16:03:58 read(3, "\322@\274\367U\272\366\4'|[p\313\325\323\22d\204\221\"\344\306\302k\f6\2407\367\325\255\307"..., 8192) = 36
8688  16:03:58 clock_gettime(CLOCK_BOOTTIME, {6596, 455522496}) = 0
8688  16:03:58 clock_gettime(CLOCK_BOOTTIME, {6596, 455573486}) = 0
8688  16:03:58 select(7, [3 4], [5], NULL, NULL) = 1 (out [5])
8688  16:03:58 clock_gettime(CLOCK_BOOTTIME, {6596, 455844485}) = 0
8688  16:03:58 write(5, "i", 1)         = 1
8688  16:03:58 clock_gettime(CLOCK_BOOTTIME, {6596, 457517922}) = 0
8688  16:03:58 clock_gettime(CLOCK_BOOTTIME, {6596, 457587523}) = 0
8688  16:03:58 select(7, [3 4], [], NULL, NULL) = 1 (in [4])
8688  16:03:58 clock_gettime(CLOCK_BOOTTIME, {6596, 554483975}) = 0
8688  16:03:58 read(4, "f", 16384)      = 1
8688  16:03:58 clock_gettime(CLOCK_BOOTTIME, {6596, 554629195}) = 0
8688  16:03:58 clock_gettime(CLOCK_BOOTTIME, {6596, 554684260}) = 0
8688  16:03:58 select(7, [3 4], [3], NULL, NULL) = 1 (out [3])
8688  16:03:58 clock_gettime(CLOCK_BOOTTIME, {6596, 554825189}) = 0
8688  16:03:58 write(3, "\341\374]\211\211\271cW\242\347\251\t\177\214\306\311mE\240\22\277\336\263\r\352\322\37\357\246\320\234\317"..., 36) = 36
8688  16:03:58 clock_gettime(CLOCK_BOOTTIME, {6596, 555480810}) = 0
8688  16:03:58 clock_gettime(CLOCK_BOOTTIME, {6596, 555572286}) = 0
8688  16:03:58 select(7, [3 4], [], NULL, NULL) = 1 (in [3])
8688  16:03:58 clock_gettime(CLOCK_BOOTTIME, {6596, 568371808}) = 0
8688  16:03:58 read(3, "\ns\202\\u\352\350\5\220\323*\10\220_\246\n\375/\0237\326\206:\350\26\267E\301\254C\351\34"..., 8192) = 36
8688  16:03:58 clock_gettime(CLOCK_BOOTTIME, {6596, 568455344}) = 0
8688  16:03:58 clock_gettime(CLOCK_BOOTTIME, {6596, 568482388}) = 0
8688  16:03:58 select(7, [3 4], [5], NULL, NULL) = 1 (out [5])
8688  16:03:58 clock_gettime(CLOCK_BOOTTIME, {6596, 568549317}) = 0
8688  16:03:58 write(5, "f", 1)         = 1
8688  16:03:58 clock_gettime(CLOCK_BOOTTIME, {6596, 569061496}) = 0
8688  16:03:58 clock_gettime(CLOCK_BOOTTIME, {6596, 569133198}) = 0
8688  16:03:58 select(7, [3 4], [], NULL, NULL) = 1 (in [4])
8688  16:03:58 clock_gettime(CLOCK_BOOTTIME, {6596, 795994423}) = 0
8688  16:03:58 read(4, "c", 16384)      = 1
8688  16:03:58 clock_gettime(CLOCK_BOOTTIME, {6596, 796867688}) = 0
8688  16:03:58 clock_gettime(CLOCK_BOOTTIME, {6596, 797042536}) = 0
8688  16:03:58 select(7, [3 4], [3], NULL, NULL) = 1 (out [3])
8688  16:03:58 clock_gettime(CLOCK_BOOTTIME, {6596, 797190192}) = 0
8688  16:03:58 write(3, "\177\345\277\275\342x\264\253\360aa\263\367\2552m\215\v{\364\251\26\4\233v\10\343\244\315M\341\232"..., 36) = 36
8688  16:03:58 clock_gettime(CLOCK_BOOTTIME, {6596, 797822436}) = 0
8688  16:03:58 clock_gettime(CLOCK_BOOTTIME, {6596, 797889866}) = 0
8688  16:03:58 select(7, [3 4], [], NULL, NULL) = 1 (in [3])
8688  16:03:58 clock_gettime(CLOCK_BOOTTIME, {6596, 807803220}) = 0
8688  16:03:58 read(3, "=\204b\207o*\t\226\222\n\230\366/\357JQ\262\267\235W\306-}X\365yr|\376\300}Z"..., 8192) = 36
8688  16:03:58 clock_gettime(CLOCK_BOOTTIME, {6596, 807960687}) = 0
8688  16:03:58 clock_gettime(CLOCK_BOOTTIME, {6596, 808252853}) = 0
8688  16:03:58 select(7, [3 4], [5], NULL, NULL) = 1 (out [5])
8688  16:03:58 clock_gettime(CLOCK_BOOTTIME, {6596, 808401370}) = 0
8688  16:03:58 write(5, "c", 1)         = 1
8688  16:03:58 clock_gettime(CLOCK_BOOTTIME, {6596, 809807606}) = 0
8688  16:03:58 clock_gettime(CLOCK_BOOTTIME, {6596, 809875986}) = 0
8688  16:03:58 select(7, [3 4], [], NULL, NULL) = 1 (in [4])
8688  16:03:58 clock_gettime(CLOCK_BOOTTIME, {6596, 862044762}) = 0
8688  16:03:58 read(4, "o", 16384)      = 1
8688  16:03:58 clock_gettime(CLOCK_BOOTTIME, {6596, 863026205}) = 0
8688  16:03:58 clock_gettime(CLOCK_BOOTTIME, {6596, 863198741}) = 0
8688  16:03:58 select(7, [3 4], [3], NULL, NULL) = 1 (out [3])
8688  16:03:58 clock_gettime(CLOCK_BOOTTIME, {6596, 863670451}) = 0
8688  16:03:58 write(3, "\25)\275$}\311\355\236\373\247\206\350\215\355W\272r\337\306\"I\356/\210\343\222\353\226t7\343["..., 36) = 36
8688  16:03:58 clock_gettime(CLOCK_BOOTTIME, {6596, 864486934}) = 0
8688  16:03:58 clock_gettime(CLOCK_BOOTTIME, {6596, 864673823}) = 0
8688  16:03:58 select(7, [3 4], [], NULL, NULL) = 1 (in [3])
8688  16:03:58 clock_gettime(CLOCK_BOOTTIME, {6596, 874554537}) = 0
8688  16:03:58 read(3, "\r\t.\257\363\322Qr\250\272)\0330\220\307\242\266\t\351\374\240G\331D\331\260!!\4\255\26)"..., 8192) = 36
8688  16:03:58 clock_gettime(CLOCK_BOOTTIME, {6596, 874701969}) = 0
8688  16:03:58 clock_gettime(CLOCK_BOOTTIME, {6596, 874804454}) = 0
8688  16:03:58 select(7, [3 4], [5], NULL, NULL) = 1 (out [5])
8688  16:03:58 clock_gettime(CLOCK_BOOTTIME, {6596, 874944671}) = 0
8688  16:03:58 write(5, "o", 1)         = 1
8688  16:03:58 clock_gettime(CLOCK_BOOTTIME, {6596, 875819882}) = 0
8688  16:03:58 clock_gettime(CLOCK_BOOTTIME, {6596, 875883559}) = 0
8688  16:03:58 select(7, [3 4], [], NULL, NULL) = 1 (in [4])
8688  16:03:58 clock_gettime(CLOCK_BOOTTIME, {6597, 67029801}) = 0
8688  16:03:58 read(4, "n", 16384)      = 1
8688  16:03:58 clock_gettime(CLOCK_BOOTTIME, {6597, 67543201}) = 0
8688  16:03:58 clock_gettime(CLOCK_BOOTTIME, {6597, 67714276}) = 0
8688  16:03:58 select(7, [3 4], [3], NULL, NULL) = 1 (out [3])
8688  16:03:58 clock_gettime(CLOCK_BOOTTIME, {6597, 69145906}) = 0
8688  16:03:58 write(3, "\314\344\226cf\377\274{\307oV\215\360\273\232OQi\244\36\331R\256:\262T\211\314\232z\35#"..., 36) = 36
8688  16:03:58 clock_gettime(CLOCK_BOOTTIME, {6597, 69949820}) = 0
8688  16:03:58 clock_gettime(CLOCK_BOOTTIME, {6597, 70013313}) = 0
8688  16:03:58 select(7, [3 4], [], NULL, NULL) = 1 (in [3])
8688  16:03:58 clock_gettime(CLOCK_BOOTTIME, {6597, 79969509}) = 0
8688  16:03:58 read(3, "\263y\v\226\22M\273tmKe6*h,\30\213\321\10\204*\245[\t\352\30\370\227I\23\217\204"..., 8192) = 36
8688  16:03:58 clock_gettime(CLOCK_BOOTTIME, {6597, 80141430}) = 0
8688  16:03:58 clock_gettime(CLOCK_BOOTTIME, {6597, 80193175}) = 0
8688  16:03:58 select(7, [3 4], [5], NULL, NULL) = 1 (out [5])
8688  16:03:58 clock_gettime(CLOCK_BOOTTIME, {6597, 80325567}) = 0
8688  16:03:58 write(5, "n", 1)         = 1
8688  16:03:58 clock_gettime(CLOCK_BOOTTIME, {6597, 81039280}) = 0
8688  16:03:58 clock_gettime(CLOCK_BOOTTIME, {6597, 81072351}) = 0
8688  16:03:58 select(7, [3 4], [], NULL, NULL) = 1 (in [4])
8688  16:03:59 clock_gettime(CLOCK_BOOTTIME, {6597, 191179016}) = 0
8688  16:03:59 read(4, "f", 16384)      = 1
8688  16:03:59 clock_gettime(CLOCK_BOOTTIME, {6597, 191772408}) = 0
8688  16:03:59 clock_gettime(CLOCK_BOOTTIME, {6597, 191865127}) = 0
8688  16:03:59 select(7, [3 4], [3], NULL, NULL) = 1 (out [3])
8688  16:03:59 clock_gettime(CLOCK_BOOTTIME, {6597, 192257108}) = 0
8688  16:03:59 write(3, "&\23\\\30-\343\307\210p\307\267\345 !\177\216&\30\326\320\241\371:f\234~\32\21\202I\233\205"..., 36) = 36
8688  16:03:59 clock_gettime(CLOCK_BOOTTIME, {6597, 193410465}) = 0
8688  16:03:59 clock_gettime(CLOCK_BOOTTIME, {6597, 193479145}) = 0
8688  16:03:59 select(7, [3 4], [], NULL, NULL) = 1 (in [3])
8688  16:03:59 clock_gettime(CLOCK_BOOTTIME, {6597, 203285703}) = 0
8688  16:03:59 read(3, "K\342]\351])(\236\4\21g=CQ\253u\251\373%\37\330\v5\2\207\314\24\240\244*\266\221"..., 8192) = 36
8688  16:03:59 clock_gettime(CLOCK_BOOTTIME, {6597, 203439948}) = 0
8688  16:03:59 clock_gettime(CLOCK_BOOTTIME, {6597, 203490398}) = 0
8688  16:03:59 select(7, [3 4], [5], NULL, NULL) = 1 (out [5])
8688  16:03:59 clock_gettime(CLOCK_BOOTTIME, {6597, 203688089}) = 0
8688  16:03:59 write(5, "f", 1)         = 1
8688  16:03:59 clock_gettime(CLOCK_BOOTTIME, {6597, 204797307}) = 0
8688  16:03:59 clock_gettime(CLOCK_BOOTTIME, {6597, 204859623}) = 0
8688  16:03:59 select(7, [3 4], [], NULL, NULL) = 1 (in [4])
8688  16:03:59 clock_gettime(CLOCK_BOOTTIME, {6597, 313374439}) = 0
8688  16:03:59 read(4, "i", 16384)      = 1
8688  16:03:59 clock_gettime(CLOCK_BOOTTIME, {6597, 313950250}) = 0
8688  16:03:59 clock_gettime(CLOCK_BOOTTIME, {6597, 314418014}) = 0
8688  16:03:59 select(7, [3 4], [3], NULL, NULL) = 1 (out [3])
8688  16:03:59 clock_gettime(CLOCK_BOOTTIME, {6597, 314844258}) = 0
8688  16:03:59 write(3, "\224X]\306\371JZ\24Y\362\"\252S\220\366\276\336\230\10\25;:\275\373M\\\267\33,8\2156"..., 36) = 36
8688  16:03:59 clock_gettime(CLOCK_BOOTTIME, {6597, 315610225}) = 0
8688  16:03:59 clock_gettime(CLOCK_BOOTTIME, {6597, 315668459}) = 0
8688  16:03:59 select(7, [3 4], [], NULL, NULL) = 1 (in [3])
8688  16:03:59 clock_gettime(CLOCK_BOOTTIME, {6597, 326307238}) = 0
8688  16:03:59 read(3, "Tt\272\351z}\322\243\27\22,\272\221\31\210\313\253c\223y`\340\371\30o\333\277(S\24Pp"..., 8192) = 36
8688  16:03:59 clock_gettime(CLOCK_BOOTTIME, {6597, 326459247}) = 0
8688  16:03:59 clock_gettime(CLOCK_BOOTTIME, {6597, 326569191}) = 0
8688  16:03:59 select(7, [3 4], [5], NULL, NULL) = 1 (out [5])
8688  16:03:59 clock_gettime(CLOCK_BOOTTIME, {6597, 326721685}) = 0
8688  16:03:59 write(5, "i", 1)         = 1
8688  16:03:59 clock_gettime(CLOCK_BOOTTIME, {6597, 327618504}) = 0
8688  16:03:59 clock_gettime(CLOCK_BOOTTIME, {6597, 327681116}) = 0
8688  16:03:59 select(7, [3 4], [], NULL, NULL) = 1 (in [4])
8688  16:03:59 clock_gettime(CLOCK_BOOTTIME, {6597, 395725104}) = 0
8688  16:03:59 read(4, "g", 16384)      = 1
8688  16:03:59 clock_gettime(CLOCK_BOOTTIME, {6597, 397776027}) = 0
8688  16:03:59 clock_gettime(CLOCK_BOOTTIME, {6597, 398386519}) = 0
8688  16:03:59 select(7, [3 4], [3], NULL, NULL) = 1 (out [3])
8688  16:03:59 clock_gettime(CLOCK_BOOTTIME, {6597, 398812408}) = 0
8688  16:03:59 write(3, "v\274y\3720\364|\3341\21\372v\210K\237\312\213\221\341_\240\4\21\213\323Z\32\241\273!Q\354"..., 36) = 36
8688  16:03:59 clock_gettime(CLOCK_BOOTTIME, {6597, 399586730}) = 0
8688  16:03:59 clock_gettime(CLOCK_BOOTTIME, {6597, 399771062}) = 0
8688  16:03:59 select(7, [3 4], [], NULL, NULL) = 1 (in [3])
8688  16:03:59 clock_gettime(CLOCK_BOOTTIME, {6597, 409512776}) = 0
8688  16:03:59 read(3, "s\317zX\355\343\337\17:\263L\324As\232\255\0330\360I\1\305\254?\334E\203\255\321\326H\271"..., 8192) = 36
8688  16:03:59 clock_gettime(CLOCK_BOOTTIME, {6597, 409749560}) = 0
8688  16:03:59 clock_gettime(CLOCK_BOOTTIME, {6597, 409810295}) = 0
8688  16:03:59 select(7, [3 4], [5], NULL, NULL) = 1 (out [5])
8688  16:03:59 clock_gettime(CLOCK_BOOTTIME, {6597, 409942778}) = 0
8688  16:03:59 write(5, "g", 1)         = 1
8688  16:03:59 clock_gettime(CLOCK_BOOTTIME, {6597, 410965155}) = 0
8688  16:03:59 clock_gettime(CLOCK_BOOTTIME, {6597, 411027392}) = 0
8688  16:03:59 select(7, [3 4], [], NULL, NULL) = 1 (in [4])
8688  16:03:59 clock_gettime(CLOCK_BOOTTIME, {6597, 611557668}) = 0
8688  16:03:59 read(4, "\r", 16384)     = 1
8688  16:03:59 clock_gettime(CLOCK_BOOTTIME, {6597, 611691495}) = 0
8688  16:03:59 clock_gettime(CLOCK_BOOTTIME, {6597, 611724551}) = 0
8688  16:03:59 select(7, [3 4], [3], NULL, NULL) = 1 (out [3])
8688  16:03:59 clock_gettime(CLOCK_BOOTTIME, {6597, 611760387}) = 0
8688  16:03:59 write(3, "`#\203C\377b]jE\202\242\206-\373\340\324]\321~\275^t\335\177F\260}\335\233\213\315\t"..., 36) = 36
8688  16:03:59 clock_gettime(CLOCK_BOOTTIME, {6597, 611925224}) = 0
8688  16:03:59 clock_gettime(CLOCK_BOOTTIME, {6597, 611940262}) = 0
8688  16:03:59 select(7, [3 4], [], NULL, NULL) = 1 (in [3])
8688  16:03:59 clock_gettime(CLOCK_BOOTTIME, {6597, 621957360}) = 0
8688  16:03:59 read(3, "\10\377\246\2159\365eab\320\3039\375\377\10\231\367\341\23\200\210\206\370\16\253\263\304\341G@\352\367"..., 8192) = 36
8688  16:03:59 clock_gettime(CLOCK_BOOTTIME, {6597, 622016897}) = 0
8688  16:03:59 clock_gettime(CLOCK_BOOTTIME, {6597, 622029874}) = 0
8688  16:03:59 select(7, [3 4], [5], NULL, NULL) = 1 (out [5])
8688  16:03:59 clock_gettime(CLOCK_BOOTTIME, {6597, 622062838}) = 0
8688  16:03:59 write(5, "\r\n", 2)      = 2
8688  16:03:59 clock_gettime(CLOCK_BOOTTIME, {6597, 622317532}) = 0
8688  16:03:59 clock_gettime(CLOCK_BOOTTIME, {6597, 622333153}) = 0
8688  16:03:59 select(7, [3 4], [], NULL, NULL) = 1 (in [3])
8688  16:03:59 clock_gettime(CLOCK_BOOTTIME, {6597, 623863978}) = 0
8688  16:03:59 read(3, "\3770\273\240\346o\2362\34xZ\203\350\366\265\21\r\32441Q\271_f9\242O\231\2531\227\314"..., 8192) = 836
8688  16:03:59 clock_gettime(CLOCK_BOOTTIME, {6597, 623924665}) = 0
8688  16:03:59 clock_gettime(CLOCK_BOOTTIME, {6597, 623937507}) = 0
8688  16:03:59 select(7, [3 4], [5], NULL, NULL) = 1 (out [5])
8688  16:03:59 clock_gettime(CLOCK_BOOTTIME, {6597, 623983024}) = 0
8688  16:03:59 write(5, "eth0: flags=4163<UP,BROADCAST,RU"..., 799) = 799
8688  16:03:59 clock_gettime(CLOCK_BOOTTIME, {6597, 624311613}) = 0
8688  16:03:59 clock_gettime(CLOCK_BOOTTIME, {6597, 624327365}) = 0
8688  16:03:59 select(7, [3 4], [], NULL, NULL) = 1 (in [4])
8688  16:04:01 clock_gettime(CLOCK_BOOTTIME, {6599, 669073088}) = 0
8688  16:04:01 read(4, "e", 16384)      = 1
8688  16:04:01 clock_gettime(CLOCK_BOOTTIME, {6599, 669501298}) = 0
8688  16:04:01 clock_gettime(CLOCK_BOOTTIME, {6599, 669671769}) = 0
8688  16:04:01 select(7, [3 4], [3], NULL, NULL) = 1 (out [3])
8688  16:04:01 clock_gettime(CLOCK_BOOTTIME, {6599, 669829579}) = 0
8688  16:04:01 write(3, "\264\250\301a\10\16s\2P\266Z\324\302r\234ud\16SA\4\263kN\373\254\306k-\"\220\25"..., 36) = 36
8688  16:04:01 clock_gettime(CLOCK_BOOTTIME, {6599, 670191782}) = 0
8688  16:04:01 clock_gettime(CLOCK_BOOTTIME, {6599, 670227769}) = 0
8688  16:04:01 select(7, [3 4], [], NULL, NULL) = 1 (in [3])
8688  16:04:01 clock_gettime(CLOCK_BOOTTIME, {6599, 680046219}) = 0
8688  16:04:01 read(3, "\326\343\273\366\201r5j\306X(\232U3-\23\325_\346\242=\224\201/k~\205nYB\255\10"..., 8192) = 36
8688  16:04:01 clock_gettime(CLOCK_BOOTTIME, {6599, 680275478}) = 0
8688  16:04:01 clock_gettime(CLOCK_BOOTTIME, {6599, 680311917}) = 0
8688  16:04:01 select(7, [3 4], [5], NULL, NULL) = 1 (out [5])
8688  16:04:01 clock_gettime(CLOCK_BOOTTIME, {6599, 680394900}) = 0
8688  16:04:01 write(5, "e", 1)         = 1
8688  16:04:01 clock_gettime(CLOCK_BOOTTIME, {6599, 681077228}) = 0
8688  16:04:01 clock_gettime(CLOCK_BOOTTIME, {6599, 681119954}) = 0
8688  16:04:01 select(7, [3 4], [], NULL, NULL) = 1 (in [4])
8688  16:04:01 clock_gettime(CLOCK_BOOTTIME, {6599, 886139184}) = 0
8688  16:04:01 read(4, "x", 16384)      = 1
8688  16:04:01 clock_gettime(CLOCK_BOOTTIME, {6599, 887293298}) = 0
8688  16:04:01 clock_gettime(CLOCK_BOOTTIME, {6599, 887353042}) = 0
8688  16:04:01 select(7, [3 4], [3], NULL, NULL) = 1 (out [3])
8688  16:04:01 clock_gettime(CLOCK_BOOTTIME, {6599, 887547426}) = 0
8688  16:04:01 write(3, "\35T\20o,\245[\371\2\323QXa[\300\360\35d\316\223\375k%\261\377\17\225\337\277\364\3\335"..., 36) = 36
8688  16:04:01 clock_gettime(CLOCK_BOOTTIME, {6599, 888340725}) = 0
8688  16:04:01 clock_gettime(CLOCK_BOOTTIME, {6599, 888401730}) = 0
8688  16:04:01 select(7, [3 4], [], NULL, NULL) = 1 (in [3])
8688  16:04:01 clock_gettime(CLOCK_BOOTTIME, {6599, 898847432}) = 0
8688  16:04:01 read(3, "R\330\t\266Y\303N\5\352\253\207\212\336j\203*\r\251\334\315\277\365\367\322^o\273\330\377\260\237S"..., 8192) = 36
8688  16:04:01 clock_gettime(CLOCK_BOOTTIME, {6599, 899005609}) = 0
8688  16:04:01 clock_gettime(CLOCK_BOOTTIME, {6599, 899059496}) = 0
8688  16:04:01 select(7, [3 4], [5], NULL, NULL) = 1 (out [5])
8688  16:04:01 clock_gettime(CLOCK_BOOTTIME, {6599, 899260508}) = 0
8688  16:04:01 write(5, "x", 1)         = 1
8688  16:04:01 clock_gettime(CLOCK_BOOTTIME, {6599, 900375764}) = 0
8688  16:04:01 clock_gettime(CLOCK_BOOTTIME, {6599, 900447496}) = 0
8688  16:04:01 select(7, [3 4], [], NULL, NULL) = 1 (in [4])
8688  16:04:01 clock_gettime(CLOCK_BOOTTIME, {6599, 999836682}) = 0
8688  16:04:01 read(4, "i", 16384)      = 1
8688  16:04:01 clock_gettime(CLOCK_BOOTTIME, {6600, 561996}) = 0
8688  16:04:01 clock_gettime(CLOCK_BOOTTIME, {6600, 619384}) = 0
8688  16:04:01 select(7, [3 4], [3], NULL, NULL) = 1 (out [3])
8688  16:04:01 clock_gettime(CLOCK_BOOTTIME, {6600, 821852}) = 0
8688  16:04:01 write(3, "J\236\23\23\321(+\317\\V\n\334\36\317\35\v6HN\314\6[\205\v*\30'\212\341*ce"..., 36) = 36
8688  16:04:01 clock_gettime(CLOCK_BOOTTIME, {6600, 1264291}) = 0
8688  16:04:01 clock_gettime(CLOCK_BOOTTIME, {6600, 1326037}) = 0
8688  16:04:01 select(7, [3 4], [], NULL, NULL) = 1 (in [3])
8688  16:04:01 clock_gettime(CLOCK_BOOTTIME, {6600, 12862976}) = 0
8688  16:04:01 read(3, "9i\366\260\211\353\211\273\364\237=\374l<\373\36\3210W\355\351\201\323\5\347F:\317@Is)"..., 8192) = 36
8688  16:04:01 clock_gettime(CLOCK_BOOTTIME, {6600, 13085686}) = 0
8688  16:04:01 clock_gettime(CLOCK_BOOTTIME, {6600, 13137727}) = 0
8688  16:04:01 select(7, [3 4], [5], NULL, NULL) = 1 (out [5])
8688  16:04:01 clock_gettime(CLOCK_BOOTTIME, {6600, 13327528}) = 0
8688  16:04:01 write(5, "i", 1)         = 1
8688  16:04:01 clock_gettime(CLOCK_BOOTTIME, {6600, 14335478}) = 0
8688  16:04:01 clock_gettime(CLOCK_BOOTTIME, {6600, 14405634}) = 0
8688  16:04:01 select(7, [3 4], [], NULL, NULL) = 1 (in [4])
8688  16:04:03 clock_gettime(CLOCK_BOOTTIME, {6601, 129368042}) = 0
8688  16:04:03 read(4, "t", 16384)      = 1
8688  16:04:03 clock_gettime(CLOCK_BOOTTIME, {6601, 130063748}) = 0
8688  16:04:03 clock_gettime(CLOCK_BOOTTIME, {6601, 131306934}) = 0
8688  16:04:03 select(7, [3 4], [3], NULL, NULL) = 1 (out [3])
8688  16:04:03 clock_gettime(CLOCK_BOOTTIME, {6601, 131485103}) = 0
8688  16:04:03 write(3, "\302\f_Z\25u\267\275p\352\2312\363\330\202\10o\224\243\377\243\2661\240\321\26\311\323\206\314\230\257"..., 36) = 36
8688  16:04:03 clock_gettime(CLOCK_BOOTTIME, {6601, 132086845}) = 0
8688  16:04:03 clock_gettime(CLOCK_BOOTTIME, {6601, 132397446}) = 0
8688  16:04:03 select(7, [3 4], [], NULL, NULL) = 1 (in [3])
8688  16:04:03 clock_gettime(CLOCK_BOOTTIME, {6601, 142486273}) = 0
8688  16:04:03 read(3, "\263\354\376F!\314\332c\256=r\20\276\324l\213\231\243\377Qk,\307\16\223\316P\252\354\355\26#"..., 8192) = 36
8688  16:04:03 clock_gettime(CLOCK_BOOTTIME, {6601, 142713086}) = 0
8688  16:04:03 clock_gettime(CLOCK_BOOTTIME, {6601, 142766242}) = 0
8688  16:04:03 select(7, [3 4], [5], NULL, NULL) = 1 (out [5])
8688  16:04:03 clock_gettime(CLOCK_BOOTTIME, {6601, 142897133}) = 0
8688  16:04:03 write(5, "t", 1)         = 1
8688  16:04:03 clock_gettime(CLOCK_BOOTTIME, {6601, 143116867}) = 0
8688  16:04:03 clock_gettime(CLOCK_BOOTTIME, {6601, 143171969}) = 0
8688  16:04:03 select(7, [3 4], [], NULL, NULL) = 1 (in [4])
8688  16:04:03 clock_gettime(CLOCK_BOOTTIME, {6601, 370328691}) = 0
8688  16:04:03 read(4, "\r", 16384)     = 1
8688  16:04:03 clock_gettime(CLOCK_BOOTTIME, {6601, 370395520}) = 0
8688  16:04:03 clock_gettime(CLOCK_BOOTTIME, {6601, 370411629}) = 0
8688  16:04:03 select(7, [3 4], [3], NULL, NULL) = 1 (out [3])
8688  16:04:03 clock_gettime(CLOCK_BOOTTIME, {6601, 370447086}) = 0
8688  16:04:03 write(3, "\346\354\36\3\343c\271\16\371\373\363\226^j\247&<\231\26z\340\210\275\n\351\261n\277\317+Le"..., 36) = 36
8688  16:04:03 clock_gettime(CLOCK_BOOTTIME, {6601, 370696762}) = 0
8688  16:04:03 clock_gettime(CLOCK_BOOTTIME, {6601, 370712775}) = 0
8688  16:04:03 select(7, [3 4], [], NULL, NULL) = 1 (in [3])
8688  16:04:03 clock_gettime(CLOCK_BOOTTIME, {6601, 385014832}) = 0
8688  16:04:03 read(3, "\273\20w\6\324d\256/\270\216)\243\275\246\256E\274Qz@\353\346\257\322K\n\266\307h]bo"..., 8192) = 220
8688  16:04:03 close(4)                 = 0
8688  16:04:03 clock_gettime(CLOCK_BOOTTIME, {6601, 385084781}) = 0
8688  16:04:03 clock_gettime(CLOCK_BOOTTIME, {6601, 385098113}) = 0
8688  16:04:03 select(7, [3], [5], NULL, NULL) = 1 (out [5])
8688  16:04:03 clock_gettime(CLOCK_BOOTTIME, {6601, 385132003}) = 0
8688  16:04:03 write(5, "\r\nlogout\r\n", 10) = 10
8688  16:04:03 clock_gettime(CLOCK_BOOTTIME, {6601, 385183142}) = 0
8688  16:04:03 clock_gettime(CLOCK_BOOTTIME, {6601, 385197244}) = 0
8688  16:04:03 close(5)                 = 0
8688  16:04:03 ioctl(0, TCGETS, {B38400 -opost -isig -icanon -echo ...}) = 0
8688  16:04:03 ioctl(0, SNDCTL_TMR_STOP or TCSETSW, {B38400 opost isig icanon echo ...}) = 0
8688  16:04:03 ioctl(0, TCGETS, {B38400 opost isig icanon echo ...}) = 0
8688  16:04:03 close(6)                 = 0
8688  16:04:03 select(7, [3], [3], NULL, NULL) = 1 (out [3])
8688  16:04:03 clock_gettime(CLOCK_BOOTTIME, {6601, 385355040}) = 0
8688  16:04:03 write(3, "P\246\267\274\241\16\254\2453\v\264 \207\300;i\320h\336\324\260\312\341\267\270\345*c\\\261\250\253"..., 36) = 36
8688  16:04:03 rt_sigaction(SIGWINCH, NULL, {0x559975b38220, [], SA_RESTORER, 0x7f184e4434b0}, 8) = 0
8688  16:04:03 rt_sigaction(SIGWINCH, {SIG_DFL, [], SA_RESTORER, 0x7f184e4434b0}, NULL, 8) = 0
8688  16:04:03 write(3, "\306LX\21\364\332N\256\243\202d\300\2659>\251\343\304/\262aB\204\233\34\323\331\7\325\216\321\341"..., 60) = 60
8688  16:04:03 ioctl(0, TCGETS, {B38400 opost isig icanon echo ...}) = 0
8688  16:04:03 ioctl(1, TCGETS, {B38400 opost isig icanon echo ...}) = 0
8688  16:04:03 ioctl(2, TCGETS, {B38400 opost isig icanon echo ...}) = 0
8688  16:04:03 write(2, "Connection to 119.29.40.162 clos"..., 37) = 37
8688  16:04:03 close(3)                 = 0
8688  16:04:03 exit_group(0)            = ?
8688  16:04:03 +++ exited with 0 +++
