8902  16:07:38 read(3, "S", 1)          = 1
8902  16:07:38 read(3, "S", 1)          = 1
8902  16:07:38 read(3, "H", 1)          = 1
8902  16:07:38 read(3, "-", 1)          = 1
8902  16:07:38 read(3, "2", 1)          = 1
8902  16:07:38 read(3, ".", 1)          = 1
8902  16:07:38 read(3, "0", 1)          = 1
8902  16:07:38 read(3, "-", 1)          = 1
8902  16:07:38 read(3, "O", 1)          = 1
8902  16:07:38 read(3, "p", 1)          = 1
8902  16:07:38 read(3, "e", 1)          = 1
8902  16:07:38 read(3, "n", 1)          = 1
8902  16:07:38 read(3, "S", 1)          = 1
8902  16:07:38 read(3, "S", 1)          = 1
8902  16:07:38 read(3, "H", 1)          = 1
8902  16:07:38 read(3, "_", 1)          = 1
8902  16:07:38 read(3, "6", 1)          = 1
8902  16:07:38 read(3, ".", 1)          = 1
8902  16:07:38 read(3, "6", 1)          = 1
8902  16:07:38 read(3, ".", 1)          = 1
8902  16:07:38 read(3, "1", 1)          = 1
8902  16:07:38 read(3, "\r", 1)         = 1
8902  16:07:38 read(3, "\n", 1)         = 1
8902  16:07:38 fcntl(3, F_GETFL)        = 0x2 (flags O_RDWR)
8902  16:07:38 fcntl(3, F_SETFL, O_RDWR|O_NONBLOCK) = 0
8902  16:07:38 open("/home/audituser/.ssh/known_hosts", O_RDONLY) = 4
8902  16:07:38 fstat(4, {st_mode=S_IFREG|0644, st_size=175, ...}) = 0
8902  16:07:38 brk(0x561e5de47000)      = 0x561e5de47000
8902  16:07:38 read(4, "119.29.40.162 ecdsa-sha2-nistp25"..., 4096) = 175
8902  16:07:38 read(4, "", 4096)        = 0
8902  16:07:38 close(4)                 = 0
8902  16:07:38 open("/home/audituser/.ssh/known_hosts2", O_RDONLY) = -1 ENOENT (No such file or directory)
8902  16:07:38 open("/usr/local/openssh/etc/ssh_known_hosts", O_RDONLY) = -1 ENOENT (No such file or directory)
8902  16:07:38 open("/usr/local/openssh/etc/ssh_known_hosts2", O_RDONLY) = -1 ENOENT (No such file or directory)
8902  16:07:38 write(3, "\0\0\5L\5\24IaO\312V\34DX\356j\24\362\224l\233\254\0\0\0010curve2"..., 1360) = 1360
8902  16:07:38 select(4, [3], NULL, NULL, NULL) = 1 (in [3])
8902  16:07:38 read(3, "\0\0\6d\n\24\36\225\260\373\376\356\271\t\322_@\34\n\353\222;\0\0\0\324curve2"..., 8192) = 1404
8902  16:07:38 select(4, [3], NULL, NULL, NULL) = 1 (in [3])
8902  16:07:38 read(3, "nssh.com,hmac-md5,hmac-sha1,umac"..., 8192) = 236
8902  16:07:38 write(3, "\0\0\0,\6\36\0\0\0 \\\225\363\304\207\324\225\240^\214MO\0304\307\17\223\344\356\372\245\224"..., 48) = 48
8902  16:07:38 select(4, [3], NULL, NULL, NULL) = 1 (in [3])
8902  16:07:38 read(3, "\0\0\1\4\t\37\0\0\0h\0\0\0\23ecdsa-sha2-nistp25"..., 8192) = 280
8902  16:07:38 open("/home/audituser/.ssh/known_hosts", O_RDONLY) = 4
8902  16:07:38 fstat(4, {st_mode=S_IFREG|0644, st_size=175, ...}) = 0
8902  16:07:38 read(4, "119.29.40.162 ecdsa-sha2-nistp25"..., 4096) = 175
8902  16:07:38 read(4, "", 4096)        = 0
8902  16:07:38 close(4)                 = 0
8902  16:07:38 open("/home/audituser/.ssh/known_hosts2", O_RDONLY) = -1 ENOENT (No such file or directory)
8902  16:07:38 open("/usr/local/openssh/etc/ssh_known_hosts", O_RDONLY) = -1 ENOENT (No such file or directory)
8902  16:07:38 open("/usr/local/openssh/etc/ssh_known_hosts2", O_RDONLY) = -1 ENOENT (No such file or directory)
8902  16:07:38 clock_gettime(CLOCK_BOOTTIME, {6816, 189581694}) = 0
8902  16:07:38 write(3, "\0\0\0\f\n\25\0\0\0\0\0\0\0\0\0\0", 16) = 16
8902  16:07:38 write(3, "\244\242<\323\311\366\363\203u(b\334\"I\2\224\236\t\353\304\221s\233\347\265@P\25zVhf"..., 44) = 44
8902  16:07:38 select(4, [3], NULL, NULL, NULL) = 1 (in [3])
8902  16:07:38 read(3, "\302N\22\301.\306\366\2602v\324GNR\206\33\215\346\341{\317\245V\"\236\6\236\212\24\246'\17"..., 8192) = 44
8902  16:07:38 write(3, "\350\217`3\317e?\313gJq\344\243\16\217\342\344A\332\373\256R\243\266\355n\354p\214\360\314I"..., 60) = 60
8902  16:07:38 select(4, [3], NULL, NULL, NULL) = 1 (in [3])
8902  16:07:38 read(3, "\341}\306\221\304\3507\310\354\331Q3\2642\371\21\6l|}\252\221|\324u\341?9u\274;\356"..., 8192) = 84
8902  16:07:38 stat("/home/audituser/.ssh/id_rsa", 0x7ffe084ae620) = -1 ENOENT (No such file or directory)
8902  16:07:38 stat("/home/audituser/.ssh/id_dsa", 0x7ffe084ae620) = -1 ENOENT (No such file or directory)
8902  16:07:38 stat("/home/audituser/.ssh/id_ecdsa", 0x7ffe084ae620) = -1 ENOENT (No such file or directory)
8902  16:07:38 stat("/home/audituser/.ssh/id_ed25519", 0x7ffe084ae620) = -1 ENOENT (No such file or directory)
8902  16:07:38 open("/dev/tty", O_RDWR) = 4
8902  16:07:38 close(4)                 = 0
8902  16:07:38 open("/dev/tty", O_RDWR) = 4
8902  16:07:38 ioctl(4, TCGETS, {B38400 opost isig icanon echo ...}) = 0
8902  16:07:38 ioctl(4, TCGETS, {B38400 opost isig icanon echo ...}) = 0
8902  16:07:38 ioctl(4, SNDCTL_TMR_CONTINUE or TCSETSF, {B38400 opost isig icanon -echo ...}) = 0
8902  16:07:38 ioctl(4, TCGETS, {B38400 opost isig icanon -echo ...}) = 0
8902  16:07:38 rt_sigaction(SIGALRM, {0x561e5d32d5a0, [], SA_RESTORER, 0x7f2e1db0e4b0}, {SIG_DFL, [], 0}, 8) = 0
8902  16:07:38 rt_sigaction(SIGHUP, {0x561e5d32d5a0, [], SA_RESTORER, 0x7f2e1db0e4b0}, {SIG_DFL, [], 0}, 8) = 0
8902  16:07:38 rt_sigaction(SIGINT, {0x561e5d32d5a0, [], SA_RESTORER, 0x7f2e1db0e4b0}, {SIG_DFL, [], 0}, 8) = 0
8902  16:07:38 rt_sigaction(SIGPIPE, {0x561e5d32d5a0, [], SA_RESTORER, 0x7f2e1db0e4b0}, {SIG_IGN, [], SA_RESTORER, 0x7f2e1db0e4b0}, 8) = 0
8902  16:07:38 rt_sigaction(SIGQUIT, {0x561e5d32d5a0, [], SA_RESTORER, 0x7f2e1db0e4b0}, {SIG_DFL, [], 0}, 8) = 0
8902  16:07:38 rt_sigaction(SIGTERM, {0x561e5d32d5a0, [], SA_RESTORER, 0x7f2e1db0e4b0}, {SIG_DFL, [], 0}, 8) = 0
8902  16:07:38 rt_sigaction(SIGTSTP, {0x561e5d32d5a0, [], SA_RESTORER, 0x7f2e1db0e4b0}, {SIG_DFL, [], 0}, 8) = 0
8902  16:07:38 rt_sigaction(SIGTTIN, {0x561e5d32d5a0, [], SA_RESTORER, 0x7f2e1db0e4b0}, {SIG_DFL, [], 0}, 8) = 0
8902  16:07:38 rt_sigaction(SIGTTOU, {0x561e5d32d5a0, [], SA_RESTORER, 0x7f2e1db0e4b0}, {SIG_DFL, [], 0}, 8) = 0
8902  16:07:38 write(4, "root@119.29.40.162's password: ", 31) = 31
8902  16:07:38 read(4, "S", 1)          = 1
8902  16:07:38 read(4, "w", 1)          = 1
8902  16:07:38 read(4, "o", 1)          = 1
8902  16:07:38 read(4, "l", 1)          = 1
8902  16:07:38 read(4, "f", 1)          = 1
8902  16:07:38 read(4, "9", 1)          = 1
8902  16:07:38 read(4, "2", 1)          = 1
8902  16:07:38 read(4, "7", 1)          = 1
8902  16:07:38 read(4, "\n", 1)         = 1
8902  16:07:38 write(4, "\n", 1)        = 1
8902  16:07:38 ioctl(4, TCGETS, {B38400 opost isig icanon -echo ...}) = 0
8902  16:07:38 ioctl(4, SNDCTL_TMR_CONTINUE or TCSETSF, {B38400 opost isig icanon echo ...}) = 0
8902  16:07:38 ioctl(4, TCGETS, {B38400 opost isig icanon echo ...}) = 0
8902  16:07:38 rt_sigaction(SIGALRM, {SIG_DFL, [], SA_RESTORER, 0x7f2e1db0e4b0}, NULL, 8) = 0
8902  16:07:38 rt_sigaction(SIGHUP, {SIG_DFL, [], SA_RESTORER, 0x7f2e1db0e4b0}, NULL, 8) = 0
8902  16:07:38 rt_sigaction(SIGINT, {SIG_DFL, [], SA_RESTORER, 0x7f2e1db0e4b0}, NULL, 8) = 0
8902  16:07:38 rt_sigaction(SIGQUIT, {SIG_DFL, [], SA_RESTORER, 0x7f2e1db0e4b0}, NULL, 8) = 0
8902  16:07:38 rt_sigaction(SIGPIPE, {SIG_IGN, [], SA_RESTORER, 0x7f2e1db0e4b0}, NULL, 8) = 0
8902  16:07:38 rt_sigaction(SIGTERM, {SIG_DFL, [], SA_RESTORER, 0x7f2e1db0e4b0}, NULL, 8) = 0
8902  16:07:38 rt_sigaction(SIGTSTP, {SIG_DFL, [], SA_RESTORER, 0x7f2e1db0e4b0}, NULL, 8) = 0
8902  16:07:38 rt_sigaction(SIGTTIN, {SIG_DFL, [], SA_RESTORER, 0x7f2e1db0e4b0}, NULL, 8) = 0
8902  16:07:38 rt_sigaction(SIGTTOU, {SIG_DFL, [], SA_RESTORER, 0x7f2e1db0e4b0}, NULL, 8) = 0
8902  16:07:38 close(4)                 = 0
8902  16:07:38 write(3, "\350\334\350j\\>>'\223\363\235\270\342Y\374\276\3438\26\342\35\33\323\260\371\334\1I\31\36\375C"..., 148) = 148
8902  16:07:38 select(4, [3], NULL, NULL, NULL) = 1 (in [3])
8902  16:07:38 read(3, "\10\356\312g\240\3427W\347\17\247S\274\330K\203\361\31)\206&\311\213\331\0\2\361B", 8192) = 28
8902  16:07:38 dup(0)                   = 4
8902  16:07:38 dup(1)                   = 5
8902  16:07:38 dup(2)                   = 6
8902  16:07:38 ioctl(4, TCGETS, {B38400 opost isig icanon echo ...}) = 0
8902  16:07:38 ioctl(5, TCGETS, {B38400 opost isig icanon echo ...}) = 0
8902  16:07:38 ioctl(6, TCGETS, {B38400 opost isig icanon echo ...}) = 0
8902  16:07:38 fcntl(4, F_SETFD, FD_CLOEXEC) = 0
8902  16:07:38 fcntl(5, F_SETFD, FD_CLOEXEC) = 0
8902  16:07:38 fcntl(6, F_SETFD, FD_CLOEXEC) = 0
8902  16:07:38 rt_sigaction(SIGHUP, NULL, {SIG_DFL, [], SA_RESTORER, 0x7f2e1db0e4b0}, 8) = 0
8902  16:07:38 rt_sigaction(SIGHUP, {SIG_IGN, [], SA_RESTORER, 0x7f2e1db0e4b0}, NULL, 8) = 0
8902  16:07:38 rt_sigaction(SIGHUP, NULL, {SIG_IGN, [], SA_RESTORER, 0x7f2e1db0e4b0}, 8) = 0
8902  16:07:38 rt_sigaction(SIGHUP, {0x561e5d2d7fb0, [], SA_RESTORER, 0x7f2e1db0e4b0}, NULL, 8) = 0
8902  16:07:38 rt_sigaction(SIGINT, NULL, {SIG_DFL, [], SA_RESTORER, 0x7f2e1db0e4b0}, 8) = 0
8902  16:07:38 rt_sigaction(SIGINT, {SIG_IGN, [], SA_RESTORER, 0x7f2e1db0e4b0}, NULL, 8) = 0
8902  16:07:38 rt_sigaction(SIGINT, NULL, {SIG_IGN, [], SA_RESTORER, 0x7f2e1db0e4b0}, 8) = 0
8902  16:07:38 rt_sigaction(SIGINT, {0x561e5d2d7fb0, [], SA_RESTORER, 0x7f2e1db0e4b0}, NULL, 8) = 0
8902  16:07:38 rt_sigaction(SIGQUIT, NULL, {SIG_DFL, [], SA_RESTORER, 0x7f2e1db0e4b0}, 8) = 0
8902  16:07:38 rt_sigaction(SIGQUIT, {SIG_IGN, [], SA_RESTORER, 0x7f2e1db0e4b0}, NULL, 8) = 0
8902  16:07:38 rt_sigaction(SIGQUIT, NULL, {SIG_IGN, [], SA_RESTORER, 0x7f2e1db0e4b0}, 8) = 0
8902  16:07:38 rt_sigaction(SIGQUIT, {0x561e5d2d7fb0, [], SA_RESTORER, 0x7f2e1db0e4b0}, NULL, 8) = 0
8902  16:07:38 rt_sigaction(SIGTERM, NULL, {SIG_DFL, [], SA_RESTORER, 0x7f2e1db0e4b0}, 8) = 0
8902  16:07:38 rt_sigaction(SIGTERM, {SIG_IGN, [], SA_RESTORER, 0x7f2e1db0e4b0}, NULL, 8) = 0
8902  16:07:38 rt_sigaction(SIGTERM, NULL, {SIG_IGN, [], SA_RESTORER, 0x7f2e1db0e4b0}, 8) = 0
8902  16:07:38 rt_sigaction(SIGTERM, {0x561e5d2d7fb0, [], SA_RESTORER, 0x7f2e1db0e4b0}, NULL, 8) = 0
8902  16:07:38 rt_sigaction(SIGWINCH, NULL, {SIG_DFL, [], 0}, 8) = 0
8902  16:07:38 rt_sigaction(SIGWINCH, {0x561e5d2d8220, [], SA_RESTORER, 0x7f2e1db0e4b0}, NULL, 8) = 0
8902  16:07:38 ioctl(0, TCGETS, {B38400 opost isig icanon echo ...}) = 0
8902  16:07:38 ioctl(0, TCGETS, {B38400 opost isig icanon echo ...}) = 0
8902  16:07:38 ioctl(0, SNDCTL_TMR_STOP or TCSETSW, {B38400 -opost -isig -icanon -echo ...}) = 0
8902  16:07:38 ioctl(0, TCGETS, {B38400 -opost -isig -icanon -echo ...}) = 0
8902  16:07:38 clock_gettime(CLOCK_BOOTTIME, {6816, 268201674}) = 0
8902  16:07:38 clock_gettime(CLOCK_BOOTTIME, {6816, 268234996}) = 0
8902  16:07:38 select(7, [3], [3], NULL, NULL) = 1 (out [3])
8902  16:07:38 clock_gettime(CLOCK_BOOTTIME, {6816, 268310457}) = 0
8902  16:07:38 write(3, "8\334\25YId+j\231L\377\305\n\201\0215\370u\323\317\220\356\321\331\226>\223\260\277\367$^"..., 112) = 112
8902  16:07:38 clock_gettime(CLOCK_BOOTTIME, {6816, 268756653}) = 0
8902  16:07:38 clock_gettime(CLOCK_BOOTTIME, {6816, 268792859}) = 0
8902  16:07:38 select(7, [3], [], NULL, NULL) = 1 (in [3])
8902  16:07:38 clock_gettime(CLOCK_BOOTTIME, {6816, 276679325}) = 0
8902  16:07:38 read(3, "V\316?\331x\361l\307\266\212\316\356\326T\224\254\2270\212\33-\251\245(\324\263g!\21\322CL"..., 8192) = 44
8902  16:07:38 getsockopt(3, SOL_TCP, TCP_NODELAY, [0], [4]) = 0
8902  16:07:38 setsockopt(3, SOL_TCP, TCP_NODELAY, [1], 4) = 0
8902  16:07:38 getsockname(3, {sa_family=AF_INET, sin_port=htons(57452), sin_addr=inet_addr("192.168.0.112")}, [16]) = 0
8902  16:07:38 setsockopt(3, SOL_IP, IP_TOS, [16], 4) = 0
8902  16:07:38 ioctl(0, TIOCGWINSZ, {ws_row=56, ws_col=132, ws_xpixel=0, ws_ypixel=0}) = 0
8902  16:07:38 clock_gettime(CLOCK_BOOTTIME, {6816, 276980043}) = 0
8902  16:07:38 clock_gettime(CLOCK_BOOTTIME, {6816, 277046676}) = 0
8902  16:07:38 select(7, [3], [3], NULL, NULL) = 1 (out [3])
8902  16:07:38 clock_gettime(CLOCK_BOOTTIME, {6816, 277343324}) = 0
8902  16:07:38 write(3, "\205\3040T\305\234\251\276\267_\233\6\342\315\312\362\233S\231J\301\377\t6\0208\2?\356L\35\353"..., 376) = 376
8902  16:07:38 clock_gettime(CLOCK_BOOTTIME, {6816, 277762765}) = 0
8902  16:07:38 clock_gettime(CLOCK_BOOTTIME, {6816, 277801256}) = 0
8902  16:07:38 select(7, [3], [], NULL, NULL) = 1 (in [3])
8902  16:07:38 clock_gettime(CLOCK_BOOTTIME, {6816, 286933228}) = 0
8902  16:07:38 read(3, "\326d\251j9h\223\27B\30q\266?\22\365\256\213R\260\\\223\307VUN!K\f@J0<"..., 8192) = 108
8902  16:07:38 clock_gettime(CLOCK_BOOTTIME, {6816, 287060016}) = 0
8902  16:07:38 clock_gettime(CLOCK_BOOTTIME, {6816, 287092892}) = 0
8902  16:07:38 select(7, [3 4], [], NULL, NULL) = 1 (in [3])
8902  16:07:38 clock_gettime(CLOCK_BOOTTIME, {6816, 290952960}) = 0
8902  16:07:38 read(3, "\240\"\253\302\304\350\330\340\275\344n\30\340\3663#\354>\0326\262\230\324&/\347\362X\30\254\277n"..., 8192) = 100
8902  16:07:38 clock_gettime(CLOCK_BOOTTIME, {6816, 291305239}) = 0
8902  16:07:38 clock_gettime(CLOCK_BOOTTIME, {6816, 291373876}) = 0
8902  16:07:38 select(7, [3 4], [5], NULL, NULL) = 1 (out [5])
8902  16:07:38 clock_gettime(CLOCK_BOOTTIME, {6816, 291459336}) = 0
8902  16:07:38 write(5, "Last login: Tue Oct 10 00:03:57 "..., 59) = 59
8902  16:07:38 clock_gettime(CLOCK_BOOTTIME, {6816, 292006834}) = 0
8902  16:07:38 clock_gettime(CLOCK_BOOTTIME, {6816, 292044238}) = 0
8902  16:07:38 select(7, [3 4], [], NULL, NULL) = 1 (in [3])
8902  16:07:38 clock_gettime(CLOCK_BOOTTIME, {6816, 323092842}) = 0
8902  16:07:38 read(3, "\220\6oN\245K\201\370\343\374:\217\257\312\177\316>\247\20\17FM8\376c\16\223\306\363\350\304\222"..., 8192) = 76
8902  16:07:38 clock_gettime(CLOCK_BOOTTIME, {6816, 323198980}) = 0
8902  16:07:38 clock_gettime(CLOCK_BOOTTIME, {6816, 323231677}) = 0
8902  16:07:38 select(7, [3 4], [5], NULL, NULL) = 1 (out [5])
8902  16:07:38 clock_gettime(CLOCK_BOOTTIME, {6816, 323310102}) = 0
8902  16:07:38 write(5, "\33[?1034h[root@VM_140_32_centos ~"..., 35) = 35
8902  16:07:38 clock_gettime(CLOCK_BOOTTIME, {6816, 324484460}) = 0
8902  16:07:38 clock_gettime(CLOCK_BOOTTIME, {6816, 324527794}) = 0
8902  16:07:38 select(7, [3 4], [], NULL, NULL) = 1 (in [4])
8902  16:07:39 clock_gettime(CLOCK_BOOTTIME, {6817, 452026276}) = 0
8902  16:07:39 read(4, "i", 16384)      = 1
8902  16:07:39 clock_gettime(CLOCK_BOOTTIME, {6817, 453207781}) = 0
8902  16:07:39 clock_gettime(CLOCK_BOOTTIME, {6817, 453264759}) = 0
8902  16:07:39 select(7, [3 4], [3], NULL, NULL) = 1 (out [3])
8902  16:07:39 clock_gettime(CLOCK_BOOTTIME, {6817, 453461908}) = 0
8902  16:07:39 write(3, "\n2\200\256\270\205B\340\342\217\244~\24\247\211N\0\357\243\300\331\363\357\246EW\344\343\35\243\206\227"..., 36) = 36
8902  16:07:39 clock_gettime(CLOCK_BOOTTIME, {6817, 454174651}) = 0
8902  16:07:39 clock_gettime(CLOCK_BOOTTIME, {6817, 454315217}) = 0
8902  16:07:39 select(7, [3 4], [], NULL, NULL) = 1 (in [3])
8902  16:07:39 clock_gettime(CLOCK_BOOTTIME, {6817, 462549378}) = 0
8902  16:07:39 read(3, "C=\362\340m\274\261\263\370\36\nN\270\340\217J:v%\360\205\355\17\326Q=\337\316\25\35!\222"..., 8192) = 36
8902  16:07:39 clock_gettime(CLOCK_BOOTTIME, {6817, 462701506}) = 0
8902  16:07:39 clock_gettime(CLOCK_BOOTTIME, {6817, 462751811}) = 0
8902  16:07:39 select(7, [3 4], [5], NULL, NULL) = 1 (out [5])
8902  16:07:39 clock_gettime(CLOCK_BOOTTIME, {6817, 462880055}) = 0
8902  16:07:39 write(5, "i", 1)         = 1
8902  16:07:39 clock_gettime(CLOCK_BOOTTIME, {6817, 463790468}) = 0
8902  16:07:39 clock_gettime(CLOCK_BOOTTIME, {6817, 463851478}) = 0
8902  16:07:39 select(7, [3 4], [], NULL, NULL) = 1 (in [4])
8902  16:07:39 clock_gettime(CLOCK_BOOTTIME, {6817, 527934756}) = 0
8902  16:07:39 read(4, "f", 16384)      = 1
8902  16:07:39 clock_gettime(CLOCK_BOOTTIME, {6817, 528028017}) = 0
8902  16:07:39 clock_gettime(CLOCK_BOOTTIME, {6817, 528055373}) = 0
8902  16:07:39 select(7, [3 4], [3], NULL, NULL) = 1 (out [3])
8902  16:07:39 clock_gettime(CLOCK_BOOTTIME, {6817, 528125374}) = 0
8902  16:07:39 write(3, "uN\ntA\33\370\26\343E\372\2707\2773T\313\36\265\304{*NO\321\273\21\222E\267\t("..., 36) = 36
8902  16:07:39 clock_gettime(CLOCK_BOOTTIME, {6817, 528670782}) = 0
8902  16:07:39 clock_gettime(CLOCK_BOOTTIME, {6817, 528800472}) = 0
8902  16:07:39 select(7, [3 4], [], NULL, NULL) = 1 (in [3])
8902  16:07:39 clock_gettime(CLOCK_BOOTTIME, {6817, 537160020}) = 0
8902  16:07:39 read(3, "\341a7\270\317\340\351\374\357\234\16R\2677u\36\350\365\332[\25\346\232\251\223C\301Y\34\301`\6"..., 8192) = 36
8902  16:07:39 clock_gettime(CLOCK_BOOTTIME, {6817, 537248299}) = 0
8902  16:07:39 clock_gettime(CLOCK_BOOTTIME, {6817, 537291869}) = 0
8902  16:07:39 select(7, [3 4], [5], NULL, NULL) = 1 (out [5])
8902  16:07:39 clock_gettime(CLOCK_BOOTTIME, {6817, 537394791}) = 0
8902  16:07:39 write(5, "f", 1)         = 1
8902  16:07:39 clock_gettime(CLOCK_BOOTTIME, {6817, 537966112}) = 0
8902  16:07:39 clock_gettime(CLOCK_BOOTTIME, {6817, 538002033}) = 0
8902  16:07:39 select(7, [3 4], [], NULL, NULL) = 1 (in [4])
8902  16:07:39 clock_gettime(CLOCK_BOOTTIME, {6817, 767226392}) = 0
8902  16:07:39 read(4, "c", 16384)      = 1
8902  16:07:39 clock_gettime(CLOCK_BOOTTIME, {6817, 767764779}) = 0
8902  16:07:39 clock_gettime(CLOCK_BOOTTIME, {6817, 767898312}) = 0
8902  16:07:39 select(7, [3 4], [3], NULL, NULL) = 1 (out [3])
8902  16:07:39 clock_gettime(CLOCK_BOOTTIME, {6817, 768035952}) = 0
8902  16:07:39 write(3, "6\323\361_H\353\311\211\226a\302\213\313\276\7e\25x\326\222*\242\10\350PD'\332\30\2627\216"..., 36) = 36
8902  16:07:39 clock_gettime(CLOCK_BOOTTIME, {6817, 768793160}) = 0
8902  16:07:39 clock_gettime(CLOCK_BOOTTIME, {6817, 768853801}) = 0
8902  16:07:39 select(7, [3 4], [], NULL, NULL) = 1 (in [3])
8902  16:07:39 clock_gettime(CLOCK_BOOTTIME, {6817, 776990468}) = 0
8902  16:07:39 read(3, "$fX\335Ym\10^75i\245t\1\271\262\5\270F5\223\363\321v\246\6\372\4\303L\24\251"..., 8192) = 36
8902  16:07:39 clock_gettime(CLOCK_BOOTTIME, {6817, 777137958}) = 0
8902  16:07:39 clock_gettime(CLOCK_BOOTTIME, {6817, 777188513}) = 0
8902  16:07:39 select(7, [3 4], [5], NULL, NULL) = 1 (out [5])
8902  16:07:39 clock_gettime(CLOCK_BOOTTIME, {6817, 777380584}) = 0
8902  16:07:39 write(5, "c", 1)         = 1
8902  16:07:39 clock_gettime(CLOCK_BOOTTIME, {6817, 778332826}) = 0
8902  16:07:39 clock_gettime(CLOCK_BOOTTIME, {6817, 778393381}) = 0
8902  16:07:39 select(7, [3 4], [], NULL, NULL) = 1 (in [4])
8902  16:07:39 clock_gettime(CLOCK_BOOTTIME, {6817, 841974817}) = 0
8902  16:07:39 read(4, "o", 16384)      = 1
8902  16:07:39 clock_gettime(CLOCK_BOOTTIME, {6817, 842553692}) = 0
8902  16:07:39 clock_gettime(CLOCK_BOOTTIME, {6817, 842912023}) = 0
8902  16:07:39 select(7, [3 4], [3], NULL, NULL) = 1 (out [3])
8902  16:07:39 clock_gettime(CLOCK_BOOTTIME, {6817, 843538554}) = 0
8902  16:07:39 write(3, "\2359\177\315[\27\226d^c\313\235SO\35$\370\250>\315\224\30\245|W\241V\372 \240x\300"..., 36) = 36
8902  16:07:39 clock_gettime(CLOCK_BOOTTIME, {6817, 844472900}) = 0
8902  16:07:39 clock_gettime(CLOCK_BOOTTIME, {6817, 844533000}) = 0
8902  16:07:39 select(7, [3 4], [], NULL, NULL) = 1 (in [3])
8902  16:07:39 clock_gettime(CLOCK_BOOTTIME, {6817, 853878988}) = 0
8902  16:07:39 read(3, "q+:;\6\331r*\231\234\240\10\243\303\25684J\315\246?\256\3z\v\354Yb\256\235k\16"..., 8192) = 36
8902  16:07:39 clock_gettime(CLOCK_BOOTTIME, {6817, 854027995}) = 0
8902  16:07:39 clock_gettime(CLOCK_BOOTTIME, {6817, 854080220}) = 0
8902  16:07:39 select(7, [3 4], [5], NULL, NULL) = 1 (out [5])
8902  16:07:39 clock_gettime(CLOCK_BOOTTIME, {6817, 854267804}) = 0
8902  16:07:39 write(5, "o", 1)         = 1
8902  16:07:39 clock_gettime(CLOCK_BOOTTIME, {6817, 855080860}) = 0
8902  16:07:39 clock_gettime(CLOCK_BOOTTIME, {6817, 855141130}) = 0
8902  16:07:39 select(7, [3 4], [], NULL, NULL) = 1 (in [4])
8902  16:07:39 clock_gettime(CLOCK_BOOTTIME, {6818, 58885499}) = 0
8902  16:07:39 read(4, "n", 16384)      = 1
8902  16:07:39 clock_gettime(CLOCK_BOOTTIME, {6818, 59609533}) = 0
8902  16:07:39 clock_gettime(CLOCK_BOOTTIME, {6818, 59982047}) = 0
8902  16:07:39 select(7, [3 4], [3], NULL, NULL) = 1 (out [3])
8902  16:07:39 clock_gettime(CLOCK_BOOTTIME, {6818, 60725523}) = 0
8902  16:07:39 write(3, "k7w*z$\334\212\313\305.\336\352\337\2576%\332ikII\352\r\362P\335L#+\345\267"..., 36) = 36
8902  16:07:39 clock_gettime(CLOCK_BOOTTIME, {6818, 65378564}) = 0
8902  16:07:39 clock_gettime(CLOCK_BOOTTIME, {6818, 65687133}) = 0
8902  16:07:39 select(7, [3 4], [], NULL, NULL) = 1 (in [3])
8902  16:07:39 clock_gettime(CLOCK_BOOTTIME, {6818, 73308375}) = 0
8902  16:07:39 read(3, "t\264\301\276}W!\306\373\22\377\313\354\326\277\377r\361\305\35z`\232\377\230\247\r\375\207\356\313\347"..., 8192) = 36
8902  16:07:39 clock_gettime(CLOCK_BOOTTIME, {6818, 73577190}) = 0
8902  16:07:39 clock_gettime(CLOCK_BOOTTIME, {6818, 73637295}) = 0
8902  16:07:39 select(7, [3 4], [5], NULL, NULL) = 1 (out [5])
8902  16:07:39 clock_gettime(CLOCK_BOOTTIME, {6818, 73770753}) = 0
8902  16:07:39 write(5, "n", 1)         = 1
8902  16:07:39 clock_gettime(CLOCK_BOOTTIME, {6818, 74668753}) = 0
8902  16:07:39 clock_gettime(CLOCK_BOOTTIME, {6818, 74730749}) = 0
8902  16:07:39 select(7, [3 4], [], NULL, NULL) = 1 (in [4])
8902  16:07:40 clock_gettime(CLOCK_BOOTTIME, {6818, 200923939}) = 0
8902  16:07:40 read(4, "f", 16384)      = 1
8902  16:07:40 clock_gettime(CLOCK_BOOTTIME, {6818, 201266355}) = 0
8902  16:07:40 clock_gettime(CLOCK_BOOTTIME, {6818, 201372499}) = 0
8902  16:07:40 select(7, [3 4], [3], NULL, NULL) = 1 (out [3])
8902  16:07:40 clock_gettime(CLOCK_BOOTTIME, {6818, 201496537}) = 0
8902  16:07:40 write(3, "\340\20\224\356\2700p\263\315\325\347\336\373\223_\3463\360R.\235\3666\323T\342\245fMf\375\305"..., 36) = 36
8902  16:07:40 clock_gettime(CLOCK_BOOTTIME, {6818, 201950740}) = 0
8902  16:07:40 clock_gettime(CLOCK_BOOTTIME, {6818, 202057651}) = 0
8902  16:07:40 select(7, [3 4], [], NULL, NULL) = 1 (in [3])
8902  16:07:40 clock_gettime(CLOCK_BOOTTIME, {6818, 210328053}) = 0
8902  16:07:40 read(3, "9^=\33\371\340#\347\362\256\27F\272\353E\300\311\305\23\254\232\vlCn>\244\311\312]\364\247"..., 8192) = 36
8902  16:07:40 clock_gettime(CLOCK_BOOTTIME, {6818, 210419572}) = 0
8902  16:07:40 clock_gettime(CLOCK_BOOTTIME, {6818, 210451153}) = 0
8902  16:07:40 select(7, [3 4], [5], NULL, NULL) = 1 (out [5])
8902  16:07:40 clock_gettime(CLOCK_BOOTTIME, {6818, 210568501}) = 0
8902  16:07:40 write(5, "f", 1)         = 1
8902  16:07:40 clock_gettime(CLOCK_BOOTTIME, {6818, 211133538}) = 0
8902  16:07:40 clock_gettime(CLOCK_BOOTTIME, {6818, 211171351}) = 0
8902  16:07:40 select(7, [3 4], [], NULL, NULL) = 1 (in [4])
8902  16:07:40 clock_gettime(CLOCK_BOOTTIME, {6818, 283371943}) = 0
8902  16:07:40 read(4, "i", 16384)      = 1
8902  16:07:40 clock_gettime(CLOCK_BOOTTIME, {6818, 283798170}) = 0
8902  16:07:40 clock_gettime(CLOCK_BOOTTIME, {6818, 283933615}) = 0
8902  16:07:40 select(7, [3 4], [3], NULL, NULL) = 1 (out [3])
8902  16:07:40 clock_gettime(CLOCK_BOOTTIME, {6818, 284327414}) = 0
8902  16:07:40 write(3, "\346\200\373s\177\r\317\2\303\16\267x\323<\263\267\324\177h2\330)\311\373\375\346\321\216\254FX\244"..., 36) = 36
8902  16:07:40 clock_gettime(CLOCK_BOOTTIME, {6818, 284813090}) = 0
8902  16:07:40 clock_gettime(CLOCK_BOOTTIME, {6818, 284848919}) = 0
8902  16:07:40 select(7, [3 4], [], NULL, NULL) = 1 (in [3])
8902  16:07:40 clock_gettime(CLOCK_BOOTTIME, {6818, 293002083}) = 0
8902  16:07:40 read(3, "(\312@\22#\213\242\377A\362\236\303\210\324m|\276\201=B\200\17<2\35\244~\333\337q08"..., 8192) = 36
8902  16:07:40 clock_gettime(CLOCK_BOOTTIME, {6818, 293094191}) = 0
8902  16:07:40 clock_gettime(CLOCK_BOOTTIME, {6818, 293125194}) = 0
8902  16:07:40 select(7, [3 4], [5], NULL, NULL) = 1 (out [5])
8902  16:07:40 clock_gettime(CLOCK_BOOTTIME, {6818, 293236162}) = 0
8902  16:07:40 write(5, "i", 1)         = 1
8902  16:07:40 clock_gettime(CLOCK_BOOTTIME, {6818, 293774248}) = 0
8902  16:07:40 clock_gettime(CLOCK_BOOTTIME, {6818, 293811538}) = 0
8902  16:07:40 select(7, [3 4], [], NULL, NULL) = 1 (in [4])
8902  16:07:40 clock_gettime(CLOCK_BOOTTIME, {6818, 399435326}) = 0
8902  16:07:40 read(4, "g", 16384)      = 1
8902  16:07:40 clock_gettime(CLOCK_BOOTTIME, {6818, 399939443}) = 0
8902  16:07:40 clock_gettime(CLOCK_BOOTTIME, {6818, 399997297}) = 0
8902  16:07:40 select(7, [3 4], [3], NULL, NULL) = 1 (out [3])
8902  16:07:40 clock_gettime(CLOCK_BOOTTIME, {6818, 400133926}) = 0
8902  16:07:40 write(3, "n!\f\345!\376\252B\367\373\275\374\227\370\271\374}C\323d\304E\3`\357Uj\340\252\236\315F"..., 36) = 36
8902  16:07:40 clock_gettime(CLOCK_BOOTTIME, {6818, 401443136}) = 0
8902  16:07:40 clock_gettime(CLOCK_BOOTTIME, {6818, 401658746}) = 0
8902  16:07:40 select(7, [3 4], [], NULL, NULL) = 1 (in [3])
8902  16:07:40 clock_gettime(CLOCK_BOOTTIME, {6818, 409505157}) = 0
8902  16:07:40 read(3, "m\242\355\344C,v(\306_\202#\0M\365G2\31~\36:&\334\264~\303$\262M\265\26\321"..., 8192) = 36
8902  16:07:40 clock_gettime(CLOCK_BOOTTIME, {6818, 409659807}) = 0
8902  16:07:40 clock_gettime(CLOCK_BOOTTIME, {6818, 409710891}) = 0
8902  16:07:40 select(7, [3 4], [5], NULL, NULL) = 1 (out [5])
8902  16:07:40 clock_gettime(CLOCK_BOOTTIME, {6818, 409903428}) = 0
8902  16:07:40 write(5, "g", 1)         = 1
8902  16:07:40 clock_gettime(CLOCK_BOOTTIME, {6818, 411070345}) = 0
8902  16:07:40 clock_gettime(CLOCK_BOOTTIME, {6818, 411258954}) = 0
8902  16:07:40 select(7, [3 4], [], NULL, NULL) = 1 (in [4])
8902  16:07:40 clock_gettime(CLOCK_BOOTTIME, {6818, 540332840}) = 0
8902  16:07:40 read(4, "\r", 16384)     = 1
8902  16:07:40 clock_gettime(CLOCK_BOOTTIME, {6818, 540428273}) = 0
8902  16:07:40 clock_gettime(CLOCK_BOOTTIME, {6818, 540486508}) = 0
8902  16:07:40 select(7, [3 4], [3], NULL, NULL) = 1 (out [3])
8902  16:07:40 clock_gettime(CLOCK_BOOTTIME, {6818, 540605490}) = 0
8902  16:07:40 write(3, "\267o\n$\32]\37\246X#c\24\v\203'*\310l\336r\214\32\252\343\354\35\10\265\261\303!\253"..., 36) = 36
8902  16:07:40 clock_gettime(CLOCK_BOOTTIME, {6818, 540813655}) = 0
8902  16:07:40 clock_gettime(CLOCK_BOOTTIME, {6818, 540828986}) = 0
8902  16:07:40 select(7, [3 4], [], NULL, NULL) = 1 (in [3])
8902  16:07:40 clock_gettime(CLOCK_BOOTTIME, {6818, 548873554}) = 0
8902  16:07:40 read(3, "\256l\5\344+\326F5nqo{_\313~C;\250\346\226\254\234\344>\331\324\276A\36\361+\246"..., 8192) = 36
8902  16:07:40 clock_gettime(CLOCK_BOOTTIME, {6818, 548913611}) = 0
8902  16:07:40 clock_gettime(CLOCK_BOOTTIME, {6818, 548926540}) = 0
8902  16:07:40 select(7, [3 4], [5], NULL, NULL) = 1 (out [5])
8902  16:07:40 clock_gettime(CLOCK_BOOTTIME, {6818, 548958869}) = 0
8902  16:07:40 write(5, "\r\n", 2)      = 2
8902  16:07:40 clock_gettime(CLOCK_BOOTTIME, {6818, 549242622}) = 0
8902  16:07:40 clock_gettime(CLOCK_BOOTTIME, {6818, 549282477}) = 0
8902  16:07:40 select(7, [3 4], [], NULL, NULL) = 1 (in [3])
8902  16:07:40 clock_gettime(CLOCK_BOOTTIME, {6818, 550833840}) = 0
8902  16:07:40 read(3, "\"\202\245\264\337\0E\351\206\236H\341\374j\257\200\333\337\217w\255U\272sR\31*\323G\351\236\25"..., 8192) = 836
8902  16:07:40 clock_gettime(CLOCK_BOOTTIME, {6818, 550884592}) = 0
8902  16:07:40 clock_gettime(CLOCK_BOOTTIME, {6818, 550897897}) = 0
8902  16:07:40 select(7, [3 4], [5], NULL, NULL) = 1 (out [5])
8902  16:07:40 clock_gettime(CLOCK_BOOTTIME, {6818, 550930490}) = 0
8902  16:07:40 write(5, "eth0: flags=4163<UP,BROADCAST,RU"..., 799) = 799
8902  16:07:40 clock_gettime(CLOCK_BOOTTIME, {6818, 551221236}) = 0
8902  16:07:40 clock_gettime(CLOCK_BOOTTIME, {6818, 551236765}) = 0
8902  16:07:40 select(7, [3 4], [], NULL, NULL) = 1 (in [4])
8902  16:07:41 clock_gettime(CLOCK_BOOTTIME, {6819, 864442462}) = 0
8902  16:07:41 read(4, "d", 16384)      = 1
8902  16:07:41 clock_gettime(CLOCK_BOOTTIME, {6819, 864973275}) = 0
8902  16:07:41 clock_gettime(CLOCK_BOOTTIME, {6819, 865039598}) = 0
8902  16:07:41 select(7, [3 4], [3], NULL, NULL) = 1 (out [3])
8902  16:07:41 clock_gettime(CLOCK_BOOTTIME, {6819, 865169463}) = 0
8902  16:07:41 write(3, "\216\302\"\250\n\313\321\361e\261\366\227\221\237\352`\226\270\231\355\362\223\240sY\355\336nU\r\316\240"..., 36) = 36
8902  16:07:41 clock_gettime(CLOCK_BOOTTIME, {6819, 866493370}) = 0
8902  16:07:41 clock_gettime(CLOCK_BOOTTIME, {6819, 866562560}) = 0
8902  16:07:41 select(7, [3 4], [], NULL, NULL) = 1 (in [3])
8902  16:07:41 clock_gettime(CLOCK_BOOTTIME, {6819, 873961660}) = 0
8902  16:07:41 read(3, "\331\340\335\227\217d\266\2405U\273e\333\2633\206`\334\340\317\35\35\331\254\34\225u+\231J{6"..., 8192) = 36
8902  16:07:41 clock_gettime(CLOCK_BOOTTIME, {6819, 874123814}) = 0
8902  16:07:41 clock_gettime(CLOCK_BOOTTIME, {6819, 874175049}) = 0
8902  16:07:41 select(7, [3 4], [5], NULL, NULL) = 1 (out [5])
8902  16:07:41 clock_gettime(CLOCK_BOOTTIME, {6819, 874301907}) = 0
8902  16:07:41 write(5, "d", 1)         = 1
8902  16:07:41 clock_gettime(CLOCK_BOOTTIME, {6819, 875174558}) = 0
8902  16:07:41 clock_gettime(CLOCK_BOOTTIME, {6819, 875262574}) = 0
8902  16:07:41 select(7, [3 4], [], NULL, NULL) = 1 (in [4])
8902  16:07:41 clock_gettime(CLOCK_BOOTTIME, {6819, 986216088}) = 0
8902  16:07:41 read(4, "f", 16384)      = 1
8902  16:07:41 clock_gettime(CLOCK_BOOTTIME, {6819, 987049401}) = 0
8902  16:07:41 clock_gettime(CLOCK_BOOTTIME, {6819, 987217513}) = 0
8902  16:07:41 select(7, [3 4], [3], NULL, NULL) = 1 (out [3])
8902  16:07:41 clock_gettime(CLOCK_BOOTTIME, {6819, 987628972}) = 0
8902  16:07:41 write(3, "\246>\324\344)T\220B\354\223W5J\357\252\263[I\241\274\334I?|3y@c\367\266\366\t"..., 36) = 36
8902  16:07:41 clock_gettime(CLOCK_BOOTTIME, {6819, 988385385}) = 0
8902  16:07:41 clock_gettime(CLOCK_BOOTTIME, {6819, 988503109}) = 0
8902  16:07:41 select(7, [3 4], [], NULL, NULL) = 1 (in [3])
8902  16:07:41 clock_gettime(CLOCK_BOOTTIME, {6819, 998689132}) = 0
8902  16:07:41 read(3, "\352v$\241\257\343\241\246\204\"\341\247\v\375&URr{+\300\264\362[\364\2~\302\211\236V\356"..., 8192) = 36
8902  16:07:41 clock_gettime(CLOCK_BOOTTIME, {6819, 998842626}) = 0
8902  16:07:41 clock_gettime(CLOCK_BOOTTIME, {6819, 998893616}) = 0
8902  16:07:41 select(7, [3 4], [5], NULL, NULL) = 1 (out [5])
8902  16:07:41 clock_gettime(CLOCK_BOOTTIME, {6819, 999093016}) = 0
8902  16:07:41 write(5, "f", 1)         = 1
8902  16:07:41 clock_gettime(CLOCK_BOOTTIME, {6819, 999997921}) = 0
8902  16:07:41 clock_gettime(CLOCK_BOOTTIME, {6820, 60877}) = 0
8902  16:07:41 select(7, [3 4], [], NULL, NULL) = 1 (in [4])
8902  16:07:42 clock_gettime(CLOCK_BOOTTIME, {6820, 282237662}) = 0
8902  16:07:42 read(4, " ", 16384)      = 1
8902  16:07:42 clock_gettime(CLOCK_BOOTTIME, {6820, 282793235}) = 0
8902  16:07:42 clock_gettime(CLOCK_BOOTTIME, {6820, 282853765}) = 0
8902  16:07:42 select(7, [3 4], [3], NULL, NULL) = 1 (out [3])
8902  16:07:42 clock_gettime(CLOCK_BOOTTIME, {6820, 282991104}) = 0
8902  16:07:42 write(3, "G\323FU\263\10)`K\354\251F\tz\0339\244\241\206\352\215fy\304\216\261\230\177H3\v;"..., 36) = 36
8902  16:07:42 clock_gettime(CLOCK_BOOTTIME, {6820, 283674826}) = 0
8902  16:07:42 clock_gettime(CLOCK_BOOTTIME, {6820, 283736377}) = 0
8902  16:07:42 select(7, [3 4], [], NULL, NULL) = 1 (in [3])
8902  16:07:42 clock_gettime(CLOCK_BOOTTIME, {6820, 292104193}) = 0
8902  16:07:42 read(3, "\206\v)\0208\221\313\266\31\222\354s.Ps]v=\34\246\364\335A\363\231\271y\332Z\315R\371"..., 8192) = 36
8902  16:07:42 clock_gettime(CLOCK_BOOTTIME, {6820, 292485334}) = 0
8902  16:07:42 clock_gettime(CLOCK_BOOTTIME, {6820, 292539130}) = 0
8902  16:07:42 select(7, [3 4], [5], NULL, NULL) = 1 (out [5])
8902  16:07:42 clock_gettime(CLOCK_BOOTTIME, {6820, 292727449}) = 0
8902  16:07:42 write(5, " ", 1)         = 1
8902  16:07:42 clock_gettime(CLOCK_BOOTTIME, {6820, 293573244}) = 0
8902  16:07:42 clock_gettime(CLOCK_BOOTTIME, {6820, 293633459}) = 0
8902  16:07:42 select(7, [3 4], [], NULL, NULL) = 1 (in [4])
8902  16:07:42 clock_gettime(CLOCK_BOOTTIME, {6820, 534554057}) = 0
8902  16:07:42 read(4, "-", 16384)      = 1
8902  16:07:42 clock_gettime(CLOCK_BOOTTIME, {6820, 535064664}) = 0
8902  16:07:42 clock_gettime(CLOCK_BOOTTIME, {6820, 535126815}) = 0
8902  16:07:42 select(7, [3 4], [3], NULL, NULL) = 1 (out [3])
8902  16:07:42 clock_gettime(CLOCK_BOOTTIME, {6820, 535264380}) = 0
8902  16:07:42 write(3, "\31n\212\242O\322\"\336*\331\261\27\261ez\244\326\332\240\366F\332~\246\345\300\254\3~\245\207\f"..., 36) = 36
8902  16:07:42 clock_gettime(CLOCK_BOOTTIME, {6820, 535952458}) = 0
8902  16:07:42 clock_gettime(CLOCK_BOOTTIME, {6820, 536011342}) = 0
8902  16:07:42 select(7, [3 4], [], NULL, NULL) = 1 (in [3])
8902  16:07:42 clock_gettime(CLOCK_BOOTTIME, {6820, 544508047}) = 0
8902  16:07:42 read(3, ":^\264_g\224\215\352xM\330\242\241\323w\243\252\243\222\266\244\316\306b^\312\226\211DK\t\307"..., 8192) = 36
8902  16:07:42 clock_gettime(CLOCK_BOOTTIME, {6820, 544660580}) = 0
8902  16:07:42 clock_gettime(CLOCK_BOOTTIME, {6820, 544711620}) = 0
8902  16:07:42 select(7, [3 4], [5], NULL, NULL) = 1 (out [5])
8902  16:07:42 clock_gettime(CLOCK_BOOTTIME, {6820, 544907323}) = 0
8902  16:07:42 write(5, "-", 1)         = 1
8902  16:07:42 clock_gettime(CLOCK_BOOTTIME, {6820, 545761624}) = 0
8902  16:07:42 clock_gettime(CLOCK_BOOTTIME, {6820, 545882514}) = 0
8902  16:07:42 select(7, [3 4], [], NULL, NULL) = 1 (in [4])
8902  16:07:42 clock_gettime(CLOCK_BOOTTIME, {6820, 853391214}) = 0
8902  16:07:42 read(4, "h", 16384)      = 1
8902  16:07:42 clock_gettime(CLOCK_BOOTTIME, {6820, 853710324}) = 0
8902  16:07:42 clock_gettime(CLOCK_BOOTTIME, {6820, 853768748}) = 0
8902  16:07:42 select(7, [3 4], [3], NULL, NULL) = 1 (out [3])
8902  16:07:42 clock_gettime(CLOCK_BOOTTIME, {6820, 854058492}) = 0
8902  16:07:42 write(3, "V\360\32\37\374\200\35A@\301F\370\213\334S\271\32\311\354RrDf\346Owq\326\207\32\3\244"..., 36) = 36
8902  16:07:42 clock_gettime(CLOCK_BOOTTIME, {6820, 854892149}) = 0
8902  16:07:42 clock_gettime(CLOCK_BOOTTIME, {6820, 854951949}) = 0
8902  16:07:42 select(7, [3 4], [], NULL, NULL) = 1 (in [3])
8902  16:07:42 clock_gettime(CLOCK_BOOTTIME, {6820, 863049352}) = 0
8902  16:07:42 read(3, "w\244\177;:\270\244\36C\371\37\277\242\3\374W\224]^\221L>\331\247\330n\366+\7\324t\217"..., 8192) = 36
8902  16:07:42 clock_gettime(CLOCK_BOOTTIME, {6820, 863264697}) = 0
8902  16:07:42 clock_gettime(CLOCK_BOOTTIME, {6820, 863317917}) = 0
8902  16:07:42 select(7, [3 4], [5], NULL, NULL) = 1 (out [5])
8902  16:07:42 clock_gettime(CLOCK_BOOTTIME, {6820, 863447342}) = 0
8902  16:07:42 write(5, "h", 1)         = 1
8902  16:07:42 clock_gettime(CLOCK_BOOTTIME, {6820, 864463041}) = 0
8902  16:07:42 clock_gettime(CLOCK_BOOTTIME, {6820, 864524682}) = 0
8902  16:07:42 select(7, [3 4], [], NULL, NULL) = 1 (in [4])
8902  16:07:43 clock_gettime(CLOCK_BOOTTIME, {6821, 120618161}) = 0
8902  16:07:43 read(4, "\r", 16384)     = 1
8902  16:07:43 clock_gettime(CLOCK_BOOTTIME, {6821, 120685125}) = 0
8902  16:07:43 clock_gettime(CLOCK_BOOTTIME, {6821, 120699863}) = 0
8902  16:07:43 select(7, [3 4], [3], NULL, NULL) = 1 (out [3])
8902  16:07:43 clock_gettime(CLOCK_BOOTTIME, {6821, 120759525}) = 0
8902  16:07:43 write(3, "4\340jzj\233\316eU\354T\323\301\313\235\24\277U\235\237O\220:\0365\357gP\2108aU"..., 36) = 36
8902  16:07:43 clock_gettime(CLOCK_BOOTTIME, {6821, 121067201}) = 0
8902  16:07:43 clock_gettime(CLOCK_BOOTTIME, {6821, 121118670}) = 0
8902  16:07:43 select(7, [3 4], [], NULL, NULL) = 1 (in [3])
8902  16:07:43 clock_gettime(CLOCK_BOOTTIME, {6821, 129234723}) = 0
8902  16:07:43 read(3, "\31\367=c\270G\251\223\221\336\350)O\253do\251j\334'\324A\265\341\262A[\233\351h\217\20"..., 8192) = 36
8902  16:07:43 clock_gettime(CLOCK_BOOTTIME, {6821, 129274294}) = 0
8902  16:07:43 clock_gettime(CLOCK_BOOTTIME, {6821, 129287005}) = 0
8902  16:07:43 select(7, [3 4], [5], NULL, NULL) = 1 (out [5])
8902  16:07:43 clock_gettime(CLOCK_BOOTTIME, {6821, 129318437}) = 0
8902  16:07:43 write(5, "\r\n", 2)      = 2
8902  16:07:43 clock_gettime(CLOCK_BOOTTIME, {6821, 129576827}) = 0
8902  16:07:43 clock_gettime(CLOCK_BOOTTIME, {6821, 129591975}) = 0
8902  16:07:43 select(7, [3 4], [], NULL, NULL) = 1 (in [3])
8902  16:07:43 clock_gettime(CLOCK_BOOTTIME, {6821, 130812960}) = 0
8902  16:07:43 read(3, ">\373\335\370\362XL\226\230F\325\326\317m\36l\364\21M\277\312G\36NP\352\205E&8\274-"..., 8192) = 396
8902  16:07:43 clock_gettime(CLOCK_BOOTTIME, {6821, 130857622}) = 0
8902  16:07:43 clock_gettime(CLOCK_BOOTTIME, {6821, 130870755}) = 0
8902  16:07:43 select(7, [3 4], [5], NULL, NULL) = 1 (out [5])
8902  16:07:43 clock_gettime(CLOCK_BOOTTIME, {6821, 130902609}) = 0
8902  16:07:43 write(5, "Filesystem      Size  Used Avail"..., 359) = 359
8902  16:07:43 clock_gettime(CLOCK_BOOTTIME, {6821, 131214578}) = 0
8902  16:07:43 clock_gettime(CLOCK_BOOTTIME, {6821, 131230357}) = 0
8902  16:07:43 select(7, [3 4], [], NULL, NULL) = 1 (in [4])
8902  16:07:45 clock_gettime(CLOCK_BOOTTIME, {6823, 506273684}) = 0
8902  16:07:45 read(4, "e", 16384)      = 1
8902  16:07:45 clock_gettime(CLOCK_BOOTTIME, {6823, 506778171}) = 0
8902  16:07:45 clock_gettime(CLOCK_BOOTTIME, {6823, 506936033}) = 0
8902  16:07:45 select(7, [3 4], [3], NULL, NULL) = 1 (out [3])
8902  16:07:45 clock_gettime(CLOCK_BOOTTIME, {6823, 507251456}) = 0
8902  16:07:45 write(3, "\264s\273\341\364\273}\205\315}\335\266C\275O\366\350\227~P@\33,\342.\363H\261\24\257PX"..., 36) = 36
8902  16:07:45 clock_gettime(CLOCK_BOOTTIME, {6823, 508502642}) = 0
8902  16:07:45 clock_gettime(CLOCK_BOOTTIME, {6823, 508572102}) = 0
8902  16:07:45 select(7, [3 4], [], NULL, NULL) = 1 (in [3])
8902  16:07:45 clock_gettime(CLOCK_BOOTTIME, {6823, 516781655}) = 0
8902  16:07:45 read(3, "\345P\37\257k\273\3620\231\276\206R\222]\\\373\312\36`\246\262{\4\253a8\332\361\30\16e\252"..., 8192) = 36
8902  16:07:45 clock_gettime(CLOCK_BOOTTIME, {6823, 517026537}) = 0
8902  16:07:45 clock_gettime(CLOCK_BOOTTIME, {6823, 517079182}) = 0
8902  16:07:45 select(7, [3 4], [5], NULL, NULL) = 1 (out [5])
8902  16:07:45 clock_gettime(CLOCK_BOOTTIME, {6823, 517208967}) = 0
8902  16:07:45 write(5, "e", 1)         = 1
8902  16:07:45 clock_gettime(CLOCK_BOOTTIME, {6823, 518115383}) = 0
8902  16:07:45 clock_gettime(CLOCK_BOOTTIME, {6823, 518176143}) = 0
8902  16:07:45 select(7, [3 4], [], NULL, NULL) = 1 (in [4])
8902  16:07:45 clock_gettime(CLOCK_BOOTTIME, {6823, 725504786}) = 0
8902  16:07:45 read(4, "x", 16384)      = 1
8902  16:07:45 clock_gettime(CLOCK_BOOTTIME, {6823, 726175790}) = 0
8902  16:07:45 clock_gettime(CLOCK_BOOTTIME, {6823, 726280451}) = 0
8902  16:07:45 select(7, [3 4], [3], NULL, NULL) = 1 (out [3])
8902  16:07:45 clock_gettime(CLOCK_BOOTTIME, {6823, 726661675}) = 0
8902  16:07:45 write(3, "X\276\224r\"^t\373\307\360\363^Pa\31;\v\256\360Z+\2172[]\24i1\4t\256\320"..., 36) = 36
8902  16:07:45 clock_gettime(CLOCK_BOOTTIME, {6823, 727626899}) = 0
8902  16:07:45 clock_gettime(CLOCK_BOOTTIME, {6823, 727746508}) = 0
8902  16:07:45 select(7, [3 4], [], NULL, NULL) = 1 (in [3])
8902  16:07:45 clock_gettime(CLOCK_BOOTTIME, {6823, 736571979}) = 0
8902  16:07:45 read(3, "\375d\224\262\255\26\2\252\205\210pP\324\230\353\302\33ph2\202VC\n\355\206\v\365\251\357\340\303"..., 8192) = 36
8902  16:07:45 clock_gettime(CLOCK_BOOTTIME, {6823, 736735099}) = 0
8902  16:07:45 clock_gettime(CLOCK_BOOTTIME, {6823, 736786153}) = 0
8902  16:07:45 select(7, [3 4], [5], NULL, NULL) = 1 (out [5])
8902  16:07:45 clock_gettime(CLOCK_BOOTTIME, {6823, 736915763}) = 0
8902  16:07:45 write(5, "x", 1)         = 1
8902  16:07:45 clock_gettime(CLOCK_BOOTTIME, {6823, 737855023}) = 0
8902  16:07:45 clock_gettime(CLOCK_BOOTTIME, {6823, 737916183}) = 0
8902  16:07:45 select(7, [3 4], [], NULL, NULL) = 1 (in [4])
8902  16:07:45 clock_gettime(CLOCK_BOOTTIME, {6823, 838938087}) = 0
8902  16:07:45 read(4, "i", 16384)      = 1
8902  16:07:45 clock_gettime(CLOCK_BOOTTIME, {6823, 839915520}) = 0
8902  16:07:45 clock_gettime(CLOCK_BOOTTIME, {6823, 840054971}) = 0
8902  16:07:45 select(7, [3 4], [3], NULL, NULL) = 1 (out [3])
8902  16:07:45 clock_gettime(CLOCK_BOOTTIME, {6823, 840447388}) = 0
8902  16:07:45 write(3, "\332\212\16\t\243#q\\\276$i\363'=\216*\271\253\33\334\303- \262\315\323\257\347\247-\307/"..., 36) = 36
8902  16:07:45 clock_gettime(CLOCK_BOOTTIME, {6823, 841374386}) = 0
8902  16:07:45 clock_gettime(CLOCK_BOOTTIME, {6823, 841574797}) = 0
8902  16:07:45 select(7, [3 4], [], NULL, NULL) = 1 (in [3])
8902  16:07:45 clock_gettime(CLOCK_BOOTTIME, {6823, 849278201}) = 0
8902  16:07:45 read(3, "_\206;\243\346\202K\344\227\321\213\350\271Zt\356\352O%\r\310\242 \273\226\321(\337\35\322:\210"..., 8192) = 36
8902  16:07:45 clock_gettime(CLOCK_BOOTTIME, {6823, 849486111}) = 0
8902  16:07:45 clock_gettime(CLOCK_BOOTTIME, {6823, 849537586}) = 0
8902  16:07:45 select(7, [3 4], [5], NULL, NULL) = 1 (out [5])
8902  16:07:45 clock_gettime(CLOCK_BOOTTIME, {6823, 851727032}) = 0
8902  16:07:45 write(5, "i", 1)         = 1
8902  16:07:45 clock_gettime(CLOCK_BOOTTIME, {6823, 854060132}) = 0
8902  16:07:45 clock_gettime(CLOCK_BOOTTIME, {6823, 854940423}) = 0
8902  16:07:45 select(7, [3 4], [], NULL, NULL) = 1 (in [4])
8902  16:07:45 clock_gettime(CLOCK_BOOTTIME, {6823, 926534282}) = 0
8902  16:07:45 read(4, "t", 16384)      = 1
8902  16:07:45 clock_gettime(CLOCK_BOOTTIME, {6823, 927171491}) = 0
8902  16:07:45 clock_gettime(CLOCK_BOOTTIME, {6823, 927432187}) = 0
8902  16:07:45 select(7, [3 4], [3], NULL, NULL) = 1 (out [3])
8902  16:07:45 clock_gettime(CLOCK_BOOTTIME, {6823, 927896236}) = 0
8902  16:07:45 write(3, "k\234\256D\223* \327\3159\21|\266\37\340\255\241 t\226B1\367\225\235\26\26\331\235\373\v\27"..., 36) = 36
8902  16:07:45 clock_gettime(CLOCK_BOOTTIME, {6823, 929262012}) = 0
8902  16:07:45 clock_gettime(CLOCK_BOOTTIME, {6823, 929336495}) = 0
8902  16:07:45 select(7, [3 4], [], NULL, NULL) = 1 (in [3])
8902  16:07:45 clock_gettime(CLOCK_BOOTTIME, {6823, 937376875}) = 0
8902  16:07:45 read(3, "\32\312\266\\\354F\254\23eV\252~\36\3203\264\237\366\337\367\330\255!\213Y\36Q\371\10&dC"..., 8192) = 36
8902  16:07:45 clock_gettime(CLOCK_BOOTTIME, {6823, 937528013}) = 0
8902  16:07:45 clock_gettime(CLOCK_BOOTTIME, {6823, 937578482}) = 0
8902  16:07:45 select(7, [3 4], [5], NULL, NULL) = 1 (out [5])
8902  16:07:45 clock_gettime(CLOCK_BOOTTIME, {6823, 937769063}) = 0
8902  16:07:45 write(5, "t", 1)         = 1
8902  16:07:45 clock_gettime(CLOCK_BOOTTIME, {6823, 938589923}) = 0
8902  16:07:45 clock_gettime(CLOCK_BOOTTIME, {6823, 938704255}) = 0
8902  16:07:45 select(7, [3 4], [], NULL, NULL) = 1 (in [4])
8902  16:07:46 clock_gettime(CLOCK_BOOTTIME, {6824, 104691012}) = 0
8902  16:07:46 read(4, "\r", 16384)     = 1
8902  16:07:46 clock_gettime(CLOCK_BOOTTIME, {6824, 104842615}) = 0
8902  16:07:46 clock_gettime(CLOCK_BOOTTIME, {6824, 104899155}) = 0
8902  16:07:46 select(7, [3 4], [3], NULL, NULL) = 1 (out [3])
8902  16:07:46 clock_gettime(CLOCK_BOOTTIME, {6824, 105009022}) = 0
8902  16:07:46 write(3, "\250\216f<\34\27\275\27\2676\264j\254\347\352\213\370\316\263\336rPs\"\203\306\n\37p\255a+"..., 36) = 36
8902  16:07:46 clock_gettime(CLOCK_BOOTTIME, {6824, 105340992}) = 0
8902  16:07:46 clock_gettime(CLOCK_BOOTTIME, {6824, 105357039}) = 0
8902  16:07:46 select(7, [3 4], [], NULL, NULL) = 1 (in [3])
8902  16:07:46 clock_gettime(CLOCK_BOOTTIME, {6824, 113954833}) = 0
8902  16:07:46 read(3, "\343\304\320\230?l\260s\333t)\351\335\22!{\254T}\275\314\355T'\375\227\376\1779P\r\225"..., 8192) = 220
8902  16:07:46 close(4)                 = 0
8902  16:07:46 clock_gettime(CLOCK_BOOTTIME, {6824, 114034200}) = 0
8902  16:07:46 clock_gettime(CLOCK_BOOTTIME, {6824, 114048527}) = 0
8902  16:07:46 select(7, [3], [5], NULL, NULL) = 1 (out [5])
8902  16:07:46 clock_gettime(CLOCK_BOOTTIME, {6824, 114080267}) = 0
8902  16:07:46 write(5, "\r\nlogout\r\n", 10) = 10
8902  16:07:46 clock_gettime(CLOCK_BOOTTIME, {6824, 114318589}) = 0
8902  16:07:46 clock_gettime(CLOCK_BOOTTIME, {6824, 114333918}) = 0
8902  16:07:46 close(5)                 = 0
8902  16:07:46 ioctl(0, TCGETS, {B38400 -opost -isig -icanon -echo ...}) = 0
8902  16:07:46 ioctl(0, SNDCTL_TMR_STOP or TCSETSW, {B38400 opost isig icanon echo ...}) = 0
8902  16:07:46 ioctl(0, TCGETS, {B38400 opost isig icanon echo ...}) = 0
8902  16:07:46 close(6)                 = 0
8902  16:07:46 select(7, [3], [3], NULL, NULL) = 1 (out [3])
8902  16:07:46 clock_gettime(CLOCK_BOOTTIME, {6824, 114447195}) = 0
8902  16:07:46 write(3, "\331\272\336\230`\23h\335\340\330\2763{p\322\267\275\206\243?\177\34x\312R9d\350\313\211P\4"..., 36) = 36
8902  16:07:46 rt_sigaction(SIGWINCH, NULL, {0x561e5d2d8220, [], SA_RESTORER, 0x7f2e1db0e4b0}, 8) = 0
8902  16:07:46 rt_sigaction(SIGWINCH, {SIG_DFL, [], SA_RESTORER, 0x7f2e1db0e4b0}, NULL, 8) = 0
8902  16:07:46 write(3, "@)\367\253\204\271\377B,\204^\226\227y\315\213B\307\316\201\360y\211|]I\222\265\223\363\275\340"..., 60) = 60
8902  16:07:46 ioctl(0, TCGETS, {B38400 opost isig icanon echo ...}) = 0
8902  16:07:46 ioctl(1, TCGETS, {B38400 opost isig icanon echo ...}) = 0
8902  16:07:46 ioctl(2, TCGETS, {B38400 opost isig icanon echo ...}) = 0
8902  16:07:46 write(2, "Connection to 119.29.40.162 clos"..., 37) = 37
8902  16:07:46 close(3)                 = 0
8902  16:07:46 exit_group(0)            = ?
8902  16:07:46 +++ exited with 0 +++
